2  -17897.41015625  
4  -19006.29296875  
2  -17413.62890625  
4  -18491.4453125  
2  -17221.71484375  
4  -18296.638671875  
2  -17682.705078125  
4  -18793.07421875  
2  -17887.640625  
4  -19007.470703125  
2  -16991.166015625  
4  -18068.3828125  
2  -17601.421875  
4  -18680.83203125  
2  -17115.361328125  
4  -18181.654296875  
2  -17850.986328125  
4  -18980.126953125  
2  -17355.326171875  
4  -18426.30859375  
2  -17439.9609375  
4  -18532.759765625  
2  -17726.72265625  
4  -18786.70703125  
2  -17557.8125  
4  -18643.232421875  
2  -16995.09765625  
4  -18057.48828125  
2  -17017.12109375  
4  -18065.7578125  
2  -17275.25390625  
4  -18352.767578125  
2  -16476.4375  
4  -17482.08203125  
2  -17293.37890625  
4  -18360.193359375  
2  -17027.12109375  
4  -18057.78125  
2  -17237.171875  
4  -18306.98828125  
2  -16974.447265625  
4  -18029.95703125  
2  -17376.96875  
4  -18449.23046875  
2  -17249.4453125  
4  -18320.51953125  
2  -16960.578125  
4  -18019.55078125  
2  -17144.0234375  
4  -18217.654296875  
2  -17261.4140625  
4  -18302.99609375  
2  -17257.880859375  
4  -18330.00390625  
2  -17025.4453125  
4  -18054.92578125  
2  -17467.74609375  
4  -18524.35546875  
2  -16938.9921875  
4  -18018.6875  
2  -17006.103515625  
4  -18047.0703125  
2  -16878.396484375  
4  -17894.751953125  
2  -17126.37890625  
4  -18164.19921875  
2  -17668.046875  
4  -18764.615234375  
2  -16943.994140625  
4  -17991.75390625  
2  -17233.787109375  
4  -18269.962890625  
2  -17281.234375  
4  -18357.921875  
2  -17044.31640625  
4  -18086.65625  
2  -17330.423828125  
4  -18396.51171875  
2  -17538.85546875  
4  -18620.21484375  
2  -16851.33203125  
4  -17878.064453125  
2  -17956.263671875  
4  -19070.39453125  
2  -16936.359375  
4  -17997.07421875  
2  -17092.263671875  
4  -18166.77734375  
2  -16454.890625  
4  -17452.05859375  
2  -17651.314453125  
4  -18761.80859375  
2  -16585.365234375  
4  -17629.93359375  
2  -16873.2890625  
4  -17905.9140625  
2  -17297.41015625  
4  -18360.0  
2  -17026.98046875  
4  -18081.099609375  
2  -16977.27734375  
4  -18011.794921875  
2  -16955.0390625  
4  -17994.08984375  
2  -16828.890625  
4  -17873.568359375  
2  -17507.841796875  
4  -18593.0078125  
2  -17308.345703125  
4  -18370.34375  
2  -16801.1953125  
4  -17840.90234375  
2  -17386.60546875  
4  -18462.671875  
2  -17435.07421875  
4  -18508.48046875  
2  -17056.03515625  
4  -18101.447265625  
2  -16887.322265625  
4  -17937.45703125  
2  -16979.2109375  
4  -18040.734375  
2  -16699.63671875  
4  -17725.73828125  
2  -17016.19921875  
4  -18061.119140625  
2  -16979.46875  
4  -18035.080078125  
2  -16912.59375  
4  -17964.62109375  
2  -17061.56640625  
4  -18125.40234375  
2  -16703.72265625  
4  -17731.244140625  
2  -17257.2265625  
4  -18333.841796875  
2  -16596.71875  
4  -17613.708984375  
2  -17023.66015625  
4  -18078.935546875  
2  -17419.4609375  
4  -18511.0078125  
2  -17102.359375  
4  -18150.4921875  
2  -17451.22265625  
4  -18542.17578125  
2  -17184.4296875  
4  -18235.58203125  
2  -16799.822265625  
4  -17818.5546875  
2  -16792.986328125  
4  -17828.2109375  
2  -16999.56640625  
4  -18061.333984375  
2  -17007.2265625  
4  -18067.08984375  
2  -17369.732421875  
4  -18438.720703125  
2  -17582.26171875  
4  -18662.7890625  
2  -17151.03125  
4  -18214.28125  
2  -17113.5  
4  -18188.1953125  
2  -17354.15625  
4  -18430.640625  
2  -17568.29296875  
4  -18656.50390625  
2  -16908.689453125  
4  -17960.8671875  
2  -17344.65625  
4  -18421.634765625  
2  -17238.5078125  
4  -18311.9453125  
2  -17228.38671875  
4  -18289.439453125  
2  -16990.87109375  
4  -18043.84375  
2  -17273.40625  
4  -18342.201171875  
2  -17556.33984375  
4  -18650.365234375  
2  -17626.2578125  
4  -18717.40625  
2  -17360.859375  
4  -18444.0078125  
2  -17743.73828125  
4  -18851.43359375  
2  -17116.431640625  
4  -18167.671875  
2  -17498.037109375  
4  -18593.16796875  
2  -18086.333984375  
4  -19237.35546875  
2  -17509.546875  
4  -18579.5546875  
2  -17097.466796875  
4  -18158.20703125  
2  -17614.91015625  
4  -18715.966796875  
2  -16960.53515625  
4  -17999.830078125  
2  -17580.91015625  
4  -18676.34375  
2  -17407.958984375  
4  -18476.265625  
2  -17159.447265625  
4  -18226.08203125  
2  -17508.03125  
4  -18595.8359375  
2  -17622.498046875  
4  -18718.52734375  
2  -17559.984375  
4  -18641.2578125  
2  -16844.037109375  
4  -17877.001953125  
2  -17440.431640625  
4  -18514.890625  
2  -17381.2265625  
4  -18463.0859375  
2  -17461.248046875  
4  -18539.486328125  
2  -17219.52734375  
4  -18273.42578125  
2  -17655.134765625  
4  -18758.88671875  
2  -16980.28125  
4  -18057.16015625  
2  -17294.580078125  
4  -18379.6484375  
2  -17109.88671875  
4  -18177.564453125  
2  -17531.53125  
4  -18636.79296875  
2  -17543.546875  
4  -18652.17578125  
2  -17350.11328125  
4  -18416.85546875  
2  -17090.38671875  
4  -18157.87109375  
2  -17339.53515625  
4  -18405.5390625  
2  -17688.48046875  
4  -18781.16796875  
2  -17397.646484375  
4  -18487.5859375  
2  -17165.484375  
4  -18219.21484375  
2  -17076.998046875  
4  -18144.53515625  
2  -16828.38671875  
4  -17894.107421875  
2  -17152.921875  
4  -18212.23828125  
2  -17292.2421875  
4  -18353.21484375  
2  -17781.341796875  
4  -18897.578125  
2  -17962.0  
4  -19070.1015625  
2  -17015.09765625  
4  -18063.65625  
2  -17567.609375  
4  -18658.8125  
2  -17380.3125  
4  -18459.375  
2  -17218.4453125  
4  -18303.46875  
2  -17222.068359375  
4  -18297.984375  
2  -17157.1328125  
4  -18221.90234375  
2  -17827.412109375  
4  -18941.45703125  
2  -17041.59765625  
4  -18106.01171875  
2  -17575.271484375  
4  -18668.79296875  
2  -17780.28515625  
4  -18871.2734375  
2  -16905.26171875  
4  -17958.5078125  
2  -17547.98046875  
4  -18652.6171875  
2  -16896.30078125  
4  -17964.546875  
2  -17315.07421875  
4  -18395.2265625  
2  -16851.078125  
4  -17888.3984375  
2  -17187.015625  
4  -18244.130859375  
2  -16971.56640625  
4  -18038.4609375  
2  -17642.6796875  
4  -18763.09375  
2  -17410.734375  
4  -18490.564453125  
2  -17447.310546875  
4  -18536.58203125  
2  -17585.720703125  
4  -18683.5703125  
2  -17355.083984375  
4  -18435.7890625  
2  -17152.9375  
4  -18228.44140625  
2  -17342.494140625  
4  -18420.947265625  
2  -17578.603515625  
4  -18667.66796875  
2  -16784.9453125  
4  -17829.2109375  
2  -17808.4765625  
4  -18912.240234375  
2  -17503.80859375  
4  -18605.1328125  
2  -17451.70703125  
4  -18519.09765625  
2  -17126.57421875  
4  -18184.2890625  
2  -17407.3984375  
4  -18484.41796875  
2  -17436.0078125  
4  -18506.734375  
2  -17816.837890625  
4  -18920.82421875  
2  -17419.7421875  
4  -18494.93359375  
2  -17444.78515625  
4  -18530.720703125  
2  -17259.787109375  
4  -18333.76171875  
2  -17446.201171875  
4  -18513.07421875  
2  -16836.36328125  
4  -17881.06640625  
2  -17296.515625  
4  -18390.408203125  
2  -17215.26171875  
4  -18282.783203125  
2  -17578.921875  
4  -18657.15625  
2  -17247.818359375  
4  -18321.806640625  
2  -17271.88671875  
4  -18357.435546875  
2  -17742.990234375  
4  -18856.0546875  
2  -17325.19140625  
4  -18412.494140625  
2  -17008.8359375  
4  -18074.18359375  
2  -17097.60546875  
4  -18164.3203125  
2  -17441.90625  
4  -18537.634765625  
2  -17697.93359375  
4  -18795.990234375  
2  -17073.21875  
4  -18144.03125  
2  -17278.9296875  
4  -18347.60546875  
2  -17593.6015625  
4  -18703.12890625  
2  -17277.689453125  
4  -18359.23046875  
2  -16711.517578125  
4  -17750.5234375  
2  -17570.90234375  
4  -18664.0390625  
2  -17912.5703125  
4  -19013.18359375  
2  -17558.7421875  
4  -18639.69921875  
2  -17391.1953125  
4  -18476.369140625  
2  -17397.12109375  
4  -18477.955078125  
2  -17659.560546875  
4  -18762.71875  
2  -17089.337890625  
4  -18153.724609375  
2  -16806.2890625  
4  -17850.060546875  
2  -17576.4765625  
4  -18671.142578125  
2  -17607.505859375  
4  -18702.03125  
2  -17136.92578125  
4  -18210.16796875  
2  -17319.30078125  
4  -18404.07421875  
2  -17620.3828125  
4  -18711.41796875  
2  -17457.25  
4  -18545.59765625  
2  -16835.03125  
4  -17887.16796875  
2  -17215.4609375  
4  -18287.875  
2  -17277.078125  
4  -18324.91015625  
2  -17079.29296875  
4  -18150.29296875  
2  -17281.6328125  
4  -18347.7109375  
2  -17084.16015625  
4  -18144.8203125  
2  -17253.2734375  
4  -18319.1796875  
2  -17539.232421875  
4  -18632.4453125  
2  -17523.462890625  
4  -18596.859375  
2  -17260.607421875  
4  -18333.67578125  
2  -16820.638671875  
4  -17868.73828125  
2  -16759.09765625  
4  -17819.880859375  
2  -17299.9609375  
4  -18386.31640625  
2  -17212.23828125  
4  -18298.697265625  
2  -17543.7421875  
4  -18630.03125  
2  -16881.484375  
4  -17930.0  
2  -16952.84375  
4  -18003.818359375  
2  -17423.77734375  
4  -18518.984375  
2  -17106.84765625  
4  -18187.572265625  
2  -17213.50390625  
4  -18283.2734375  
2  -17092.025390625  
4  -18143.75  
2  -17087.96875  
4  -18139.662109375  
2  -17288.037109375  
4  -18350.927734375  
2  -16711.794921875  
4  -17729.328125  
2  -17542.1015625  
4  -18632.458984375  
2  -17552.955078125  
4  -18649.59765625  
2  -17302.42578125  
4  -18375.47265625  
2  -17793.23828125  
4  -18922.4140625  
2  -17411.376953125  
4  -18496.044921875  
2  -17500.6484375  
4  -18580.53515625  
2  -17304.68359375  
4  -18372.52734375  
2  -17469.345703125  
4  -18570.33984375  
2  -17140.6640625  
4  -18224.85546875  
2  -17266.447265625  
4  -18354.8359375  
2  -17537.1875  
4  -18621.5  
2  -17494.3359375  
4  -18582.046875  
2  -17275.904296875  
4  -18348.34765625  
2  -17061.50390625  
4  -18130.46875  
2  -17253.73828125  
4  -18333.51171875  
2  -17465.423828125  
4  -18557.21875  
2  -17409.54296875  
4  -18489.787109375  
2  -17734.708984375  
4  -18830.798828125  
2  -17500.60546875  
4  -18571.45703125  
2  -17378.107421875  
4  -18459.779296875  
2  -17411.623046875  
4  -18500.466796875  
2  -16993.787109375  
4  -18039.001953125  
2  -17272.6015625  
4  -18360.666015625  
2  -16873.552734375  
4  -17930.5625  
2  -17574.359375  
4  -18671.05078125  
2  -17120.388671875  
4  -18178.375  
2  -17237.60546875  
4  -18313.376953125  
2  -17381.046875  
4  -18460.796875  
2  -17414.376953125  
4  -18498.130859375  
2  -17208.33984375  
4  -18291.1640625  
2  -17210.271484375  
4  -18276.70703125  
2  -17256.14453125  
4  -18334.7265625  
2  -17360.96875  
4  -18438.26171875  
2  -17210.03515625  
4  -18283.79296875  
2  -16596.484375  
4  -17615.435546875  
2  -17504.5234375  
4  -18596.34765625  
2  -17295.78515625  
4  -18358.685546875  
2  -17472.0859375  
4  -18561.96875  
2  -17101.318359375  
4  -18163.376953125  
2  -16814.826171875  
4  -17871.998046875  
2  -17095.517578125  
4  -18162.888671875  
2  -17254.20703125  
4  -18343.896484375  
2  -17377.81640625  
4  -18453.61328125  
2  -17544.076171875  
4  -18634.05859375  
2  -17388.14453125  
4  -18462.16796875  
2  -17247.640625  
4  -18300.380859375  
2  -17414.626953125  
4  -18504.2734375  
2  -16836.81640625  
4  -17883.42578125  
2  -16942.435546875  
4  -17994.78515625  
2  -17783.984375  
4  -18896.7109375  
2  -17214.595703125  
4  -18292.798828125  
2  -17530.865234375  
4  -18617.400390625  
2  -17298.484375  
4  -18372.87890625  
2  -17141.09375  
4  -18209.05859375  
2  -17290.8203125  
4  -18378.458984375  
2  -17307.421875  
4  -18373.2265625  
2  -16761.73828125  
4  -17797.87109375  
2  -17562.287109375  
4  -18659.296875  
2  -17002.58984375  
4  -18045.90234375  
2  -17519.744140625  
4  -18619.8125  
2  -17263.75390625  
4  -18321.81640625  
2  -18074.90234375  
4  -19210.517578125  
2  -17465.2578125  
4  -18544.14453125  
2  -17122.265625  
4  -18186.416015625  
2  -16871.015625  
4  -17914.216796875  
2  -17051.265625  
4  -18109.6015625  
2  -17035.568359375  
4  -18089.453125  
2  -16712.109375  
4  -17751.8046875  
2  -17189.779296875  
4  -18256.25  
2  -17460.89453125  
4  -18544.4765625  
2  -16721.59765625  
4  -17742.994140625  
2  -17628.181640625  
4  -18724.30078125  
2  -17369.080078125  
4  -18450.67578125  
2  -17180.626953125  
4  -18240.3828125  
2  -17360.45703125  
4  -18427.9453125  
2  -17525.3203125  
4  -18619.453125  
2  -16886.828125  
4  -17928.43359375  
2  -17519.8203125  
4  -18609.052734375  
2  -17518.5546875  
4  -18613.49609375  
2  -17170.79296875  
4  -18231.55078125  
2  -17563.013671875  
4  -18656.724609375  
2  -17550.0390625  
4  -18648.537109375  
2  -17259.6171875  
4  -18328.83984375  
2  -16765.603515625  
4  -17830.8984375  
2  -17651.7890625  
4  -18766.453125  
2  -17887.310546875  
4  -18986.84765625  
2  -16819.83984375  
4  -17887.16015625  
2  -17231.484375  
4  -18292.04296875  
2  -17091.841796875  
4  -18158.13671875  
2  -17281.66796875  
4  -18365.298828125  
2  -17440.564453125  
4  -18514.19140625  
2  -17048.53125  
4  -18096.0390625  
2  -17557.11328125  
4  -18648.94921875  
2  -17286.2578125  
4  -18355.232421875  
2  -17318.8828125  
4  -18395.767578125  
2  -17250.49609375  
4  -18325.052734375  
2  -17144.59375  
4  -18209.48828125  
2  -17514.8125  
4  -18608.62109375  
2  -17392.072265625  
4  -18480.8515625  
2  -17359.74609375  
4  -18450.974609375  
2  -17513.84765625  
4  -18599.439453125  
2  -17419.0234375  
4  -18510.1796875  
2  -17624.47265625  
4  -18727.197265625  
2  -17251.08203125  
4  -18324.0390625  
2  -17531.62109375  
4  -18624.16015625  
2  -17046.865234375  
4  -18103.34765625  
2  -17159.91015625  
4  -18253.203125  
2  -16799.59765625  
4  -17855.11328125  
2  -17354.5546875  
4  -18431.671875  
2  -16726.01953125  
4  -17770.771484375  
2  -17563.091796875  
4  -18641.9921875  
2  -17274.62890625  
4  -18349.451171875  
2  -17290.52734375  
4  -18382.095703125  
2  -17335.98828125  
4  -18403.625  
2  -17526.73046875  
4  -18614.640625  
2  -16994.748046875  
4  -18057.146484375  
2  -17494.3515625  
4  -18592.24609375  
2  -17224.765625  
4  -18302.037109375  
2  -17928.951171875  
4  -19055.193359375  
2  -17134.36328125  
4  -18186.63671875  
2  -16987.4921875  
4  -18044.7421875  
2  -17711.9375  
4  -18811.296875  
2  -16968.140625  
4  -18034.177734375  
2  -17159.884765625  
4  -18232.404296875  
2  -17167.25  
4  -18231.65625  
2  -17010.94921875  
4  -18065.328125  
2  -17160.603515625  
4  -18237.69140625  
2  -16895.904296875  
4  -17953.87109375  
2  -17305.33203125  
4  -18389.037109375  
2  -17582.78125  
4  -18675.09375  
2  -17545.36328125  
4  -18642.119140625  
2  -16889.25  
4  -17924.33984375  
2  -17052.66796875  
4  -18134.17578125  
2  -17092.28515625  
4  -18134.86328125  
2  -17212.8125  
4  -18281.4453125  
2  -17316.0546875  
4  -18391.109375  
2  -16675.4921875  
4  -17709.65234375  
2  -17227.884765625  
4  -18319.015625  
2  -17491.6015625  
4  -18584.05078125  
2  -17308.171875  
4  -18399.90625  
2  -17529.447265625  
4  -18636.05859375  
2  -17116.46484375  
4  -18165.298828125  
2  -17525.828125  
4  -18618.046875  
2  -17287.22265625  
4  -18350.046875  
2  -16667.578125  
4  -17692.6875  
2  -17760.4609375  
4  -18865.83203125  
2  -17069.94921875  
4  -18122.75  
2  -17272.763671875  
4  -18337.8203125  
2  -17130.4609375  
4  -18182.28515625  
2  -17205.515625  
4  -18282.890625  
2  -17526.69140625  
4  -18595.55078125  
2  -17436.90625  
4  -18509.296875  
2  -17133.30859375  
4  -18177.09765625  
2  -17399.341796875  
4  -18476.45703125  
2  -16869.3125  
4  -17922.9765625  
2  -17041.65234375  
4  -18109.44140625  
2  -17097.634765625  
4  -18148.00390625  
2  -16871.916015625  
4  -17898.373046875  
2  -17207.8828125  
4  -18266.83984375  
2  -17604.69921875  
4  -18689.017578125  
2  -17260.52734375  
4  -18341.91015625  
2  -16950.103515625  
4  -18010.849609375  
2  -17239.986328125  
4  -18318.61328125  
2  -17140.9765625  
4  -18185.345703125  
2  -16836.234375  
4  -17878.88671875  
2  -17163.255859375  
4  -18239.2265625  
2  -17404.7109375  
4  -18478.75  
2  -17280.74609375  
4  -18383.65234375  
2  -16856.953125  
4  -17898.20703125  
2  -17758.109375  
4  -18869.40234375  
2  -17531.0390625  
4  -18607.671875  
2  -17201.0546875  
4  -18272.19921875  
2  -17021.11328125  
4  -18065.390625  
2  -17086.3125  
4  -18149.271484375  
2  -17302.40625  
4  -18366.876953125  
2  -17339.47265625  
4  -18399.68359375  
2  -17013.65625  
4  -18066.6953125  
2  -17545.48046875  
4  -18631.681640625  
2  -16707.4453125  
4  -17735.943359375  
2  -16950.02734375  
4  -18001.38671875  
2  -16570.66796875  
4  -17583.42578125  
2  -17460.33984375  
4  -18538.15234375  
2  -17291.080078125  
4  -18359.970703125  
2  -16974.375  
4  -18022.16015625  
2  -17228.02734375  
4  -18280.357421875  
2  -16968.70703125  
4  -18009.80859375  
2  -17170.51953125  
4  -18234.79296875  
2  -17128.38671875  
4  -18196.2265625  
2  -17101.6171875  
4  -18146.345703125  
2  -17287.765625  
4  -18383.09765625  
2  -17089.0546875  
4  -18159.09765625  
2  -16710.099609375  
4  -17738.384765625  
2  -17706.28125  
4  -18808.615234375  
2  -17547.26953125  
4  -18630.158203125  
2  -16717.8203125  
4  -17740.515625  
2  -17066.73046875  
4  -18098.59765625  
2  -17645.03515625  
4  -18732.919921875  
2  -17047.236328125  
4  -18095.421875  
2  -17049.8671875  
4  -18099.396484375  
2  -17558.96484375  
4  -18657.7734375  
2  -17222.048828125  
4  -18295.044921875  
2  -17593.83203125  
4  -18694.2890625  
2  -17069.8671875  
4  -18138.767578125  
2  -17084.55859375  
4  -18152.84765625  
2  -17308.796875  
4  -18383.234375  
2  -16689.740234375  
4  -17735.8203125  
2  -16662.57421875  
4  -17700.91015625  
2  -17318.701171875  
4  -18389.9375  
2  -17365.998046875  
4  -18451.328125  
2  -17360.88671875  
4  -18450.81640625  
2  -17461.05078125  
4  -18564.890625  
2  -17153.2265625  
4  -18236.65625  
2  -17359.765625  
4  -18447.671875  
2  -17363.01171875  
4  -18439.0390625  
2  -17231.47265625  
4  -18290.5546875  
2  -17538.78515625  
4  -18639.54296875  
2  -17410.28125  
4  -18502.0625  
2  -17461.984375  
4  -18549.837890625  
2  -17550.73046875  
4  -18663.4296875  
2  -16809.35546875  
4  -17866.953125  
2  -17421.6796875  
4  -18531.490234375  
2  -17029.943359375  
4  -18063.748046875  
2  -17286.119140625  
4  -18345.0859375  
2  -17172.556640625  
4  -18243.427734375  
2  -17140.40625  
4  -18195.4296875  
2  -17322.033203125  
4  -18406.634765625  
2  -17106.86328125  
4  -18178.69921875  
2  -17333.2109375  
4  -18405.78515625  
2  -17477.85546875  
4  -18566.12890625  
2  -17415.15234375  
4  -18504.66796875  
2  -17633.4765625  
4  -18748.95703125  
2  -17236.20703125  
4  -18309.453125  
2  -17316.859375  
4  -18400.296875  
2  -17534.37109375  
4  -18614.783203125  
2  -17198.51953125  
4  -18257.3671875  
2  -17375.8046875  
4  -18461.296875  
2  -17082.5078125  
4  -18144.16796875  
2  -17244.970703125  
4  -18324.822265625  
2  -17027.7578125  
4  -18094.447265625  
2  -17625.515625  
4  -18742.833984375  
2  -17369.765625  
4  -18463.869140625  
2  -17433.39453125  
4  -18503.12890625  
2  -16853.4453125  
4  -17902.130859375  
2  -17006.94921875  
4  -18068.978515625  
2  -17405.78515625  
4  -18492.4296875  
2  -17266.09375  
4  -18333.421875  
2  -17605.359375  
4  -18717.048828125  
2  -17274.021484375  
4  -18352.349609375  
2  -17013.3828125  
4  -18067.88671875  
2  -16953.578125  
4  -17997.328125  
2  -17474.537109375  
4  -18572.6484375  
2  -17050.8125  
4  -18109.05078125  
2  -17200.56640625  
4  -18274.421875  
2  -16905.240234375  
4  -17957.123046875  
2  -17574.14453125  
4  -18681.17578125  
2  -16830.392578125  
4  -17891.837890625  
2  -17717.59375  
4  -18810.447265625  
2  -17143.55859375  
4  -18231.36328125  
2  -17356.771484375  
4  -18457.5859375  
2  -16789.765625  
4  -17830.486328125  
2  -17341.927734375  
4  -18428.349609375  
2  -17170.36328125  
4  -18226.91796875  
2  -17029.201171875  
4  -18084.55078125  
2  -17416.416015625  
4  -18484.609375  
2  -17656.328125  
4  -18750.59765625  
2  -17371.69140625  
4  -18477.953125  
2  -17380.181640625  
4  -18468.408203125  
2  -17053.197265625  
4  -18107.5703125  
2  -17456.6015625  
4  -18542.71875  
2  -17155.1640625  
4  -18223.71875  
2  -16985.5390625  
4  -18034.8828125  
2  -17738.353515625  
4  -18822.7578125  
2  -17089.390625  
4  -18145.8046875  
2  -16950.689453125  
4  -18001.70703125  
2  -17155.587890625  
4  -18228.48828125  
2  -17230.14453125  
4  -18311.65234375  
2  -17790.609375  
4  -18910.205078125  
2  -17004.689453125  
4  -18053.2890625  
2  -17236.94921875  
4  -18312.244140625  
2  -17449.662109375  
4  -18518.140625  
2  -17368.326171875  
4  -18441.166015625  
2  -17748.0859375  
4  -18851.224609375  
2  -17062.09375  
4  -18125.44921875  
2  -17349.703125  
4  -18433.4296875  
2  -17168.31640625  
4  -18226.1171875  
2  -17695.51171875  
4  -18794.26953125  
2  -16779.814453125  
4  -17838.109375  
2  -17478.49609375  
4  -18557.083984375  
2  -17429.6875  
4  -18509.953125  
2  -16790.80859375  
4  -17825.072265625  
2  -17138.572265625  
4  -18193.599609375  
2  -16711.2890625  
4  -17735.58984375  
2  -17049.91015625  
4  -18100.166015625  
2  -17432.208984375  
4  -18519.30078125  
2  -17527.39453125  
4  -18611.39453125  
2  -17558.33203125  
4  -18658.07421875  
2  -17293.8125  
4  -18358.5  
2  -17380.755859375  
4  -18479.19921875  
2  -17080.900390625  
4  -18143.966796875  
2  -17052.09765625  
4  -18113.021484375  
2  -17038.162109375  
4  -18108.412109375  
2  -16995.56640625  
4  -18041.171875  
2  -17170.771484375  
4  -18247.39453125  
2  -17423.064453125  
4  -18493.58203125  
2  -17290.8984375  
4  -18360.4921875  
2  -17360.51953125  
4  -18424.373046875  
2  -17037.34375  
4  -18101.3125  
2  -17178.4921875  
4  -18233.015625  
2  -17408.197265625  
4  -18488.96484375  
2  -17454.69921875  
4  -18546.693359375  
2  -17106.53125  
4  -18153.615234375  
2  -16565.705078125  
4  -17576.703125  
2  -17210.35546875  
4  -18297.0234375  
2  -17262.36328125  
4  -18305.92578125  
2  -17278.95703125  
4  -18342.20703125  
2  -16712.875  
4  -17755.953125  
2  -17106.890625  
4  -18175.1328125  
2  -16949.8984375  
4  -18012.72265625  
2  -17114.4609375  
4  -18187.16015625  
2  -17043.12890625  
4  -18105.3828125  
2  -16953.05078125  
4  -17993.13671875  
2  -16923.78125  
4  -17965.232421875  
2  -17205.28515625  
4  -18252.7109375  
2  -17103.81640625  
4  -18154.888671875  
2  -16787.712890625  
4  -17815.7265625  
2  -17433.98828125  
4  -18517.359375  
2  -17289.1171875  
4  -18342.7265625  
2  -16818.203125  
4  -17856.54296875  
2  -17107.63671875  
4  -18172.388671875  
2  -17094.98046875  
4  -18164.8203125  
2  -16822.02734375  
4  -17857.6875  
2  -17163.5546875  
4  -18217.9140625  
2  -17544.92578125  
4  -18641.08984375  
2  -16757.38671875  
4  -17796.44140625  
2  -17590.28515625  
4  -18689.59765625  
2  -17110.453125  
4  -18175.677734375  
2  -17699.41796875  
4  -18796.91796875  
2  -17478.916015625  
4  -18567.140625  
2  -17179.044921875  
4  -18249.693359375  
2  -16609.2421875  
4  -17636.240234375  
2  -17363.15234375  
4  -18453.2109375  
2  -17467.375  
4  -18571.46875  
2  -17320.84765625  
4  -18402.46875  
2  -17655.037109375  
4  -18743.8671875  
2  -17310.9375  
4  -18395.48046875  
2  -16758.830078125  
4  -17779.962890625  
2  -17417.68359375  
4  -18510.92578125  
2  -17302.08203125  
4  -18362.517578125  
2  -17190.36328125  
4  -18249.765625  
2  -17277.9140625  
4  -18351.1484375  
2  -17402.1796875  
4  -18479.455078125  
2  -17327.96484375  
4  -18409.359375  
2  -17396.31640625  
4  -18483.404296875  
2  -17612.26171875  
4  -18708.58984375  
2  -17245.994140625  
4  -18321.99609375  
2  -17170.31640625  
4  -18238.158203125  
2  -16983.55078125  
4  -18027.05859375  
2  -17166.9765625  
4  -18228.3671875  
2  -17376.44921875  
4  -18460.033203125  
2  -16915.94140625  
4  -17981.81640625  
2  -17517.794921875  
4  -18588.4609375  
2  -17227.46875  
4  -18292.26953125  
2  -17646.130859375  
4  -18735.939453125  
2  -16726.87109375  
4  -17776.45703125  
2  -16886.189453125  
4  -17929.287109375  
2  -17341.091796875  
4  -18408.072265625  
2  -17026.978515625  
4  -18080.1015625  
2  -17157.78125  
4  -18218.154296875  
2  -17211.7109375  
4  -18300.533203125  
2  -17344.7734375  
4  -18425.48828125  
2  -17567.97265625  
4  -18651.451171875  
2  -17607.43359375  
4  -18713.02734375  
2  -17291.82421875  
4  -18374.435546875  
2  -17265.146484375  
4  -18346.1953125  
2  -17175.107421875  
4  -18234.263671875  
2  -16874.67578125  
4  -17910.40234375  
2  -16834.35546875  
4  -17882.0390625  
2  -17050.04296875  
4  -18108.484375  
2  -16973.427734375  
4  -18022.376953125  
2  -16938.1171875  
4  -17981.44140625  
2  -17386.025390625  
4  -18458.0625  
2  -17108.376953125  
4  -18183.3125  
2  -17477.06640625  
4  -18558.73828125  
2  -17195.86328125  
4  -18284.0390625  
2  -17017.2109375  
4  -18071.791015625  
2  -17536.41796875  
4  -18653.88671875  
2  -17272.78515625  
4  -18350.234375  
2  -16759.8203125  
4  -17804.36328125  
2  -17129.9296875  
4  -18197.125  
2  -17089.44140625  
4  -18154.224609375  
2  -17646.96484375  
4  -18739.564453125  
2  -17376.86328125  
4  -18439.865234375  
2  -17145.9609375  
4  -18206.388671875  
2  -17007.97265625  
4  -18052.912109375  
2  -17025.11328125  
4  -18102.099609375  
2  -17484.25  
4  -18582.52734375  
2  -17136.310546875  
4  -18197.2265625  
2  -16912.0078125  
4  -17946.22265625  
2  -17407.1484375  
4  -18470.62890625  
2  -17218.203125  
4  -18303.189453125  
2  -17294.30078125  
4  -18365.119140625  
2  -17535.51171875  
4  -18611.060546875  
2  -17150.6015625  
4  -18215.390625  
2  -17376.1328125  
4  -18454.400390625  
2  -17546.939453125  
4  -18637.669921875  
2  -16918.783203125  
4  -17943.98828125  
2  -17242.84765625  
4  -18307.5859375  
2  -17460.859375  
4  -18541.91015625  
2  -17548.919921875  
4  -18630.93359375  
2  -17519.681640625  
4  -18618.26171875  
2  -17281.12109375  
4  -18362.96484375  
2  -16903.6640625  
4  -17961.5546875  
2  -17582.666015625  
4  -18680.3203125  
2  -17802.212890625  
4  -18919.595703125  
2  -17117.48046875  
4  -18160.94921875  
2  -17272.51171875  
4  -18352.65625  
2  -17726.818359375  
4  -18850.98828125  
2  -17943.78125  
4  -19057.025390625  
2  -17191.18359375  
4  -18252.798828125  
2  -17387.177734375  
4  -18487.1484375  
2  -16997.1015625  
4  -18049.095703125  
2  -17412.240234375  
4  -18490.09765625  
2  -17455.1640625  
4  -18547.197265625  
2  -16994.3671875  
4  -18051.98046875  
2  -17023.08984375  
4  -18070.626953125  
2  -17162.89453125  
4  -18235.56640625  
2  -17218.6328125  
4  -18289.68359375  
2  -16739.845703125  
4  -17770.36328125  
2  -17076.037109375  
4  -18140.296875  
2  -17456.259765625  
4  -18540.203125  
2  -17128.328125  
4  -18188.125  
2  -17405.29296875  
4  -18485.30078125  
2  -17650.3515625  
4  -18751.0546875  
2  -16884.9765625  
4  -17942.7734375  
2  -17616.982421875  
4  -18715.09765625  
2  -17523.8046875  
4  -18630.625  
2  -16976.015625  
4  -18034.2109375  
2  -17466.916015625  
4  -18562.21484375  
2  -17148.5390625  
4  -18230.806640625  
2  -17433.59375  
4  -18514.89453125  
2  -17438.55078125  
4  -18510.986328125  
2  -17593.15625  
4  -18712.8671875  
2  -17444.56640625  
4  -18527.900390625  
2  -17432.98046875  
4  -18500.61328125  
2  -16955.927734375  
4  -18015.48828125  
2  -17467.626953125  
4  -18565.62890625  
2  -17206.02734375  
4  -18271.9921875  
2  -17221.0390625  
4  -18290.359375  
2  -17320.234375  
4  -18380.388671875  
2  -17692.8515625  
4  -18796.9140625  
2  -17167.1640625  
4  -18245.3359375  
2  -17044.353515625  
4  -18110.953125  
2  -17418.203125  
4  -18497.294921875  
2  -17058.453125  
4  -18132.0859375  
2  -16944.18359375  
4  -18010.84375  
2  -17230.00390625  
4  -18310.095703125  
2  -17447.935546875  
4  -18521.701171875  
2  -17867.173828125  
4  -18994.12890625  
2  -17380.44921875  
4  -18462.33203125  
2  -16970.359375  
4  -18043.6015625  
2  -17532.4453125  
4  -18637.57421875  
2  -17304.53125  
4  -18396.98046875  
2  -17596.859375  
4  -18700.45703125  
2  -17336.91015625  
4  -18421.6015625  
2  -17116.54296875  
4  -18176.94921875  
2  -17211.58984375  
4  -18277.49609375  
2  -17095.494140625  
4  -18155.5078125  
2  -17055.794921875  
4  -18111.13671875  
2  -17298.171875  
4  -18386.416015625  
2  -17529.265625  
4  -18625.376953125  
2  -17319.7890625  
4  -18394.392578125  
2  -17010.529296875  
4  -18083.056640625  
2  -16834.728515625  
4  -17890.876953125  
2  -17405.0078125  
4  -18476.421875  
2  -17553.42578125  
4  -18641.953125  
2  -17045.28515625  
4  -18109.25  
2  -17305.494140625  
4  -18379.65625  
2  -17420.98046875  
4  -18503.529296875  
2  -17991.47265625  
4  -19107.87109375  
2  -17373.0859375  
4  -18441.8984375  
2  -16812.37890625  
4  -17861.5625  
2  -17419.267578125  
4  -18495.6796875  
2  -17295.77734375  
4  -18363.220703125  
2  -17222.8125  
4  -18291.712890625  
2  -17626.78515625  
4  -18713.822265625  
2  -17207.78515625  
4  -18266.77734375  
2  -17280.63671875  
4  -18345.80859375  
2  -17427.6953125  
4  -18513.5390625  
2  -17062.48828125  
4  -18121.515625  
2  -17551.814453125  
4  -18636.681640625  
2  -17472.1171875  
4  -18573.8671875  
2  -17231.755859375  
4  -18310.3359375  
2  -17175.15625  
4  -18249.6953125  
2  -17342.80859375  
4  -18429.072265625  
2  -16928.0625  
4  -17980.896484375  
2  -16945.07421875  
4  -18015.8984375  
2  -17520.1953125  
4  -18605.630859375  
2  -17437.939453125  
4  -18522.1328125  
2  -17205.091796875  
4  -18283.4296875  
2  -17232.634765625  
4  -18318.05859375  
2  -17001.62890625  
4  -18070.69140625  
2  -17339.76171875  
4  -18429.1953125  
2  -17318.77734375  
4  -18404.412109375  
2  -17453.083984375  
4  -18561.00390625  
2  -17013.44921875  
4  -18071.53515625  
2  -17077.1484375  
4  -18132.21875  
2  -17222.005859375  
4  -18285.65234375  
2  -16857.73828125  
4  -17892.84375  
2  -17469.75  
4  -18551.712890625  
2  -17107.779296875  
4  -18167.255859375  
2  -17268.75390625  
4  -18335.05078125  
2  -17552.65234375  
4  -18650.2109375  
2  -17241.4609375  
4  -18296.18359375  
2  -16829.05859375  
4  -17860.6015625  
2  -17181.40234375  
4  -18250.76953125  
2  -17657.958984375  
4  -18774.4453125  
2  -17160.025390625  
4  -18212.40625  
2  -16614.78125  
4  -17652.740234375  
2  -17497.1953125  
4  -18605.15625  
2  -17659.88671875  
4  -18763.11328125  
2  -17349.56640625  
4  -18417.85546875  
2  -17771.333984375  
4  -18868.142578125  
2  -16908.478515625  
4  -17957.810546875  
2  -17372.2265625  
4  -18460.30859375  
2  -17628.9921875  
4  -18738.3203125  
2  -17151.283203125  
4  -18218.015625  
2  -17603.619140625  
4  -18718.453125  
2  -17688.744140625  
4  -18797.1484375  
2  -16989.8125  
4  -18053.919921875  
2  -17326.2578125  
4  -18394.37109375  
2  -17315.25  
4  -18391.021484375  
2  -17254.97265625  
4  -18335.3828125  
2  -17566.70703125  
4  -18653.791015625  
2  -17007.59765625  
4  -18078.546875  
2  -17323.52734375  
4  -18370.2109375  
2  -17448.8515625  
4  -18530.96875  
2  -16868.11328125  
4  -17923.46484375  
2  -17228.25  
4  -18293.7109375  
2  -16801.830078125  
4  -17871.74609375  
2  -17080.54296875  
4  -18139.9765625  
2  -17668.341796875  
4  -18769.22265625  
2  -17228.44140625  
4  -18295.779296875  
2  -17086.44921875  
4  -18155.01171875  
2  -17350.341796875  
4  -18445.73828125  
2  -17272.3359375  
4  -18345.587890625  
2  -17414.3046875  
4  -18493.046875  
2  -17218.88671875  
4  -18295.0625  
2  -17420.57421875  
4  -18511.54296875  
2  -17285.548828125  
4  -18354.15234375  
2  -17206.67578125  
4  -18282.39453125  
2  -17121.0703125  
4  -18184.05078125  
2  -17397.80859375  
4  -18485.361328125  
2  -17310.23828125  
4  -18391.44140625  
2  -17187.2734375  
4  -18246.443359375  
2  -17069.6875  
4  -18141.845703125  
2  -17740.1328125  
4  -18829.15625  
2  -17289.328125  
4  -18361.544921875  
2  -17273.34765625  
4  -18347.44140625  
2  -17153.875  
4  -18207.53515625  
2  -17112.8828125  
4  -18177.76171875  
2  -17179.013671875  
4  -18263.609375  
2  -17543.1875  
4  -18644.28125  
2  -17414.92578125  
4  -18504.099609375  
2  -17195.22265625  
4  -18264.7421875  
2  -17346.3828125  
4  -18436.296875  
2  -16957.703125  
4  -18011.044921875  
2  -17738.978515625  
4  -18839.046875  
2  -17652.0859375  
4  -18739.7578125  
2  -17144.70703125  
4  -18208.09765625  
2  -16925.76171875  
4  -17975.10546875  
2  -17312.802734375  
4  -18385.96875  
2  -17048.53125  
4  -18110.568359375  
2  -17391.6953125  
4  -18479.21484375  
2  -16721.73046875  
4  -17762.00390625  
2  -17155.53125  
4  -18215.46875  
2  -17528.2890625  
4  -18632.5  
2  -17515.80078125  
4  -18603.412109375  
2  -16788.986328125  
4  -17842.99609375  
2  -16957.177734375  
4  -17996.728515625  
2  -17021.572265625  
4  -18083.2578125  
2  -17182.40625  
4  -18249.08984375  
2  -17086.296875  
4  -18161.365234375  
2  -17353.251953125  
4  -18449.642578125  
2  -17467.828125  
4  -18543.015625  
2  -17581.34765625  
4  -18673.677734375  
2  -17298.19140625  
4  -18387.15234375  
2  -17532.5625  
4  -18629.8515625  
2  -17539.83984375  
4  -18621.52734375  
2  -17147.306640625  
4  -18189.05859375  
2  -17623.298828125  
4  -18726.791015625  
2  -17517.96484375  
4  -18596.0390625  
2  -17353.12109375  
4  -18437.44140625  
2  -16888.931640625  
4  -17944.8515625  
2  -17463.2578125  
4  -18537.09375  
2  -17269.298828125  
4  -18339.6484375  
2  -17085.97265625  
4  -18146.462890625  
2  -17228.1328125  
4  -18280.904296875  
2  -17200.6640625  
4  -18259.603515625  
2  -17096.712890625  
4  -18159.505859375  
2  -17173.83984375  
4  -18228.646484375  
2  -17362.41015625  
4  -18453.28515625  
2  -17397.44140625  
4  -18481.890625  
2  -17022.541015625  
4  -18063.021484375  
2  -17031.0625  
4  -18098.416015625  
2  -17384.48828125  
4  -18477.17578125  
2  -17520.72265625  
4  -18600.7265625  
2  -17216.59765625  
4  -18268.197265625  
2  -17097.142578125  
4  -18162.740234375  
2  -17205.90625  
4  -18276.3515625  
2  -16408.361328125  
4  -17423.61328125  
2  -17903.3046875  
4  -19024.34765625  
2  -17283.958984375  
4  -18373.52734375  
2  -17160.27734375  
4  -18211.07421875  
2  -16885.26953125  
4  -17925.5703125  
2  -17162.943359375  
4  -18228.740234375  
2  -17031.921875  
4  -18090.31640625  
2  -17408.65234375  
4  -18510.142578125  
2  -17096.728515625  
4  -18160.287109375  
2  -17265.111328125  
4  -18342.521484375  
2  -17241.6640625  
4  -18294.65234375  
2  -17729.931640625  
4  -18827.216796875  
2  -17454.900390625  
4  -18539.640625  
2  -17392.8125  
4  -18456.66796875  
2  -17241.052734375  
4  -18305.271484375  
2  -16829.765625  
4  -17855.25390625  
2  -16884.7265625  
4  -17946.3671875  
2  -16906.099609375  
4  -17972.130859375  
2  -17278.72265625  
4  -18354.171875  
2  -16943.26171875  
4  -17998.53125  
2  -17217.810546875  
4  -18282.8984375  
2  -17030.4609375  
4  -18066.001953125  
2  -17220.095703125  
4  -18270.814453125  
2  -16927.861328125  
4  -17989.876953125  
2  -17403.5703125  
4  -18489.5  
2  -17401.5390625  
4  -18485.056640625  
2  -16971.64453125  
4  -18025.59375  
2  -17348.466796875  
4  -18422.779296875  
2  -17337.32421875  
4  -18416.9765625  
2  -17702.2421875  
4  -18796.484375  
2  -17307.482421875  
4  -18382.142578125  
2  -17244.677734375  
4  -18304.052734375  
2  -17546.80859375  
4  -18629.08203125  
2  -17546.0078125  
4  -18641.3984375  
2  -17293.53515625  
4  -18376.412109375  
2  -17174.177734375  
4  -18224.353515625  
2  -17209.36328125  
4  -18283.84375  
2  -17343.310546875  
4  -18430.484375  
2  -17090.4453125  
4  -18153.03515625  
2  -17542.4375  
4  -18637.376953125  
2  -17535.96875  
4  -18649.21484375  
2  -17366.09375  
4  -18455.3515625  
2  -17348.259765625  
4  -18429.994140625  
2  -17093.53125  
4  -18177.16796875  
2  -17668.171875  
4  -18764.3671875  
2  -17604.0625  
4  -18705.33984375  
2  -18129.615234375  
4  -19262.5859375  
2  -18104.296875  
4  -19238.822265625  
2  -17302.298828125  
4  -18383.453125  
2  -17604.552734375  
4  -18699.81640625  
2  -17773.537109375  
4  -18889.51171875  
2  -17155.029296875  
4  -18240.23046875  
2  -17210.96875  
4  -18283.640625  
2  -17311.58984375  
4  -18367.9375  
2  -17195.130859375  
4  -18252.248046875  
2  -17897.177734375  
4  -19011.923828125  
2  -17020.234375  
4  -18080.40625  
2  -17250.517578125  
4  -18331.453125  
2  -17327.18359375  
4  -18414.20703125  
2  -17488.044921875  
4  -18573.42578125  
2  -17299.857421875  
4  -18397.55859375  
2  -17656.578125  
4  -18741.5  
2  -17424.82421875  
4  -18516.125  
2  -17290.119140625  
4  -18370.21875  
2  -17569.193359375  
4  -18674.9453125  
2  -17226.21875  
4  -18289.361328125  
2  -17187.00390625  
4  -18239.095703125  
2  -16717.625  
4  -17735.421875  
2  -17046.052734375  
4  -18103.921875  
2  -16795.1953125  
4  -17839.30859375  
2  -16725.5546875  
4  -17751.1015625  
2  -17295.15625  
4  -18373.72265625  
2  -17048.42578125  
4  -18100.19921875  
2  -17095.998046875  
4  -18148.587890625  
2  -17253.421875  
4  -18312.64453125  
2  -16755.71484375  
4  -17800.5625  
2  -17202.546875  
4  -18278.841796875  
2  -17183.134765625  
4  -18235.228515625  
2  -17367.9375  
4  -18452.92578125  
2  -17663.09375  
4  -18767.93359375  
2  -17081.39453125  
4  -18136.84375  
2  -17044.83203125  
4  -18105.681640625  
2  -17232.6875  
4  -18295.3125  
2  -17246.2734375  
4  -18336.19140625  
2  -17070.4375  
4  -18134.265625  
2  -17022.5234375  
4  -18073.46484375  
2  -17435.1640625  
4  -18527.0859375  
2  -17269.38671875  
4  -18333.79296875  
2  -17962.5390625  
4  -19090.20703125  
2  -17192.44140625  
4  -18263.0859375  
2  -17756.876953125  
4  -18852.330078125  
2  -17243.5  
4  -18317.796875  
2  -17181.345703125  
4  -18256.783203125  
2  -17157.69140625  
4  -18239.734375  
2  -17146.044921875  
4  -18206.74609375  
2  -17193.67578125  
4  -18257.556640625  
2  -17182.435546875  
4  -18264.9375  
2  -17303.84375  
4  -18378.8515625  
2  -17031.28515625  
4  -18103.1640625  
2  -17171.73828125  
4  -18256.943359375  
2  -16981.779296875  
4  -18049.42578125  
2  -17424.47265625  
4  -18492.6953125  
2  -17736.96484375  
4  -18844.28125  
2  -17375.244140625  
4  -18460.083984375  
2  -17089.935546875  
4  -18166.384765625  
2  -17409.572265625  
4  -18508.1328125  
2  -17105.37109375  
4  -18156.669921875  
2  -17181.146484375  
4  -18237.16015625  
2  -17207.19140625  
4  -18282.59765625  
2  -17607.865234375  
4  -18701.69921875  
2  -17208.9921875  
4  -18301.185546875  
2  -16839.46875  
4  -17881.14453125  
2  -17124.08984375  
4  -18185.53515625  
2  -17542.44921875  
4  -18634.689453125  
2  -17154.10546875  
4  -18220.73828125  
2  -17671.716796875  
4  -18788.279296875  
2  -16757.96875  
4  -17792.65625  
2  -17480.3984375  
4  -18598.78125  
2  -17271.50390625  
4  -18337.11328125  
2  -17595.41015625  
4  -18687.0703125  
2  -17582.14453125  
4  -18677.390625  
2  -17241.125  
4  -18317.78125  
2  -17394.66796875  
4  -18478.896484375  
2  -16938.529296875  
4  -17994.93359375  
2  -17499.83203125  
4  -18594.8046875  
2  -17270.61328125  
4  -18334.251953125  
2  -17328.140625  
4  -18410.609375  
2  -17305.6875  
4  -18393.0859375  
2  -17471.5859375  
4  -18558.97265625  
2  -17450.455078125  
4  -18538.001953125  
2  -17350.595703125  
4  -18440.404296875  
2  -17719.30078125  
4  -18826.5546875  
2  -17440.83984375  
4  -18521.63671875  
2  -17471.98046875  
4  -18577.21875  
2  -17220.26171875  
4  -18281.64453125  
2  -17361.470703125  
4  -18447.923828125  
2  -17577.59765625  
4  -18681.0  
2  -17493.79296875  
4  -18593.47265625  
2  -17416.58984375  
4  -18504.75390625  
2  -17466.0546875  
4  -18552.68359375  
2  -17185.97265625  
4  -18264.201171875  
2  -17875.716796875  
4  -18988.8984375  
2  -17653.650390625  
4  -18759.11328125  
2  -17620.9296875  
4  -18722.587890625  
2  -17412.74609375  
4  -18504.046875  
2  -17148.5546875  
4  -18200.2890625  
2  -17236.72265625  
4  -18317.34765625  
2  -17625.3984375  
4  -18719.39453125  
2  -17657.8515625  
4  -18763.638671875  
2  -17029.994140625  
4  -18083.56640625  
2  -17236.6171875  
4  -18295.671875  
2  -17317.38671875  
4  -18396.193359375  
2  -17477.904296875  
4  -18559.611328125  
2  -17642.61328125  
4  -18723.83984375  
2  -17235.0703125  
4  -18324.193359375  
2  -17789.078125  
4  -18907.291015625  
2  -17322.265625  
4  -18410.060546875  
2  -16968.435546875  
4  -18043.490234375  
2  -17403.080078125  
4  -18483.55078125  
2  -17021.359375  
4  -18064.05078125  
2  -17980.986328125  
4  -19093.80859375  
2  -17274.2578125  
4  -18345.30859375  
2  -17268.330078125  
4  -18332.234375  
2  -17304.4921875  
4  -18398.76171875  
2  -17279.509765625  
4  -18336.3671875  
2  -17450.423828125  
4  -18540.9453125  
2  -17554.64453125  
4  -18652.96484375  
2  -17091.474609375  
4  -18162.41796875  
2  -17487.234375  
4  -18591.544921875  
2  -17144.58984375  
4  -18209.94921875  
2  -17616.14453125  
4  -18695.05859375  
2  -17152.98046875  
4  -18242.009765625  
2  -17714.015625  
4  -18832.224609375  
2  -17010.873046875  
4  -18071.8359375  
2  -17402.578125  
4  -18504.81640625  
2  -17225.50390625  
4  -18333.966796875  
2  -17185.099609375  
4  -18274.54296875  
2  -17479.4921875  
4  -18565.830078125  
2  -17562.947265625  
4  -18653.626953125  
2  -17271.044921875  
4  -18344.634765625  
2  -17311.13671875  
4  -18368.61328125  
2  -17225.484375  
4  -18307.064453125  
2  -16998.169921875  
4  -18072.7109375  
2  -17066.6640625  
4  -18133.3828125  
2  -17283.18359375  
4  -18372.20703125  
2  -17354.4609375  
4  -18435.6171875  
2  -17470.478515625  
4  -18559.1015625  
2  -17230.6875  
4  -18318.21875  
2  -17383.5078125  
4  -18474.021484375  
2  -17026.4765625  
4  -18088.3828125  
2  -17192.40234375  
4  -18262.0703125  
2  -17251.48828125  
4  -18345.8203125  
2  -17089.220703125  
4  -18133.15234375  
2  -16738.1875  
4  -17768.21484375  
2  -17335.6484375  
4  -18403.01171875  
2  -17515.1640625  
4  -18623.849609375  
2  -17595.51953125  
4  -18679.828125  
2  -17327.005859375  
4  -18399.5  
2  -16950.603515625  
4  -17992.65625  
2  -17193.71484375  
4  -18258.30859375  
2  -17226.0859375  
4  -18292.59375  
2  -17232.91015625  
4  -18309.208984375  
2  -17287.564453125  
4  -18359.67578125  
2  -17640.041015625  
4  -18746.12890625  
2  -17498.26953125  
4  -18587.427734375  
2  -17078.16796875  
4  -18132.53515625  
2  -17058.078125  
4  -18118.67578125  
2  -16774.2734375  
4  -17804.9375  
2  -17099.0234375  
4  -18148.134765625  
2  -17599.552734375  
4  -18685.3828125  
2  -17218.91796875  
4  -18277.08203125  
2  -16689.96875  
4  -17722.2734375  
2  -17105.30859375  
4  -18185.76953125  
2  -17115.515625  
4  -18163.109375  
2  -16820.732421875  
4  -17860.853515625  
2  -17094.353515625  
4  -18144.9765625  
2  -17103.35546875  
4  -18154.1015625  
2  -17194.484375  
4  -18276.45703125  
2  -16956.30078125  
4  -18010.15625  
2  -17371.76953125  
4  -18439.609375  
2  -17370.82421875  
4  -18444.134765625  
2  -17446.37109375  
4  -18526.0625  
2  -16826.744140625  
4  -17863.267578125  
2  -17174.52734375  
4  -18240.4296875  
2  -17363.146484375  
4  -18431.14453125  
2  -16799.36328125  
4  -17850.642578125  
2  -17769.45703125  
4  -18872.828125  
2  -17437.294921875  
4  -18513.34375  
2  -17272.87890625  
4  -18349.1484375  
2  -16964.125  
4  -18016.0390625  
2  -17296.951171875  
4  -18364.392578125  
2  -17190.216796875  
4  -18253.609375  
2  -17121.4296875  
4  -18190.73046875  
2  -17345.376953125  
4  -18406.82421875  
2  -17343.107421875  
4  -18431.818359375  
2  -16294.0693359375  
4  -17301.69140625  
2  -17468.333984375  
4  -18556.193359375  
2  -17323.7890625  
4  -18395.296875  
2  -17378.650390625  
4  -18456.02734375  
2  -17389.388671875  
4  -18475.1953125  
2  -17419.98046875  
4  -18520.375  
2  -17525.41015625  
4  -18625.19140625  
2  -17095.18359375  
4  -18159.775390625  
2  -17331.0546875  
4  -18400.990234375  
2  -17037.87109375  
4  -18090.94140625  
2  -17062.9921875  
4  -18144.439453125  
2  -17118.216796875  
4  -18176.453125  
2  -17242.8828125  
4  -18320.126953125  
2  -17168.29296875  
4  -18229.28125  
2  -16896.55078125  
4  -17956.7890625  
2  -17532.599609375  
4  -18614.662109375  
2  -17206.1015625  
4  -18274.041015625  
2  -17292.56640625  
4  -18365.21484375  
2  -17436.517578125  
4  -18511.083984375  
2  -17321.28515625  
4  -18398.06640625  
2  -17171.28515625  
4  -18230.341796875  
2  -17239.4921875  
4  -18297.15625  
2  -17518.44921875  
4  -18592.43359375  
2  -17090.765625  
4  -18136.75  
2  -17502.421875  
4  -18590.6328125  
2  -17227.52734375  
4  -18283.669921875  
2  -16772.26953125  
4  -17824.986328125  
2  -17604.7734375  
4  -18710.1953125  
2  -17196.54296875  
4  -18260.30859375  
2  -17260.828125  
4  -18341.15234375  
2  -16954.32421875  
4  -17989.560546875  
2  -17112.251953125  
4  -18167.8828125  
2  -17214.189453125  
4  -18287.6171875  
2  -16432.529296875  
4  -17462.1484375  
2  -17541.439453125  
4  -18634.48828125  
2  -17150.546875  
4  -18205.3984375  
2  -17536.2890625  
4  -18613.349609375  
2  -17098.8984375  
4  -18144.60546875  
2  -17640.58984375  
4  -18737.4140625  
2  -17192.228515625  
4  -18259.7734375  
2  -17293.810546875  
4  -18370.67578125  
2  -16822.203125  
4  -17836.30859375  
2  -17418.435546875  
4  -18492.2421875  
2  -17299.4140625  
4  -18377.568359375  
2  -17392.853515625  
4  -18465.869140625  
2  -17223.62109375  
4  -18297.36328125  
2  -17040.115234375  
4  -18089.6796875  
2  -17218.67578125  
4  -18282.10546875  
2  -17198.7890625  
4  -18272.07421875  
2  -17157.0  
4  -18211.9296875  
2  -17050.302734375  
4  -18110.517578125  
2  -17088.333984375  
4  -18157.037109375  
2  -17211.453125  
4  -18286.70703125  
2  -17043.23046875  
4  -18101.103515625  
2  -16981.626953125  
4  -18039.255859375  
2  -17163.09375  
4  -18236.376953125  
2  -17176.82421875  
4  -18233.310546875  
2  -16863.783203125  
4  -17881.1328125  
2  -16727.3046875  
4  -17760.84375  
2  -16892.2109375  
4  -17941.181640625  
2  -16726.5078125  
4  -17765.630859375  
2  -17098.798828125  
4  -18159.064453125  
2  -16902.51953125  
4  -17955.7890625  
2  -16946.55859375  
4  -17983.74609375  
2  -16462.720703125  
4  -17500.455078125  
2  -17054.63671875  
4  -18105.203125  
2  -17322.751953125  
4  -18383.78515625  
2  -17002.765625  
4  -18064.36328125  
2  -17633.66796875  
4  -18710.9609375  
2  -17009.541015625  
4  -18058.2421875  
2  -17139.23046875  
4  -18185.2734375  
2  -17681.10546875  
4  -18762.234375  
2  -16911.15234375  
4  -17941.88671875  
2  -17123.609375  
4  -18174.2421875  
2  -16809.71875  
4  -17856.4921875  
2  -16947.865234375  
4  -17997.19140625  
2  -17715.046875  
4  -18787.3515625  
2  -16835.9140625  
4  -17903.646484375  
2  -16897.28515625  
4  -17943.2421875  
2  -17156.630859375  
4  -18231.1015625  
2  -17351.3671875  
4  -18413.908203125  
2  -17029.734375  
4  -18081.66015625  
2  -17535.806640625  
4  -18622.05859375  
2  -17005.11328125  
4  -18062.009765625  
2  -16914.29296875  
4  -17953.978515625  
2  -17580.205078125  
4  -18656.09765625  
2  -17409.09375  
4  -18484.73828125  
2  -16835.58203125  
4  -17894.25  
2  -17051.25390625  
4  -18106.52734375  
2  -17196.921875  
4  -18271.419921875  
2  -17481.025390625  
4  -18565.548828125  
2  -16808.9296875  
4  -17847.578125  
2  -17392.3203125  
4  -18478.78125  
2  -17176.20703125  
4  -18232.3125  
2  -17377.0234375  
4  -18436.38671875  
2  -16880.171875  
4  -17926.078125  
2  -17478.48828125  
4  -18570.208984375  
2  -17172.40625  
4  -18240.078125  
2  -17457.51171875  
4  -18557.09765625  
2  -17730.283203125  
4  -18833.234375  
2  -17383.171875  
4  -18454.16796875  
2  -17466.365234375  
4  -18551.9453125  
2  -17182.935546875  
4  -18254.5390625  
2  -16775.88671875  
4  -17820.318359375  
2  -16885.5625  
4  -17936.23046875  
2  -17224.3125  
4  -18294.46484375  
2  -17032.236328125  
4  -18086.97265625  
2  -16800.2265625  
4  -17877.0  
2  -17396.2578125  
4  -18480.740234375  
2  -17572.70703125  
4  -18663.515625  
2  -17307.466796875  
4  -18406.03515625  
2  -17454.671875  
4  -18548.15625  
2  -17236.673828125  
4  -18304.5  
2  -17194.263671875  
4  -18257.87109375  
2  -16895.74609375  
4  -17935.734375  
2  -17759.3046875  
4  -18881.44921875  
2  -17541.73046875  
4  -18625.2109375  
2  -17346.291015625  
4  -18418.763671875  
2  -17397.7265625  
4  -18468.33203125  
2  -16869.4296875  
4  -17908.291015625  
2  -17595.91015625  
4  -18668.34765625  
2  -16800.82421875  
4  -17839.8984375  
2  -16780.9375  
4  -17799.96484375  
2  -16723.99609375  
4  -17759.947265625  
2  -17183.03515625  
4  -18221.390625  
2  -17245.494140625  
4  -18305.720703125  
2  -17264.70703125  
4  -18343.13671875  
2  -17305.611328125  
4  -18385.353515625  
2  -17503.1953125  
4  -18600.06640625  
2  -17281.1953125  
4  -18344.84375  
2  -17027.69921875  
4  -18074.970703125  
2  -16984.734375  
4  -18029.810546875  
2  -17144.50390625  
4  -18202.001953125  
2  -17246.2421875  
4  -18310.18359375  
2  -17197.435546875  
4  -18273.041015625  
2  -17379.431640625  
4  -18441.677734375  
2  -17591.263671875  
4  -18678.529296875  
2  -17159.876953125  
4  -18209.86328125  
2  -17040.3046875  
4  -18101.228515625  
2  -17248.041015625  
4  -18326.68359375  
2  -17119.16796875  
4  -18181.5234375  
2  -17546.20703125  
4  -18649.234375  
2  -16911.951171875  
4  -17962.423828125  
2  -17227.96484375  
4  -18281.486328125  
2  -17149.212890625  
4  -18211.86328125  
2  -17324.58203125  
4  -18404.40234375  
2  -17034.865234375  
4  -18094.083984375  
2  -17239.20703125  
4  -18298.662109375  
2  -17301.353515625  
4  -18387.5  
2  -16942.80859375  
4  -17982.068359375  
2  -17652.37890625  
4  -18766.14453125  
2  -17067.2109375  
4  -18132.8125  
2  -17291.474609375  
4  -18354.61328125  
2  -17726.12890625  
4  -18834.609375  
2  -17545.69921875  
4  -18632.21875  
2  -17454.6953125  
4  -18555.716796875  
2  -17584.470703125  
4  -18684.279296875  
2  -17557.53515625  
4  -18647.525390625  
2  -17374.96484375  
4  -18457.8125  
2  -17479.96484375  
4  -18578.701171875  
2  -16858.9765625  
4  -17924.265625  
2  -16969.02734375  
4  -18013.05078125  
2  -17434.78515625  
4  -18508.62890625  
2  -17464.578125  
4  -18544.89453125  
2  -17860.31640625  
4  -18966.212890625  
2  -17571.41015625  
4  -18665.43359375  
2  -17038.90625  
4  -18089.140625  
2  -17706.796875  
4  -18798.146484375  
2  -17610.796875  
4  -18704.890625  
2  -17193.267578125  
4  -18251.58203125  
2  -17280.57421875  
4  -18368.216796875  
2  -17014.28515625  
4  -18081.6171875  
2  -17235.58203125  
4  -18327.09375  
2  -17443.6796875  
4  -18525.06640625  
2  -17227.369140625  
4  -18305.443359375  
2  -17628.9140625  
4  -18720.990234375  
2  -17515.703125  
4  -18584.5234375  
2  -17416.13671875  
4  -18490.078125  
2  -17500.20703125  
4  -18581.78125  
2  -16535.21484375  
4  -17554.36328125  
2  -17853.15625  
4  -18975.4375  
2  -17464.453125  
4  -18562.390625  
2  -17111.8125  
4  -18170.08984375  
2  -17086.2265625  
4  -18156.60546875  
2  -17212.6953125  
4  -18274.65234375  
2  -17475.58203125  
4  -18572.6171875  
2  -16955.08203125  
4  -18024.267578125  
2  -16687.6484375  
4  -17716.162109375  
2  -17141.05859375  
4  -18194.291015625  
2  -17230.353515625  
4  -18314.33203125  
2  -17220.521484375  
4  -18278.5546875  
2  -17391.83203125  
4  -18462.90625  
2  -17668.13671875  
4  -18775.9609375  
2  -17666.36328125  
4  -18761.5703125  
2  -17345.0390625  
4  -18432.431640625  
2  -17327.2421875  
4  -18414.15234375  
2  -17038.80859375  
4  -18116.212890625  
2  -17554.3359375  
4  -18649.798828125  
2  -17227.08203125  
4  -18325.625  
2  -17398.3125  
4  -18502.38671875  
2  -18065.3984375  
4  -19192.671875  
2  -17323.091796875  
4  -18400.517578125  
2  -17786.12890625  
4  -18890.79296875  
2  -17503.515625  
4  -18588.765625  
2  -17011.60546875  
4  -18074.583984375  
2  -17404.828125  
4  -18492.01953125  
2  -17403.01171875  
4  -18472.73046875  
2  -16935.005859375  
4  -17991.509765625  
2  -17391.28125  
4  -18472.62890625  
2  -17149.55078125  
4  -18220.30078125  
2  -17181.125  
4  -18255.447265625  
2  -17381.53515625  
4  -18452.306640625  
2  -16981.845703125  
4  -18025.47265625  
2  -17165.0078125  
4  -18241.869140625  
2  -17694.1484375  
4  -18786.0  
2  -16942.76171875  
4  -18011.45703125  
2  -17231.8359375  
4  -18314.5625  
2  -17136.27734375  
4  -18203.7734375  
2  -17600.88671875  
4  -18704.109375  
2  -17833.25  
4  -18948.98046875  
2  -17602.14453125  
4  -18699.41796875  
2  -17652.2890625  
4  -18753.45703125  
2  -17521.1328125  
4  -18616.642578125  
2  -17590.33203125  
4  -18688.93359375  
2  -17342.408203125  
4  -18426.662109375  
2  -17116.0390625  
4  -18181.85546875  
2  -17272.806640625  
4  -18344.611328125  
2  -16960.9453125  
4  -17997.662109375  
2  -17375.248046875  
4  -18465.78125  
2  -17105.62890625  
4  -18168.830078125  
2  -17117.0703125  
4  -18179.498046875  
2  -17102.796875  
4  -18154.87109375  
2  -17296.01953125  
4  -18380.203125  
2  -17067.58984375  
4  -18121.66015625  
2  -17328.009765625  
4  -18396.94140625  
2  -17479.421875  
4  -18567.7265625  
2  -16754.12890625  
4  -17798.830078125  
2  -17355.935546875  
4  -18451.140625  
2  -17265.505859375  
4  -18348.330078125  
2  -16942.57421875  
4  -18005.171875  
2  -17574.828125  
4  -18658.44921875  
2  -17226.783203125  
4  -18307.251953125  
2  -16758.025390625  
4  -17808.078125  
2  -17594.21875  
4  -18706.009765625  
2  -17110.6484375  
4  -18168.9296875  
2  -16923.08984375  
4  -17972.619140625  
2  -17405.146484375  
4  -18500.0546875  
2  -17203.70703125  
4  -18286.83203125  
2  -16963.373046875  
4  -18033.3046875  
2  -17610.75390625  
4  -18719.73828125  
2  -17436.1484375  
4  -18511.7734375  
2  -17243.33203125  
4  -18301.552734375  
2  -17481.60546875  
4  -18572.72265625  
2  -17241.880859375  
4  -18295.8671875  
2  -17298.0390625  
4  -18385.91015625  
2  -16895.642578125  
4  -17944.369140625  
2  -17371.123046875  
4  -18441.1171875  
2  -17302.6484375  
4  -18379.46875  
2  -17416.130859375  
4  -18503.73046875  
2  -17397.078125  
4  -18500.48046875  
2  -17506.19140625  
4  -18632.451171875  
2  -17309.34375  
4  -18375.2109375  
2  -17280.48828125  
4  -18352.7890625  
2  -17218.125  
4  -18286.615234375  
2  -17282.87890625  
4  -18355.220703125  
2  -17410.63671875  
4  -18493.482421875  
2  -17216.70703125  
4  -18296.4921875  
2  -17223.203125  
4  -18287.046875  
2  -17917.390625  
4  -19024.693359375  
2  -17407.966796875  
4  -18504.05078125  
2  -17157.69140625  
4  -18212.6484375  
2  -16944.50390625  
4  -17999.04296875  
2  -17310.8984375  
4  -18367.93359375  
2  -17312.69921875  
4  -18378.15625  
2  -17433.71484375  
4  -18522.158203125  
2  -17551.609375  
4  -18632.63671875  
2  -17412.67578125  
4  -18497.2890625  
2  -17468.4375  
4  -18565.568359375  
2  -17115.90625  
4  -18171.87109375  
2  -17111.72265625  
4  -18177.14453125  
2  -16909.591796875  
4  -17970.625  
2  -17307.609375  
4  -18399.26953125  
2  -17235.53515625  
4  -18309.01953125  
2  -17135.4140625  
4  -18204.75390625  
2  -17415.0859375  
4  -18491.0859375  
2  -17214.51171875  
4  -18277.048828125  
2  -17158.80859375  
4  -18234.14453125  
2  -17246.201171875  
4  -18316.4453125  
2  -17314.798828125  
4  -18395.232421875  
2  -17162.75  
4  -18227.578125  
2  -17340.94921875  
4  -18411.587890625  
2  -17665.65234375  
4  -18789.546875  
2  -17530.837890625  
4  -18630.91015625  
2  -17145.296875  
4  -18203.984375  
2  -17701.798828125  
4  -18802.21484375  
2  -17252.322265625  
4  -18312.140625  
2  -17344.71875  
4  -18427.759765625  
2  -16788.86328125  
4  -17832.1796875  
2  -17240.435546875  
4  -18325.59765625  
2  -17250.544921875  
4  -18313.87890625  
2  -17249.142578125  
4  -18310.845703125  
2  -17112.791015625  
4  -18172.044921875  
2  -17015.6640625  
4  -18078.78125  
2  -17256.59765625  
4  -18327.015625  
2  -16927.9296875  
4  -17973.09375  
2  -17719.384765625  
4  -18823.86328125  
2  -17242.69921875  
4  -18328.23828125  
2  -17374.21875  
4  -18457.18359375  
2  -17495.5  
4  -18582.71875  
2  -16839.1015625  
4  -17891.716796875  
2  -17288.708984375  
4  -18363.453125  
2  -17560.970703125  
4  -18664.31640625  
2  -17451.802734375  
4  -18542.34375  
2  -17034.94921875  
4  -18071.22265625  
2  -17283.125  
4  -18369.8046875  
2  -17392.470703125  
4  -18473.666015625  
2  -17403.28125  
4  -18466.06640625  
2  -17386.890625  
4  -18484.6015625  
2  -17795.541015625  
4  -18923.60546875  
2  -17553.4140625  
4  -18638.224609375  
2  -17586.80078125  
4  -18689.990234375  
2  -17296.509765625  
4  -18370.091796875  
2  -17380.095703125  
4  -18483.302734375  
2  -16923.4453125  
4  -17973.22265625  
2  -17074.3125  
4  -18136.3515625  
2  -17168.27734375  
4  -18231.09765625  
2  -17378.07421875  
4  -18469.455078125  
2  -17518.94140625  
4  -18614.51953125  
2  -17489.31640625  
4  -18576.177734375  
2  -17895.73046875  
4  -18998.23046875  
2  -17105.857421875  
4  -18170.890625  
2  -17238.21484375  
4  -18322.291015625  
2  -17265.580078125  
4  -18333.494140625  
2  -17261.8359375  
4  -18348.974609375  
2  -17253.890625  
4  -18328.62890625  
2  -17699.853515625  
4  -18810.978515625  
2  -17529.73046875  
4  -18622.6953125  
2  -17239.04296875  
4  -18317.193359375  
2  -16930.0234375  
4  -17974.4765625  
2  -17235.703125  
4  -18304.125  
2  -17291.328125  
4  -18376.49609375  
2  -17612.892578125  
4  -18693.857421875  
2  -16805.099609375  
4  -17863.28515625  
2  -17005.673828125  
4  -18050.41015625  
2  -17213.9296875  
4  -18267.63671875  
2  -16769.638671875  
4  -17822.537109375  
2  -17213.501953125  
4  -18275.96875  
2  -17470.37890625  
4  -18558.787109375  
2  -17205.3984375  
4  -18270.76171875  
2  -17493.671875  
4  -18573.2890625  
2  -17257.53515625  
4  -18333.8203125  
2  -17149.70703125  
4  -18247.7109375  
2  -17223.6953125  
4  -18305.29296875  
2  -17398.5078125  
4  -18478.162109375  
2  -17255.685546875  
4  -18327.029296875  
2  -17088.994140625  
4  -18149.31640625  
2  -17755.62109375  
4  -18871.25  
2  -17018.798828125  
4  -18089.138671875  
2  -17056.763671875  
4  -18104.99609375  
2  -17299.931640625  
4  -18373.619140625  
2  -16962.890625  
4  -18034.12890625  
2  -17703.1171875  
4  -18801.8203125  
2  -17377.392578125  
4  -18467.7109375  
2  -17234.5703125  
4  -18305.80078125  
2  -17220.2890625  
4  -18303.267578125  
2  -17224.400390625  
4  -18291.076171875  
2  -17089.65234375  
4  -18156.423828125  
2  -17400.4609375  
4  -18486.87890625  
2  -17614.576171875  
4  -18702.697265625  
2  -17990.9921875  
4  -19116.41796875  
2  -17533.82421875  
4  -18607.97265625  
2  -17578.833984375  
4  -18681.18359375  
2  -17308.80859375  
4  -18395.15625  
2  -17463.251953125  
4  -18549.734375  
2  -17047.66015625  
4  -18103.603515625  
2  -17393.890625  
4  -18479.37890625  
2  -17151.73828125  
4  -18230.4765625  
2  -17223.484375  
4  -18311.69921875  
2  -17688.97265625  
4  -18801.16015625  
2  -17541.98828125  
4  -18619.953125  
2  -17337.65234375  
4  -18399.013671875  
2  -17134.15625  
4  -18194.953125  
2  -17053.6015625  
4  -18135.92578125  
2  -17305.234375  
4  -18392.765625  
2  -17413.30859375  
4  -18491.6484375  
2  -18010.359375  
4  -19140.490234375  
2  -17043.75  
4  -18111.21875  
2  -17440.3671875  
4  -18505.890625  
2  -17089.703125  
4  -18145.9609375  
2  -17004.029296875  
4  -18057.11328125  
2  -17068.724609375  
4  -18125.525390625  
2  -17158.72265625  
4  -18234.2421875  
2  -17054.984375  
4  -18114.140625  
2  -17495.369140625  
4  -18581.74609375  
2  -17180.73046875  
4  -18256.900390625  
2  -17783.94921875  
4  -18901.9140625  
2  -17793.2734375  
4  -18889.3671875  
2  -18030.626953125  
4  -19172.77734375  
2  -17264.171875  
4  -18342.138671875  
2  -17834.326171875  
4  -18956.32421875  
2  -17343.64453125  
4  -18400.37109375  
2  -17288.5  
4  -18351.11328125  
2  -17718.41796875  
4  -18811.68359375  
2  -17224.8046875  
4  -18290.244140625  
2  -17739.80859375  
4  -18851.12890625  
2  -17279.5859375  
4  -18353.083984375  
2  -17161.689453125  
4  -18256.43359375  
2  -17260.0390625  
4  -18338.33984375  
2  -17048.9609375  
4  -18099.96484375  
2  -17512.052734375  
4  -18607.37109375  
2  -17611.099609375  
4  -18722.29296875  
2  -17297.796875  
4  -18391.22265625  
2  -17225.703125  
4  -18279.17578125  
2  -17287.19140625  
4  -18355.353515625  
2  -17070.0390625  
4  -18115.82421875  
2  -17153.875  
4  -18229.70703125  
2  -17792.779296875  
4  -18907.015625  
2  -17356.013671875  
4  -18437.44921875  
2  -17561.208984375  
4  -18651.26171875  
2  -17073.16796875  
4  -18126.046875  
2  -17448.36328125  
4  -18546.9921875  
2  -17793.162109375  
4  -18912.80078125  
2  -18033.375  
4  -19160.275390625  
2  -17625.09765625  
4  -18729.939453125  
2  -17606.33984375  
4  -18704.5703125  
2  -17495.22265625  
4  -18567.30078125  
2  -17151.11328125  
4  -18215.82421875  
2  -17260.443359375  
4  -18344.0703125  
2  -17321.31640625  
4  -18389.119140625  
2  -17081.7890625  
4  -18123.4609375  
2  -17374.322265625  
4  -18443.4375  
2  -17254.1640625  
4  -18326.8125  
2  -17507.658203125  
4  -18608.34375  
2  -17652.896484375  
4  -18767.94921875  
2  -17535.1484375  
4  -18623.341796875  
2  -17575.47265625  
4  -18656.69921875  
2  -17242.80078125  
4  -18304.923828125  
2  -17587.76953125  
4  -18691.39453125  
2  -17126.095703125  
4  -18179.708984375  
2  -17447.205078125  
4  -18527.9140625  
2  -17102.291015625  
4  -18157.171875  
2  -17420.580078125  
4  -18499.06640625  
2  -17117.146484375  
4  -18179.798828125  
2  -17208.94921875  
4  -18276.4296875  
2  -17489.82421875  
4  -18573.75390625  
2  -17258.328125  
4  -18337.892578125  
2  -17274.421875  
4  -18347.611328125  
2  -17252.56640625  
4  -18314.5078125  
2  -17613.3828125  
4  -18705.95703125  
2  -17380.83203125  
4  -18462.58984375  
2  -17333.76171875  
4  -18413.36328125  
2  -17649.62890625  
4  -18733.8984375  
2  -16962.134765625  
4  -18011.4140625  
2  -17222.70703125  
4  -18259.8984375  
2  -17424.482421875  
4  -18500.548828125  
2  -17479.49609375  
4  -18582.21875  
2  -17190.29296875  
4  -18277.30078125  
2  -17518.318359375  
4  -18611.7421875  
2  -17397.21875  
4  -18487.90625  
2  -17259.984375  
4  -18356.171875  
2  -17469.138671875  
4  -18553.396484375  
2  -17098.154296875  
4  -18169.16015625  
2  -17642.5625  
4  -18736.06640625  
2  -17403.876953125  
4  -18492.02734375  
2  -17146.66015625  
4  -18205.498046875  
2  -17203.3046875  
4  -18261.76171875  
2  -17293.33203125  
4  -18387.6328125  
2  -17117.7109375  
4  -18193.875  
2  -17258.41015625  
4  -18338.1171875  
2  -17119.140625  
4  -18182.7109375  
2  -16851.0703125  
4  -17904.744140625  
2  -17871.33203125  
4  -18979.818359375  
2  -17064.9140625  
4  -18114.36328125  
2  -17147.041015625  
4  -18212.765625  
2  -17303.30078125  
4  -18380.193359375  
2  -17504.1640625  
4  -18599.279296875  
2  -17558.291015625  
4  -18649.544921875  
2  -17139.83203125  
4  -18212.458984375  
2  -16892.24609375  
4  -17932.146484375  
2  -16996.4921875  
4  -18039.63671875  
2  -17296.890625  
4  -18393.521484375  
2  -17394.7265625  
4  -18480.30078125  
2  -17316.244140625  
4  -18372.453125  
2  -16865.30078125  
4  -17921.23828125  
2  -17070.23828125  
4  -18120.09375  
2  -16987.5546875  
4  -18040.6171875  
2  -17288.232421875  
4  -18343.703125  
2  -17043.34375  
4  -18097.2109375  
2  -16938.3671875  
4  -17972.796875  
2  -17108.0546875  
4  -18158.6875  
2  -17601.9921875  
4  -18673.109375  
2  -17009.06640625  
4  -18079.66796875  
2  -17050.646484375  
4  -18116.95703125  
2  -17338.58984375  
4  -18405.7109375  
2  -17571.96875  
4  -18662.9921875  
2  -16933.796875  
4  -17969.578125  
2  -17246.66796875  
4  -18309.845703125  
2  -17088.05859375  
4  -18147.1328125  
2  -17464.1875  
4  -18565.86328125  
2  -17199.162109375  
4  -18264.31640625  
2  -16814.5  
4  -17851.595703125  
2  -16884.43359375  
4  -17938.9296875  
2  -17342.65234375  
4  -18443.55859375  
2  -17322.16796875  
4  -18396.5859375  
2  -17738.1328125  
4  -18847.46484375  
2  -17214.19140625  
4  -18266.12890625  
2  -17705.97265625  
4  -18800.505859375  
2  -17412.68359375  
4  -18506.93359375  
2  -16866.9765625  
4  -17924.87109375  
2  -17513.17578125  
4  -18595.90234375  
2  -16921.61328125  
4  -17975.341796875  
2  -16768.55078125  
4  -17793.3125  
2  -17632.474609375  
4  -18733.423828125  
2  -17579.3515625  
4  -18689.509765625  
2  -17290.609375  
4  -18364.8984375  
2  -17427.419921875  
4  -18525.0078125  
2  -17335.84375  
4  -18413.89453125  
2  -17242.56640625  
4  -18327.203125  
2  -16860.818359375  
4  -17909.2578125  
2  -17383.328125  
4  -18465.376953125  
2  -17245.25  
4  -18324.236328125  
2  -17012.703125  
4  -18070.326171875  
2  -17668.443359375  
4  -18750.439453125  
2  -17166.3046875  
4  -18235.0546875  
2  -17499.125  
4  -18588.69921875  
2  -16985.48046875  
4  -18037.86328125  
2  -17395.384765625  
4  -18475.9609375  
2  -17142.48828125  
4  -18209.1875  
2  -16951.478515625  
4  -18002.11328125  
2  -17534.46875  
4  -18638.09375  
2  -17562.51953125  
4  -18652.40625  
2  -17473.716796875  
4  -18573.1328125  
2  -17535.6171875  
4  -18628.82421875  
2  -17373.603515625  
4  -18449.83203125  
2  -17402.92578125  
4  -18492.71484375  
2  -17229.287109375  
4  -18302.22265625  
2  -17553.4453125  
4  -18631.546875  
2  -17215.41015625  
4  -18287.81640625  
2  -17533.375  
4  -18639.69140625  
2  -17332.015625  
4  -18416.375  
2  -17646.61328125  
4  -18740.140625  
2  -17565.390625  
4  -18650.62109375  
2  -17081.25  
4  -18166.14453125  
2  -17101.8984375  
4  -18164.34765625  
2  -17051.263671875  
4  -18078.19921875  
2  -17797.05078125  
4  -18914.7421875  
2  -17387.32421875  
4  -18470.955078125  
2  -17818.7890625  
4  -18931.18359375  
2  -17157.46875  
4  -18237.12890625  
2  -17531.966796875  
4  -18617.822265625  
2  -17443.705078125  
4  -18532.9296875  
2  -17183.89453125  
4  -18251.666015625  
2  -17511.5546875  
4  -18601.77734375  
2  -17214.291015625  
4  -18287.7109375  
2  -17036.974609375  
4  -18096.0703125  
2  -17106.810546875  
4  -18167.388671875  
2  -17182.736328125  
4  -18257.458984375  
2  -17459.400390625  
4  -18547.529296875  
2  -16838.466796875  
4  -17886.310546875  
2  -16867.244140625  
4  -17915.080078125  
2  -17261.994140625  
4  -18343.18359375  
2  -17728.4609375  
4  -18833.236328125  
2  -17277.57421875  
4  -18361.455078125  
2  -17517.33984375  
4  -18629.8984375  
2  -17687.06640625  
4  -18786.51953125  
2  -17187.1171875  
4  -18253.98828125  
2  -17824.28515625  
4  -18936.05078125  
2  -17823.82421875  
4  -18945.21484375  
2  -16967.166015625  
4  -18026.3046875  
2  -17221.6875  
4  -18288.005859375  
2  -17177.3125  
4  -18225.4921875  
2  -17258.7109375  
4  -18330.46484375  
2  -17397.6328125  
4  -18488.76953125  
2  -17522.10546875  
4  -18607.15625  
2  -17370.529296875  
4  -18457.08984375  
2  -17311.529296875  
4  -18384.61328125  
2  -17360.47265625  
4  -18432.458984375  
2  -17394.1796875  
4  -18485.708984375  
2  -17291.02734375  
4  -18352.0390625  
2  -16997.568359375  
4  -18051.29296875  
2  -17583.82421875  
4  -18655.50390625  
2  -17110.751953125  
4  -18183.4296875  
2  -17012.109375  
4  -18053.568359375  
2  -17076.296875  
4  -18128.4765625  
2  -17174.10546875  
4  -18235.87109375  
2  -17212.02734375  
4  -18292.38671875  
2  -17238.0  
4  -18317.6796875  
2  -16637.1328125  
4  -17672.99609375  
2  -17221.134765625  
4  -18303.53515625  
2  -16795.94140625  
4  -17832.17578125  
2  -17764.609375  
4  -18870.4140625  
2  -17264.978515625  
4  -18368.041015625  
2  -17468.078125  
4  -18553.513671875  
2  -17504.546875  
4  -18599.337890625  
2  -17691.37890625  
4  -18769.78515625  
2  -17259.447265625  
4  -18338.7265625  
2  -17189.1484375  
4  -18265.08984375  
2  -17580.10546875  
4  -18694.37890625  
2  -17445.92578125  
4  -18540.0078125  
2  -17725.25  
4  -18836.72265625  
2  -17620.015625  
4  -18716.103515625  
2  -17075.58203125  
4  -18149.921875  
2  -17271.134765625  
4  -18353.3984375  
2  -17453.84765625  
4  -18537.509765625  
2  -17010.69140625  
4  -18078.91796875  
2  -16940.23828125  
4  -18004.7578125  
2  -17032.8671875  
4  -18085.36328125  
2  -17658.47265625  
4  -18766.6171875  
2  -17384.25  
4  -18464.00390625  
2  -17258.4453125  
4  -18343.23046875  
2  -17117.4375  
4  -18153.43359375  
2  -17230.84375  
4  -18292.734375  
2  -17620.43359375  
4  -18735.546875  
2  -17062.390625  
4  -18126.74609375  
2  -16944.541015625  
4  -17997.94140625  
2  -17262.3046875  
4  -18336.2265625  
2  -17632.986328125  
4  -18740.234375  
2  -17520.82421875  
4  -18625.333984375  
2  -17560.86328125  
4  -18645.21484375  
2  -16814.41015625  
4  -17856.5546875  
2  -17593.33203125  
4  -18666.73828125  
2  -17392.595703125  
4  -18466.390625  
2  -16906.5546875  
4  -17975.45703125  
2  -17267.9140625  
4  -18340.640625  
2  -17331.74609375  
4  -18416.576171875  
2  -16769.826171875  
4  -17802.955078125  
2  -17249.166015625  
4  -18327.48046875  
2  -17681.244140625  
4  -18781.55078125  
2  -17401.5703125  
4  -18480.1796875  
2  -17325.830078125  
4  -18420.6875  
2  -17779.00390625  
4  -18869.703125  
2  -17210.259765625  
4  -18288.296875  
2  -17446.728515625  
4  -18515.80859375  
2  -17091.828125  
4  -18149.62109375  
2  -17356.619140625  
4  -18427.3046875  
2  -16964.7109375  
4  -18014.94140625  
2  -17468.470703125  
4  -18563.4765625  
2  -17181.248046875  
4  -18248.17578125  
2  -17483.1015625  
4  -18571.591796875  
2  -16970.259765625  
4  -18024.318359375  
2  -17600.5234375  
4  -18708.58203125  
2  -16943.009765625  
4  -17990.662109375  
2  -17710.07421875  
4  -18811.625  
2  -17536.5703125  
4  -18640.9453125  
2  -17271.2109375  
4  -18344.048828125  
2  -17439.208984375  
4  -18509.974609375  
2  -17397.7578125  
4  -18488.7265625  
2  -17279.068359375  
4  -18351.53125  
2  -17653.4609375  
4  -18739.7265625  
2  -17470.439453125  
4  -18576.28125  
2  -16908.01171875  
4  -17963.390625  
2  -17040.931640625  
4  -18103.1015625  
2  -16947.8828125  
4  -18008.5703125  
2  -17591.4609375  
4  -18705.07421875  
2  -16745.49609375  
4  -17789.73828125  
2  -17381.140625  
4  -18466.78125  
2  -16943.6640625  
4  -18006.83984375  
2  -16737.47265625  
4  -17775.08984375  
2  -17343.859375  
4  -18417.38671875  
2  -17580.462890625  
4  -18688.234375  
2  -17585.380859375  
4  -18676.32421875  
2  -17664.1328125  
4  -18755.8515625  
2  -16980.03515625  
4  -18031.623046875  
2  -16977.81640625  
4  -18038.484375  
2  -17322.40234375  
4  -18401.130859375  
2  -17453.697265625  
4  -18563.88671875  
2  -16882.390625  
4  -17932.650390625  
2  -17031.11328125  
4  -18096.5859375  
2  -17921.01953125  
4  -19045.91015625  
2  -17401.375  
4  -18482.947265625  
2  -16918.099609375  
4  -17984.29296875  
2  -17304.4140625  
4  -18404.064453125  
2  -17299.0703125  
4  -18373.6953125  
2  -16762.82421875  
4  -17798.87109375  
2  -17012.259765625  
4  -18067.28515625  
2  -17113.984375  
4  -18180.443359375  
2  -16740.44921875  
4  -17765.5390625  
2  -16901.38671875  
4  -17961.26171875  
2  -17469.39453125  
4  -18556.998046875  
2  -17161.658203125  
4  -18232.3046875  
2  -16925.3125  
4  -17986.837890625  
2  -17605.94921875  
4  -18716.34375  
2  -16900.546875  
4  -17938.298828125  
2  -17453.798828125  
4  -18541.703125  
2  -17103.666015625  
4  -18156.78125  
2  -18056.90625  
4  -19187.88671875  
2  -17185.740234375  
4  -18270.53515625  
2  -17306.658203125  
4  -18381.982421875  
2  -16627.458984375  
4  -17648.4453125  
2  -16615.669921875  
4  -17662.765625  
2  -17540.625  
4  -18636.224609375  
2  -17112.10546875  
4  -18166.767578125  
2  -17020.68359375  
4  -18092.7109375  
2  -16956.35546875  
4  -18028.96484375  
2  -17010.75  
4  -18063.841796875  
2  -17151.94921875  
4  -18216.712890625  
2  -17250.06640625  
4  -18328.033203125  
2  -17348.78515625  
4  -18418.8203125  
2  -17176.892578125  
4  -18247.7734375  
2  -17675.056640625  
4  -18776.5390625  
2  -17275.0703125  
4  -18359.8125  
2  -17074.9609375  
4  -18139.4921875  
2  -17220.890625  
4  -18290.359375  
2  -17711.08984375  
4  -18819.2265625  
2  -17556.41796875  
4  -18653.77734375  
2  -17263.51171875  
4  -18359.77734375  
2  -17259.525390625  
4  -18324.513671875  
2  -17973.767578125  
4  -19114.78125  
2  -17255.30859375  
4  -18320.841796875  
2  -17485.59765625  
4  -18572.296875  
2  -17884.640625  
4  -19006.03515625  
2  -17598.45703125  
4  -18691.171875  
2  -16969.103515625  
4  -18040.5  
2  -17167.4140625  
4  -18234.6328125  
2  -17259.05078125  
4  -18344.19140625  
2  -17502.884765625  
4  -18597.125  
2  -16988.322265625  
4  -18030.6484375  
2  -17243.97265625  
4  -18330.015625  
2  -17385.90234375  
4  -18466.01171875  
2  -17273.015625  
4  -18336.390625  
2  -17043.58203125  
4  -18112.03125  
2  -17362.259765625  
4  -18446.3515625  
2  -17445.94140625  
4  -18521.126953125  
2  -16647.37109375  
4  -17684.240234375  
2  -17198.97265625  
4  -18263.95703125  
2  -17531.98046875  
4  -18630.6328125  
2  -17098.546875  
4  -18142.625  
2  -17902.26171875  
4  -18993.83984375  
2  -17463.841796875  
4  -18539.869140625  
2  -17399.501953125  
4  -18491.09375  
2  -17387.6015625  
4  -18457.453125  
2  -17207.0  
4  -18266.51953125  
2  -17266.63671875  
4  -18333.3125  
2  -17475.06640625  
4  -18565.703125  
2  -17417.0234375  
4  -18497.9765625  
2  -16884.8828125  
4  -17924.365234375  
2  -17444.68359375  
4  -18524.3984375  
2  -17063.576171875  
4  -18120.7734375  
2  -17509.818359375  
4  -18606.9375  
2  -17011.6640625  
4  -18069.083984375  
2  -17433.83203125  
4  -18529.197265625  
2  -17329.283203125  
4  -18413.501953125  
2  -17261.9296875  
4  -18328.16796875  
2  -17051.171875  
4  -18110.5625  
2  -17682.7265625  
4  -18788.53515625  
2  -17494.7734375  
4  -18591.7578125  
2  -17258.59375  
4  -18341.3828125  
2  -17587.171875  
4  -18689.9765625  
2  -16937.796875  
4  -17993.09375  
2  -17735.9453125  
4  -18855.85546875  
2  -17439.60546875  
4  -18516.953125  
2  -17696.5546875  
4  -18795.3515625  
2  -17253.10546875  
4  -18317.66796875  
2  -17082.046875  
4  -18159.36328125  
2  -17018.880859375  
4  -18065.2890625  
2  -17067.48828125  
4  -18130.41015625  
2  -17723.322265625  
4  -18825.05859375  
2  -17465.234375  
4  -18571.4140625  
2  -17815.408203125  
4  -18896.513671875  
2  -17527.62109375  
4  -18614.61328125  
2  -17064.203125  
4  -18133.6015625  
2  -17351.021484375  
4  -18444.296875  
2  -17405.82421875  
4  -18499.60546875  
2  -17283.12109375  
4  -18334.873046875  
2  -17137.21484375  
4  -18193.87890625  
2  -17641.8203125  
4  -18738.31640625  
2  -17448.34375  
4  -18546.43359375  
2  -17299.33984375  
4  -18378.8828125  
2  -17272.103515625  
4  -18334.681640625  
2  -17544.40625  
4  -18643.0625  
2  -17462.634765625  
4  -18561.68359375  
2  -17246.197265625  
4  -18322.1328125  
2  -17475.8828125  
4  -18559.701171875  
2  -17600.248046875  
4  -18709.578125  
2  -17082.02734375  
4  -18160.67578125  
2  -16998.84765625  
4  -18050.255859375  
2  -17050.52734375  
4  -18123.2890625  
2  -17724.06640625  
4  -18826.701171875  
2  -17160.6875  
4  -18232.54296875  
2  -17283.55078125  
4  -18366.158203125  
2  -17295.8125  
4  -18378.67578125  
2  -17342.11328125  
4  -18411.72265625  
2  -17242.490234375  
4  -18320.94140625  
2  -17219.146484375  
4  -18291.9453125  
2  -17632.732421875  
4  -18730.87109375  
2  -17436.525390625  
4  -18529.578125  
2  -17205.75  
4  -18276.40625  
2  -17280.69921875  
4  -18334.140625  
2  -17069.421875  
4  -18131.44921875  
2  -17268.9296875  
4  -18344.06640625  
2  -17641.81640625  
4  -18748.109375  
2  -17503.21875  
4  -18599.521484375  
2  -17736.55859375  
4  -18828.81640625  
2  -17147.09375  
4  -18211.67578125  
2  -17308.14453125  
4  -18395.12890625  
2  -17097.787109375  
4  -18164.69921875  
2  -17320.08203125  
4  -18402.69140625  
2  -17389.609375  
4  -18479.82421875  
2  -17711.16796875  
4  -18820.423828125  
2  -17212.25  
4  -18274.078125  
2  -17236.35546875  
4  -18290.7265625  
2  -17110.578125  
4  -18163.439453125  
2  -17392.9921875  
4  -18492.138671875  
2  -17181.40625  
4  -18254.318359375  
2  -17162.58984375  
4  -18217.453125  
2  -17126.158203125  
4  -18192.142578125  
2  -17360.17578125  
4  -18442.89453125  
2  -17053.615234375  
4  -18115.26953125  
2  -17382.5234375  
4  -18460.5859375  
2  -17515.958984375  
4  -18599.6171875  
2  -17718.57421875  
4  -18820.365234375  
2  -17635.044921875  
4  -18735.98828125  
2  -17219.30859375  
4  -18297.845703125  
2  -17474.98046875  
4  -18575.21484375  
2  -17303.71875  
4  -18374.29296875  
2  -17342.52734375  
4  -18413.57421875  
2  -17098.185546875  
4  -18160.595703125  
2  -17253.00390625  
4  -18337.513671875  
2  -17159.583984375  
4  -18224.22265625  
2  -16999.890625  
4  -18074.16796875  
2  -17692.11328125  
4  -18776.18359375  
2  -17238.04296875  
4  -18325.57421875  
2  -17165.08203125  
4  -18231.501953125  
2  -17138.48828125  
4  -18192.8984375  
2  -17115.33203125  
4  -18190.60546875  
2  -17010.712890625  
4  -18067.58984375  
2  -17461.328125  
4  -18560.07421875  
2  -17401.3203125  
4  -18476.810546875  
2  -17722.48828125  
4  -18821.560546875  
2  -17848.37890625  
4  -18935.833984375  
2  -17133.88671875  
4  -18217.70703125  
2  -17484.6796875  
4  -18564.734375  
2  -18007.54296875  
4  -19144.35546875  
2  -16743.49609375  
4  -17784.703125  
2  -17074.5  
4  -18146.71875  
2  -16997.7578125  
4  -18037.13671875  
2  -16801.078125  
4  -17837.3203125  
2  -17426.8671875  
4  -18520.6953125  
2  -16804.060546875  
4  -17840.138671875  
2  -16814.35546875  
4  -17854.765625  
2  -17462.76953125  
4  -18552.62890625  
2  -17346.3828125  
4  -18413.171875  
2  -17407.74609375  
4  -18482.3984375  
2  -17507.37890625  
4  -18602.853515625  
2  -17440.466796875  
4  -18533.0546875  
2  -17618.75390625  
4  -18718.072265625  
2  -17503.849609375  
4  -18586.58203125  
2  -17785.861328125  
4  -18897.5390625  
2  -17316.50390625  
4  -18397.7734375  
2  -17328.6484375  
4  -18410.99609375  
2  -17225.234375  
4  -18301.52734375  
2  -17507.619140625  
4  -18582.736328125  
2  -16832.91015625  
4  -17878.587890625  
2  -17506.701171875  
4  -18594.208984375  
2  -17418.48828125  
4  -18512.1953125  
2  -17375.33203125  
4  -18471.47265625  
2  -17780.189453125  
4  -18870.66796875  
2  -17725.20703125  
4  -18841.439453125  
2  -17131.6640625  
4  -18191.70703125  
2  -17267.859375  
4  -18348.755859375  
2  -17050.640625  
4  -18103.69921875  
2  -17054.994140625  
4  -18120.16015625  
2  -17636.908203125  
4  -18713.59765625  
2  -17312.5234375  
4  -18397.919921875  
2  -16957.736328125  
4  -18011.689453125  
2  -17177.79296875  
4  -18248.736328125  
2  -17937.23046875  
4  -19035.9375  
2  -17492.158203125  
4  -18580.853515625  
2  -17101.48046875  
4  -18183.490234375  
2  -17344.49609375  
4  -18413.44140625  
2  -17780.91015625  
4  -18907.04296875  
2  -17150.76953125  
4  -18203.01953125  
2  -17416.166015625  
4  -18496.59765625  
2  -17663.265625  
4  -18769.810546875  
2  -17420.671875  
4  -18497.2734375  
2  -17221.8828125  
4  -18276.173828125  
2  -17167.6171875  
4  -18222.0078125  
2  -17183.89453125  
4  -18244.04296875  
2  -17257.9296875  
4  -18324.67578125  
2  -17570.30078125  
4  -18672.564453125  
2  -17186.0078125  
4  -18250.740234375  
2  -17007.974609375  
4  -18065.5234375  
2  -17215.0234375  
4  -18281.59765625  
2  -16963.150390625  
4  -18032.212890625  
2  -16989.73046875  
4  -18041.71875  
2  -17018.4140625  
4  -18061.123046875  
2  -16988.12109375  
4  -18036.654296875  
2  -17064.33984375  
4  -18129.373046875  
2  -16983.9375  
4  -18039.1484375  
2  -17732.21875  
4  -18820.18359375  
2  -17850.6484375  
4  -18968.076171875  
2  -17374.240234375  
4  -18440.4375  
2  -17174.943359375  
4  -18240.056640625  
2  -17085.66796875  
4  -18158.783203125  
2  -16821.25  
4  -17853.61328125  
2  -17268.54296875  
4  -18366.5  
2  -17551.9453125  
4  -18626.595703125  
2  -17147.71484375  
4  -18214.66796875  
2  -17307.896484375  
4  -18383.458984375  
2  -17536.068359375  
4  -18631.677734375  
2  -17401.0234375  
4  -18475.802734375  
2  -17053.806640625  
4  -18096.87890625  
2  -17293.73046875  
4  -18375.03515625  
2  -17706.33203125  
4  -18813.37109375  
2  -17466.33203125  
4  -18549.5546875  
2  -17750.6796875  
4  -18847.6875  
2  -17673.49609375  
4  -18780.6875  
2  -17619.001953125  
4  -18718.48828125  
2  -17383.09765625  
4  -18487.79296875  
2  -17085.9609375  
4  -18158.0625  
2  -17100.638671875  
4  -18155.814453125  
2  -17029.65234375  
4  -18095.1953125  
2  -17402.619140625  
4  -18482.95703125  
2  -17436.908203125  
4  -18547.6640625  
2  -17802.7421875  
4  -18931.638671875  
2  -17613.87890625  
4  -18703.787109375  
2  -17571.87890625  
4  -18677.013671875  
2  -17270.7890625  
4  -18358.92578125  
2  -17094.73828125  
4  -18157.08203125  
2  -17783.890625  
4  -18902.57421875  
2  -17438.728515625  
4  -18520.45703125  
2  -17045.59765625  
4  -18095.26953125  
2  -17039.962890625  
4  -18098.583984375  
2  -17894.515625  
4  -19008.05859375  
2  -17699.60546875  
4  -18798.4140625  
2  -17544.71875  
4  -18643.65234375  
2  -17048.330078125  
4  -18112.05859375  
2  -17381.546875  
4  -18474.5703125  
2  -16871.390625  
4  -17913.26953125  
2  -17457.83984375  
4  -18539.18359375  
2  -17127.953125  
4  -18203.81640625  
2  -17196.03125  
4  -18247.265625  
2  -17416.2265625  
4  -18509.40234375  
2  -18010.375  
4  -19150.578125  
2  -17098.42578125  
4  -18169.111328125  
2  -17531.962890625  
4  -18622.716796875  
2  -17263.71484375  
4  -18323.134765625  
2  -17408.76171875  
4  -18492.333984375  
2  -17305.75  
4  -18368.517578125  
2  -17441.8828125  
4  -18540.87890625  
2  -17445.8125  
4  -18538.640625  
