2  -19293.88671875  
4  -20651.01953125  
2  -18909.04296875  
4  -20238.89453125  
2  -19433.107421875  
4  -20786.23828125  
2  -19319.64453125  
4  -20689.953125  
2  -19526.619140625  
4  -20892.953125  
2  -19917.76953125  
4  -21349.41796875  
2  -19612.083984375  
4  -21015.69140625  
2  -19440.5546875  
4  -20807.1171875  
2  -19751.15625  
4  -21150.263671875  
2  -19469.390625  
4  -20843.0859375  
2  -19175.83984375  
4  -20573.640625  
2  -19655.87109375  
4  -21058.673828125  
2  -19840.029296875  
4  -21249.9609375  
2  -20155.556640625  
4  -21588.625  
2  -20016.009765625  
4  -21421.1171875  
2  -20005.89453125  
4  -21413.935546875  
2  -19889.5234375  
4  -21305.203125  
2  -19418.38671875  
4  -20785.671875  
2  -19845.42578125  
4  -21265.3671875  
2  -20192.216796875  
4  -21632.34375  
2  -19251.728515625  
4  -20624.24609375  
2  -19488.72265625  
4  -20854.408203125  
2  -19256.1328125  
4  -20604.013671875  
2  -19605.837890625  
4  -21018.748046875  
2  -19789.42578125  
4  -21202.1484375  
2  -19877.63671875  
4  -21292.84765625  
2  -19367.39453125  
4  -20743.52734375  
2  -19694.107421875  
4  -21072.421875  
2  -19407.171875  
4  -20750.732421875  
2  -19301.59375  
4  -20675.728515625  
2  -19491.96875  
4  -20845.841796875  
2  -19151.66796875  
4  -20491.626953125  
2  -19703.86328125  
4  -21066.56640625  
2  -19817.546875  
4  -21213.6796875  
2  -19416.08203125  
4  -20800.53125  
2  -19565.6640625  
4  -20950.55859375  
2  -19341.03125  
4  -20652.33984375  
2  -19365.8671875  
4  -20709.033203125  
2  -19003.337890625  
4  -20322.96484375  
2  -19091.029296875  
4  -20412.34765625  
2  -18877.56640625  
4  -20221.4296875  
2  -19404.33984375  
4  -20769.560546875  
2  -19384.578125  
4  -20743.46484375  
2  -19602.705078125  
4  -20972.734375  
2  -19660.771484375  
4  -21058.13671875  
2  -19636.029296875  
4  -21025.43359375  
2  -20379.3203125  
4  -21800.4375  
2  -20255.17578125  
4  -21706.076171875  
2  -19985.046875  
4  -21411.55078125  
2  -19855.91796875  
4  -21255.171875  
2  -20170.078125  
4  -21603.259765625  
2  -19625.71484375  
4  -21008.1875  
2  -19534.69921875  
4  -20907.544921875  
2  -19587.984375  
4  -20977.44140625  
2  -19096.5546875  
4  -20411.42578125  
2  -19342.9140625  
4  -20700.666015625  
2  -19348.26953125  
4  -20712.203125  
2  -19867.494140625  
4  -21232.46875  
2  -19427.19921875  
4  -20796.921875  
2  -19067.740234375  
4  -20396.578125  
2  -19825.42578125  
4  -21244.24609375  
2  -19744.84375  
4  -21145.576171875  
2  -19407.40234375  
4  -20763.98828125  
2  -19422.021484375  
4  -20793.361328125  
2  -19027.95703125  
4  -20370.302734375  
2  -19690.59765625  
4  -21074.21875  
2  -19517.884765625  
4  -20891.939453125  
2  -19320.734375  
4  -20677.31640625  
2  -19605.947265625  
4  -21019.24609375  
2  -19049.4609375  
4  -20404.23828125  
2  -19193.44921875  
4  -20536.38671875  
2  -19327.919921875  
4  -20683.44140625  
2  -19232.984375  
4  -20602.923828125  
2  -19141.7734375  
4  -20480.62890625  
2  -19321.2421875  
4  -20687.646484375  
2  -19253.95703125  
4  -20611.73046875  
2  -19315.224609375  
4  -20686.41796875  
2  -19679.796875  
4  -21066.33203125  
2  -19671.49609375  
4  -21076.013671875  
2  -19612.59765625  
4  -21008.513671875  
2  -19520.197265625  
4  -20911.25  
2  -19468.3359375  
4  -20840.01171875  
2  -19385.23828125  
4  -20780.859375  
2  -19412.91796875  
4  -20755.26171875  
2  -19660.69140625  
4  -21028.2890625  
2  -19783.70703125  
4  -21179.853515625  
2  -19981.41015625  
4  -21406.923828125  
2  -19669.30859375  
4  -21065.14453125  
2  -19472.328125  
4  -20868.916015625  
2  -19681.4140625  
4  -21049.53515625  
2  -19574.4140625  
4  -20957.673828125  
2  -19573.259765625  
4  -20936.21875  
2  -19606.232421875  
4  -20965.736328125  
2  -19782.55859375  
4  -21194.5703125  
2  -19630.2421875  
4  -21027.236328125  
2  -19605.48046875  
4  -20976.03125  
2  -19281.68359375  
4  -20656.62890625  
2  -19717.970703125  
4  -21109.87890625  
2  -20145.953125  
4  -21597.912109375  
2  -20018.517578125  
4  -21434.583984375  
2  -19860.32421875  
4  -21255.771484375  
2  -19761.72265625  
4  -21106.578125  
2  -19364.91796875  
4  -20751.00390625  
2  -19543.478515625  
4  -20913.48828125  
2  -19829.609375  
4  -21230.65625  
2  -20247.30078125  
4  -21688.35546875  
2  -19773.875  
4  -21189.2421875  
2  -19239.27734375  
4  -20573.9296875  
2  -19726.71875  
4  -21099.453125  
2  -19303.904296875  
4  -20673.98828125  
2  -19580.16015625  
4  -20945.802734375  
2  -19891.15625  
4  -21285.576171875  
2  -20213.1484375  
4  -21648.38671875  
2  -19708.0234375  
4  -21089.45703125  
2  -19701.4921875  
4  -21098.7265625  
2  -19879.8828125  
4  -21292.119140625  
2  -19436.12890625  
4  -20823.41015625  
2  -19825.830078125  
4  -21224.57421875  
2  -19939.92578125  
4  -21345.4609375  
2  -19407.46875  
4  -20764.390625  
2  -19375.22265625  
4  -20779.03125  
2  -19735.80859375  
4  -21118.154296875  
2  -19937.125  
4  -21335.05078125  
2  -20010.3984375  
4  -21438.52734375  
2  -20233.560546875  
4  -21659.9140625  
2  -19598.83203125  
4  -20992.78515625  
2  -19950.3515625  
4  -21393.36328125  
2  -19634.580078125  
4  -21022.982421875  
2  -19629.21875  
4  -21004.84765625  
2  -20062.33984375  
4  -21513.060546875  
2  -19868.68359375  
4  -21276.19140625  
2  -19263.5078125  
4  -20628.22265625  
2  -19308.61328125  
4  -20665.37109375  
2  -19387.009765625  
4  -20707.37890625  
2  -18842.716796875  
4  -20171.888671875  
2  -19324.859375  
4  -20678.10546875  
2  -19145.79296875  
4  -20498.888671875  
2  -19404.55859375  
4  -20756.357421875  
2  -19293.4140625  
4  -20680.12890625  
2  -19394.6015625  
4  -20783.15234375  
2  -19127.76171875  
4  -20493.0859375  
2  -19566.29296875  
4  -20935.44921875  
2  -19734.990234375  
4  -21140.025390625  
2  -19586.88671875  
4  -20941.5390625  
2  -19865.740234375  
4  -21237.27734375  
2  -19355.37109375  
4  -20699.6171875  
2  -19369.6015625  
4  -20726.81640625  
2  -19412.34765625  
4  -20787.576171875  
2  -20301.74609375  
4  -21734.619140625  
2  -19758.677734375  
4  -21195.587890625  
2  -20481.62109375  
4  -21938.34375  
2  -19464.306640625  
4  -20826.40234375  
2  -19512.91015625  
4  -20924.4765625  
2  -20350.197265625  
4  -21795.74609375  
2  -19884.419921875  
4  -21278.10546875  
2  -20175.6484375  
4  -21609.560546875  
2  -20198.513671875  
4  -21657.412109375  
2  -19873.8828125  
4  -21317.8203125  
2  -20307.36328125  
4  -21731.6640625  
2  -19654.328125  
4  -21057.7421875  
2  -19704.69921875  
4  -21088.1640625  
2  -19508.841796875  
4  -20876.8359375  
2  -19811.51171875  
4  -21206.4609375  
2  -19292.318359375  
4  -20686.064453125  
2  -19522.30859375  
4  -20898.916015625  
2  -19861.021484375  
4  -21271.923828125  
2  -19565.0859375  
4  -20939.52734375  
2  -19707.021484375  
4  -21096.25390625  
2  -19790.193359375  
4  -21188.33203125  
2  -19713.541015625  
4  -21090.427734375  
2  -19507.12890625  
4  -20869.546875  
2  -19452.54296875  
4  -20791.724609375  
2  -19595.86328125  
4  -20935.98046875  
2  -19661.828125  
4  -21033.3828125  
2  -19282.990234375  
4  -20638.34375  
2  -19413.34375  
4  -20760.501953125  
2  -19900.12890625  
4  -21261.0546875  
2  -20089.025390625  
4  -21540.734375  
2  -19479.3515625  
4  -20894.25390625  
2  -19389.2890625  
4  -20760.56640625  
2  -19293.546875  
4  -20661.068359375  
2  -19843.38671875  
4  -21244.921875  
2  -19582.91796875  
4  -20967.3125  
2  -19536.783203125  
4  -20927.85546875  
2  -19536.4375  
4  -20948.341796875  
2  -19297.0859375  
4  -20674.556640625  
2  -20118.455078125  
4  -21552.724609375  
2  -19851.01171875  
4  -21266.5234375  
2  -20085.11328125  
4  -21510.359375  
2  -20062.58984375  
4  -21485.10546875  
2  -20151.64453125  
4  -21575.064453125  
2  -19361.154296875  
4  -20752.22265625  
2  -20144.728515625  
4  -21613.005859375  
2  -19627.01953125  
4  -21012.2578125  
2  -19722.01171875  
4  -21113.63671875  
2  -19460.13671875  
4  -20867.283203125  
2  -19998.97265625  
4  -21418.7265625  
2  -19889.37109375  
4  -21308.8046875  
2  -19988.869140625  
4  -21399.50390625  
2  -19812.984375  
4  -21229.755859375  
2  -20143.1953125  
4  -21550.552734375  
2  -19386.810546875  
4  -20762.171875  
2  -19323.76171875  
4  -20693.09765625  
2  -19892.748046875  
4  -21283.921875  
2  -19845.076171875  
4  -21256.90234375  
2  -19719.28125  
4  -21109.9375  
2  -19506.49609375  
4  -20905.31640625  
2  -19940.12109375  
4  -21338.765625  
2  -19606.7109375  
4  -20989.4453125  
2  -19339.734375  
4  -20692.36328125  
2  -19206.3203125  
4  -20557.34765625  
2  -19291.30859375  
4  -20657.484375  
2  -19429.64453125  
4  -20808.61328125  
2  -19615.2421875  
4  -20994.80859375  
2  -19852.013671875  
4  -21250.2578125  
2  -19587.10546875  
4  -20961.748046875  
2  -19823.224609375  
4  -21223.140625  
2  -19714.103515625  
4  -21135.357421875  
2  -19725.67578125  
4  -21117.783203125  
2  -19652.201171875  
4  -21033.96484375  
2  -19718.8359375  
4  -21095.552734375  
2  -19513.1171875  
4  -20899.9296875  
2  -19912.6328125  
4  -21319.751953125  
2  -19778.701171875  
4  -21182.5  
2  -20023.8359375  
4  -21443.791015625  
2  -19492.138671875  
4  -20888.78125  
2  -19312.28515625  
4  -20683.44921875  
2  -19047.552734375  
4  -20397.0859375  
2  -19060.46484375  
4  -20399.408203125  
2  -19599.78515625  
4  -21000.3828125  
2  -19249.3515625  
4  -20588.28515625  
2  -18893.55078125  
4  -20207.953125  
2  -19459.806640625  
4  -20843.23828125  
2  -19710.19140625  
4  -21079.5859375  
2  -20067.84765625  
4  -21502.7734375  
2  -19835.51171875  
4  -21247.1953125  
2  -19608.58203125  
4  -20998.39453125  
2  -19813.673828125  
4  -21209.796875  
2  -19899.93359375  
4  -21294.34375  
2  -19715.47265625  
4  -21149.630859375  
2  -19779.158203125  
4  -21171.39453125  
2  -20183.8046875  
4  -21625.43359375  
2  -19623.6171875  
4  -21024.8671875  
2  -19652.67578125  
4  -21057.171875  
2  -19270.62890625  
4  -20652.6875  
2  -19738.748046875  
4  -21154.1171875  
2  -20221.58984375  
4  -21680.01953125  
2  -19858.458984375  
4  -21304.8984375  
2  -20229.06640625  
4  -21663.61328125  
2  -19689.474609375  
4  -21064.369140625  
2  -19826.587890625  
4  -21246.26171875  
2  -20160.6640625  
4  -21610.20703125  
2  -20276.869140625  
4  -21716.1796875  
2  -19260.453125  
4  -20608.23046875  
2  -19001.90234375  
4  -20328.330078125  
2  -19257.98046875  
4  -20613.484375  
2  -19935.109375  
4  -21344.623046875  
2  -19437.435546875  
4  -20814.0390625  
2  -19533.7421875  
4  -20911.140625  
2  -19038.95703125  
4  -20358.3359375  
2  -19361.171875  
4  -20709.7890625  
2  -19431.123046875  
4  -20735.73046875  
2  -19368.51171875  
4  -20711.3515625  
2  -19271.390625  
4  -20617.87109375  
2  -19718.90625  
4  -21108.275390625  
2  -19926.4609375  
4  -21305.23046875  
2  -19447.5234375  
4  -20816.892578125  
2  -19237.1953125  
4  -20627.27734375  
2  -19546.2890625  
4  -20961.73046875  
2  -19972.41015625  
4  -21397.22265625  
2  -19777.6953125  
4  -21164.3984375  
2  -20062.09765625  
4  -21472.783203125  
2  -19896.341796875  
4  -21309.546875  
2  -20093.05078125  
4  -21514.32421875  
2  -19851.98828125  
4  -21307.607421875  
2  -20190.7421875  
4  -21653.3515625  
2  -20392.02734375  
4  -21881.84375  
2  -19695.6953125  
4  -21116.9296875  
2  -19467.76953125  
4  -20879.54296875  
2  -19704.76953125  
4  -21101.890625  
2  -19649.814453125  
4  -21070.19921875  
2  -19594.5625  
4  -21028.25  
2  -20273.138671875  
4  -21717.916015625  
2  -19882.490234375  
4  -21316.3359375  
2  -19806.04296875  
4  -21191.677734375  
2  -19368.021484375  
4  -20769.025390625  
2  -19608.65625  
4  -21018.078125  
2  -19861.5078125  
4  -21286.869140625  
2  -19345.830078125  
4  -20708.23828125  
2  -20042.59375  
4  -21458.6640625  
2  -19602.84765625  
4  -20982.84765625  
2  -20180.986328125  
4  -21617.74609375  
2  -19856.61328125  
4  -21241.171875  
2  -19643.54296875  
4  -21055.12109375  
2  -19760.6171875  
4  -21125.83203125  
2  -19703.1015625  
4  -21107.74609375  
2  -19860.96484375  
4  -21269.0859375  
2  -20082.01171875  
4  -21499.64453125  
2  -20241.79296875  
4  -21699.09375  
2  -19465.296875  
4  -20858.30859375  
2  -20063.0234375  
4  -21536.998046875  
2  -19840.771484375  
4  -21264.45703125  
2  -19908.0078125  
4  -21319.4453125  
2  -19755.466796875  
4  -21174.294921875  
2  -19594.33984375  
4  -20983.62109375  
2  -19679.728515625  
4  -21035.759765625  
2  -19326.8515625  
4  -20687.759765625  
2  -19598.142578125  
4  -20979.82421875  
2  -19792.33984375  
4  -21201.546875  
2  -19519.966796875  
4  -20907.7265625  
2  -19935.849609375  
4  -21358.62890625  
2  -20474.033203125  
4  -21916.0  
2  -20198.58984375  
4  -21627.095703125  
2  -20316.146484375  
4  -21763.56640625  
2  -20007.2421875  
4  -21448.634765625  
2  -19838.845703125  
4  -21245.7265625  
2  -20415.228515625  
4  -21869.228515625  
2  -20180.87890625  
4  -21638.423828125  
2  -19626.6015625  
4  -21017.580078125  
2  -20037.0078125  
4  -21474.7890625  
2  -19703.0625  
4  -21097.96484375  
2  -20400.291015625  
4  -21855.892578125  
2  -19570.1484375  
4  -20980.71484375  
2  -19603.7265625  
4  -21012.5234375  
2  -19912.326171875  
4  -21335.1015625  
2  -19711.15234375  
4  -21121.138671875  
2  -19438.02734375  
4  -20816.015625  
2  -20026.48828125  
4  -21441.271484375  
2  -19721.9765625  
4  -21122.94921875  
2  -20278.2109375  
4  -21720.59375  
2  -19839.0703125  
4  -21286.302734375  
2  -19820.857421875  
4  -21223.521484375  
2  -19580.58203125  
4  -20972.0078125  
2  -20156.2265625  
4  -21583.19921875  
2  -19497.779296875  
4  -20862.3203125  
2  -19766.6015625  
4  -21141.169921875  
2  -19090.03515625  
4  -20456.126953125  
2  -19330.267578125  
4  -20675.880859375  
2  -19091.58203125  
4  -20424.265625  
2  -19353.25390625  
4  -20713.62109375  
2  -19267.81640625  
4  -20619.3671875  
2  -19706.767578125  
4  -21079.5625  
2  -19577.7265625  
4  -20952.41015625  
2  -19595.6484375  
4  -21028.35546875  
2  -19445.33203125  
4  -20843.7421875  
2  -19638.828125  
4  -21032.65625  
2  -19245.69921875  
4  -20602.189453125  
2  -19552.400390625  
4  -20919.236328125  
2  -19414.275390625  
4  -20795.07421875  
2  -19636.373046875  
4  -20999.599609375  
2  -19776.638671875  
4  -21137.32421875  
2  -19358.6953125  
4  -20705.69140625  
2  -19432.234375  
4  -20813.2109375  
2  -19732.03125  
4  -21100.951171875  
2  -20107.78515625  
4  -21516.20703125  
2  -18966.3203125  
4  -20334.3515625  
2  -20176.94140625  
4  -21602.17578125  
2  -20299.166015625  
4  -21723.228515625  
2  -19522.869140625  
4  -20915.2734375  
2  -19854.26171875  
4  -21289.212890625  
2  -19955.06640625  
4  -21406.072265625  
2  -19504.0078125  
4  -20923.798828125  
2  -19741.451171875  
4  -21139.24609375  
2  -19988.59765625  
4  -21376.74609375  
2  -19619.962890625  
4  -21014.623046875  
2  -19941.82421875  
4  -21376.763671875  
2  -19683.962890625  
4  -21109.912109375  
2  -19094.2421875  
4  -20470.271484375  
2  -20030.46875  
4  -21463.26171875  
2  -19293.8359375  
4  -20669.0  
2  -19565.98828125  
4  -20963.5390625  
2  -19477.23828125  
4  -20863.03125  
2  -19851.91796875  
4  -21268.1953125  
2  -19638.19140625  
4  -21025.283203125  
2  -19357.328125  
4  -20715.96875  
2  -19198.2265625  
4  -20584.658203125  
2  -19383.37890625  
4  -20777.52734375  
2  -19466.5  
4  -20837.4921875  
2  -19431.73828125  
4  -20865.705078125  
2  -20399.453125  
4  -21832.96875  
2  -20274.59375  
4  -21704.01171875  
2  -19406.041015625  
4  -20782.21484375  
2  -19720.16015625  
4  -21109.34765625  
2  -20130.19140625  
4  -21557.265625  
2  -19986.255859375  
4  -21443.37109375  
2  -19683.46484375  
4  -21062.23828125  
2  -19722.01171875  
4  -21117.44140625  
2  -19933.857421875  
4  -21342.78125  
2  -19623.96875  
4  -20988.86328125  
2  -19421.23828125  
4  -20765.41796875  
2  -19141.099609375  
4  -20498.56640625  
2  -19563.65625  
4  -20945.17578125  
2  -19528.54296875  
4  -20915.3359375  
2  -19440.62109375  
4  -20820.4921875  
2  -19379.36328125  
4  -20728.04296875  
2  -19689.59375  
4  -21076.8515625  
2  -19284.4296875  
4  -20637.515625  
2  -20159.43359375  
4  -21550.24609375  
2  -18927.1796875  
4  -20263.638671875  
2  -19813.8828125  
4  -21194.3203125  
2  -19168.3515625  
4  -20504.1796875  
2  -19699.40234375  
4  -21079.33984375  
2  -19571.71484375  
4  -20920.4140625  
2  -19207.78515625  
4  -20601.810546875  
2  -19574.04296875  
4  -20959.80078125  
2  -19277.951171875  
4  -20644.7109375  
2  -19394.318359375  
4  -20776.62109375  
2  -19861.099609375  
4  -21262.71875  
2  -20002.162109375  
4  -21398.38671875  
2  -19109.41796875  
4  -20468.84765625  
2  -19440.82421875  
4  -20803.9921875  
2  -19804.73046875  
4  -21178.44140625  
2  -19896.90234375  
4  -21283.01171875  
2  -19634.056640625  
4  -21001.443359375  
2  -19080.1015625  
4  -20414.158203125  
2  -19494.857421875  
4  -20877.7578125  
2  -19468.16796875  
4  -20813.39453125  
2  -19295.1875  
4  -20657.6875  
2  -19481.57421875  
4  -20824.86328125  
2  -19645.03125  
4  -21041.13671875  
2  -19527.33984375  
4  -20930.166015625  
2  -19840.734375  
4  -21257.5078125  
2  -19856.01953125  
4  -21274.38671875  
2  -19793.47265625  
4  -21173.04296875  
2  -19135.09765625  
4  -20482.685546875  
2  -19341.48828125  
4  -20675.78515625  
2  -19494.23046875  
4  -20855.134765625  
2  -19195.30078125  
4  -20567.015625  
2  -19493.2109375  
4  -20854.67578125  
2  -19821.03515625  
4  -21216.0390625  
2  -19709.0  
4  -21110.119140625  
2  -19664.27734375  
4  -21060.23828125  
2  -19669.650390625  
4  -21043.3359375  
2  -19292.96875  
4  -20643.33984375  
2  -19099.4296875  
4  -20465.26171875  
2  -19314.9921875  
4  -20675.3515625  
2  -19861.029296875  
4  -21247.56640625  
2  -19820.912109375  
4  -21195.224609375  
2  -19587.3515625  
4  -20972.48046875  
2  -19348.37890625  
4  -20709.546875  
2  -19723.71875  
4  -21101.251953125  
2  -19532.125  
4  -20900.43359375  
2  -20019.671875  
4  -21407.8203125  
2  -20065.54296875  
4  -21487.029296875  
2  -20162.947265625  
4  -21578.796875  
2  -19615.07421875  
4  -20997.75  
2  -19387.09765625  
4  -20724.09765625  
2  -19233.265625  
4  -20605.62890625  
2  -19950.896484375  
4  -21379.2109375  
2  -19984.16796875  
4  -21396.04296875  
2  -19757.46875  
4  -21159.69921875  
2  -19675.0078125  
4  -21075.26953125  
2  -19620.609375  
4  -21026.53515625  
2  -20499.064453125  
4  -21941.2421875  
2  -19959.818359375  
4  -21360.244140625  
2  -19750.1328125  
4  -21149.61328125  
2  -19644.36328125  
4  -21055.25  
2  -19922.931640625  
4  -21322.16015625  
2  -19805.75390625  
4  -21179.6796875  
2  -19482.34765625  
4  -20868.234375  
2  -19684.6640625  
4  -21097.38671875  
2  -19887.77734375  
4  -21302.79296875  
2  -19781.986328125  
4  -21190.921875  
2  -19827.3984375  
4  -21242.62109375  
2  -19475.47265625  
4  -20835.419921875  
2  -19664.099609375  
4  -21051.337890625  
2  -19968.984375  
4  -21388.39453125  
2  -19578.376953125  
4  -20972.029296875  
2  -19573.5390625  
4  -20974.87890625  
2  -19567.7734375  
4  -20986.072265625  
2  -19978.810546875  
4  -21390.04296875  
2  -20097.66796875  
4  -21527.189453125  
2  -19848.48046875  
4  -21234.162109375  
2  -19818.11328125  
4  -21227.072265625  
2  -20127.0625  
4  -21552.0546875  
2  -19597.48046875  
4  -20978.0859375  
2  -20164.08203125  
4  -21609.1953125  
2  -19674.34375  
4  -21090.6640625  
2  -19795.3125  
4  -21179.26953125  
2  -19614.16796875  
4  -21001.34375  
2  -19580.078125  
4  -20955.927734375  
2  -19639.705078125  
4  -21018.5703125  
2  -19706.796875  
4  -21080.251953125  
2  -19698.33984375  
4  -21081.4296875  
2  -19674.578125  
4  -21091.140625  
2  -19875.58203125  
4  -21333.9375  
2  -20084.048828125  
4  -21513.6953125  
2  -20231.38671875  
4  -21678.9296875  
2  -19130.607421875  
4  -20483.462890625  
2  -19962.947265625  
4  -21382.919921875  
2  -19661.1640625  
4  -21069.0078125  
2  -19869.19921875  
4  -21284.654296875  
2  -19951.322265625  
4  -21393.646484375  
2  -20205.734375  
4  -21629.5703125  
2  -19405.693359375  
4  -20813.203125  
2  -19168.39453125  
4  -20540.07421875  
2  -20297.5234375  
4  -21756.30859375  
2  -19729.955078125  
4  -21133.669921875  
2  -19703.212890625  
4  -21106.61328125  
2  -19631.796875  
4  -21031.974609375  
2  -19968.2421875  
4  -21403.244140625  
2  -19983.4921875  
4  -21409.720703125  
2  -20175.28515625  
4  -21623.625  
2  -19996.4765625  
4  -21451.447265625  
2  -19961.0703125  
4  -21369.796875  
2  -19699.26953125  
4  -21128.16796875  
2  -19436.16015625  
4  -20826.53515625  
2  -20303.40234375  
4  -21736.77734375  
2  -19875.5625  
4  -21244.49609375  
2  -19068.75  
4  -20442.06640625  
2  -19957.26171875  
4  -21355.533203125  
2  -19332.888671875  
4  -20706.978515625  
2  -19904.103515625  
4  -21310.13671875  
2  -19586.583984375  
4  -20942.82421875  
2  -19384.7578125  
4  -20756.287109375  
2  -19275.228515625  
4  -20613.05859375  
2  -19471.17578125  
4  -20855.30859375  
2  -19894.3828125  
4  -21281.3125  
2  -19830.96484375  
4  -21247.6484375  
2  -20404.66796875  
4  -21894.765625  
2  -19972.869140625  
4  -21404.515625  
2  -19667.994140625  
4  -21079.91796875  
2  -20448.779296875  
4  -21901.69140625  
2  -19707.591796875  
4  -21123.171875  
2  -19633.50390625  
4  -21027.791015625  
2  -20156.177734375  
4  -21587.181640625  
2  -19583.9296875  
4  -20967.701171875  
2  -19475.24609375  
4  -20848.859375  
2  -19669.91796875  
4  -21088.974609375  
2  -19552.67578125  
4  -20928.125  
2  -19456.5703125  
4  -20831.62109375  
2  -19773.56640625  
4  -21162.6484375  
2  -19601.783203125  
4  -20991.064453125  
2  -19519.3515625  
4  -20907.53515625  
2  -19970.083984375  
4  -21402.353515625  
2  -19597.78515625  
4  -20970.166015625  
2  -19916.95703125  
4  -21327.697265625  
2  -19355.88671875  
4  -20734.8125  
2  -19295.19140625  
4  -20665.7578125  
2  -19819.09375  
4  -21212.6484375  
2  -19846.15625  
4  -21262.94140625  
2  -19968.4609375  
4  -21421.447265625  
2  -20039.91796875  
4  -21452.7578125  
2  -19940.3125  
4  -21354.5546875  
2  -20263.224609375  
4  -21728.9609375  
2  -19575.3671875  
4  -20963.193359375  
2  -19536.146484375  
4  -20913.7421875  
2  -19661.42578125  
4  -21053.80859375  
2  -19085.861328125  
4  -20456.595703125  
2  -19800.55078125  
4  -21185.08203125  
2  -19835.681640625  
4  -21239.01171875  
2  -19671.306640625  
4  -21049.49609375  
2  -19551.3125  
4  -20939.73046875  
2  -19309.20703125  
4  -20680.439453125  
2  -19655.546875  
4  -21041.646484375  
2  -19805.54296875  
4  -21213.705078125  
2  -20124.765625  
4  -21538.421875  
2  -20043.875  
4  -21475.650390625  
2  -19548.853515625  
4  -20926.162109375  
2  -19587.826171875  
4  -21038.484375  
2  -20000.263671875  
4  -21398.712890625  
2  -19900.41015625  
4  -21330.7421875  
2  -20039.458984375  
4  -21477.9609375  
2  -19853.048828125  
4  -21261.166015625  
2  -19238.8359375  
4  -20607.43359375  
2  -19337.87890625  
4  -20677.12109375  
2  -19515.29296875  
4  -20904.01953125  
2  -19650.896484375  
4  -20994.984375  
2  -19247.84375  
4  -20611.96875  
2  -19717.6015625  
4  -21076.435546875  
2  -19870.48828125  
4  -21290.841796875  
2  -19200.4453125  
4  -20560.35546875  
2  -19477.212890625  
4  -20828.12109375  
2  -19708.55859375  
4  -21088.984375  
2  -19932.236328125  
4  -21335.171875  
2  -19814.28125  
4  -21188.06640625  
2  -18968.796875  
4  -20300.98046875  
2  -18998.763671875  
4  -20380.125  
2  -19467.958984375  
4  -20823.84765625  
2  -19300.8046875  
4  -20641.294921875  
2  -19542.85546875  
4  -20904.421875  
2  -19659.716796875  
4  -21062.51171875  
2  -19809.58203125  
4  -21218.517578125  
2  -19397.30078125  
4  -20765.57421875  
2  -19718.779296875  
4  -21085.6953125  
2  -19266.32421875  
4  -20654.58984375  
2  -19459.8359375  
4  -20857.841796875  
2  -19870.52734375  
4  -21253.443359375  
2  -19227.3984375  
4  -20562.875  
2  -19196.662109375  
4  -20542.05078125  
2  -19012.76171875  
4  -20330.228515625  
2  -19087.88671875  
4  -20415.029296875  
2  -19094.984375  
4  -20425.396484375  
2  -19403.9609375  
4  -20771.400390625  
2  -19578.904296875  
4  -20961.2109375  
2  -19371.01953125  
4  -20714.81640625  
2  -19193.4609375  
4  -20550.12109375  
2  -19768.796875  
4  -21172.11328125  
2  -19541.0703125  
4  -20913.962890625  
2  -19530.078125  
4  -20906.322265625  
2  -19627.1328125  
4  -21015.72265625  
2  -19936.451171875  
4  -21370.619140625  
2  -19825.599609375  
4  -21195.552734375  
2  -20135.591796875  
4  -21562.916015625  
2  -20001.06640625  
4  -21439.3359375  
2  -20205.48828125  
4  -21623.462890625  
2  -19364.3984375  
4  -20691.40234375  
2  -19559.96484375  
4  -20922.5078125  
2  -19162.634765625  
4  -20530.546875  
2  -19736.20703125  
4  -21097.47265625  
2  -18937.53515625  
4  -20257.3046875  
2  -19424.9765625  
4  -20790.802734375  
2  -19451.87109375  
4  -20853.11328125  
2  -19590.572265625  
4  -21018.3125  
2  -19770.96484375  
4  -21175.548828125  
2  -19841.19140625  
4  -21247.75  
2  -19414.46875  
4  -20782.837890625  
2  -19379.263671875  
4  -20743.33203125  
2  -19547.923828125  
4  -20940.185546875  
2  -19019.21875  
4  -20376.26953125  
2  -19560.7734375  
4  -20937.75390625  
2  -19560.28515625  
4  -20941.76171875  
2  -19760.24609375  
4  -21139.25  
2  -19947.875  
4  -21363.0546875  
2  -19316.171875  
4  -20675.546875  
2  -19220.7890625  
4  -20566.78515625  
2  -19682.423828125  
4  -21054.77734375  
2  -19365.396484375  
4  -20737.65234375  
2  -19746.515625  
4  -21134.701171875  
2  -20063.71484375  
4  -21481.34375  
2  -19506.611328125  
4  -20873.12109375  
2  -19932.236328125  
4  -21325.037109375  
2  -19856.05859375  
4  -21248.56640625  
2  -19250.1015625  
4  -20612.3046875  
2  -19811.203125  
4  -21240.3046875  
2  -19847.26171875  
4  -21242.01171875  
2  -20106.9453125  
4  -21492.890625  
2  -19874.083984375  
4  -21291.15625  
2  -19780.123046875  
4  -21175.568359375  
2  -20136.640625  
4  -21588.20703125  
2  -19962.9375  
4  -21370.423828125  
2  -20291.59765625  
4  -21727.8125  
2  -19734.66015625  
4  -21158.20703125  
2  -19918.439453125  
4  -21339.044921875  
2  -19932.8203125  
4  -21376.67578125  
2  -19793.248046875  
4  -21195.1875  
2  -20085.24609375  
4  -21516.8125  
2  -19743.9375  
4  -21167.2109375  
2  -19875.30078125  
4  -21286.6328125  
2  -20369.572265625  
4  -21813.23828125  
2  -20360.791015625  
4  -21811.41796875  
2  -19694.5078125  
4  -21085.99609375  
2  -19752.64453125  
4  -21125.74609375  
2  -19409.79296875  
4  -20776.0703125  
2  -20049.537109375  
4  -21459.48046875  
2  -19707.95703125  
4  -21073.126953125  
2  -19497.2578125  
4  -20885.45703125  
2  -19702.521484375  
4  -21074.71484375  
2  -19773.943359375  
4  -21188.28125  
2  -19684.18359375  
4  -21078.6875  
2  -19951.04296875  
4  -21358.33984375  
2  -19733.546875  
4  -21155.544921875  
2  -19642.60546875  
4  -21038.37109375  
2  -19561.4921875  
4  -20963.296875  
2  -19181.19921875  
4  -20551.353515625  
2  -19609.41015625  
4  -20999.8125  
2  -19802.349609375  
4  -21166.296875  
2  -19711.138671875  
4  -21104.482421875  
2  -19762.00390625  
4  -21191.7109375  
2  -19941.7578125  
4  -21374.49609375  
2  -19754.6875  
4  -21131.43359375  
2  -19641.21875  
4  -21052.671875  
2  -19600.39453125  
4  -21009.939453125  
2  -19775.775390625  
4  -21201.9765625  
2  -20467.66796875  
4  -21944.9765625  
2  -19853.72265625  
4  -21269.39453125  
2  -20368.046875  
4  -21808.236328125  
2  -20295.390625  
4  -21745.1328125  
2  -19656.98046875  
4  -21093.4921875  
2  -20098.65234375  
4  -21515.07421875  
2  -19516.40625  
4  -20895.208984375  
2  -19343.828125  
4  -20715.44140625  
2  -19310.1484375  
4  -20658.5  
2  -19777.05078125  
4  -21179.833984375  
2  -19322.3203125  
4  -20699.36328125  
2  -19904.65625  
4  -21290.92578125  
2  -19831.46875  
4  -21228.4609375  
2  -19927.19921875  
4  -21333.33203125  
2  -19824.203125  
4  -21193.458984375  
2  -19657.34375  
4  -21055.4765625  
2  -19112.87109375  
4  -20459.291015625  
2  -20302.140625  
4  -21717.669921875  
2  -19696.078125  
4  -21088.697265625  
2  -20116.09765625  
4  -21549.27734375  
2  -19347.40625  
4  -20702.84375  
2  -19496.900390625  
4  -20868.6796875  
2  -19789.443359375  
4  -21208.703125  
2  -20019.18359375  
4  -21436.009765625  
2  -19525.908203125  
4  -20921.8203125  
2  -19348.025390625  
4  -20697.068359375  
2  -19870.65234375  
4  -21265.875  
2  -19415.67578125  
4  -20812.44921875  
2  -19872.544921875  
4  -21323.24609375  
2  -19972.5625  
4  -21384.74609375  
2  -20350.65625  
4  -21809.591796875  
2  -19703.17578125  
4  -21106.18359375  
2  -19680.64453125  
4  -21097.01171875  
2  -19431.92578125  
4  -20805.77734375  
2  -20041.091796875  
4  -21474.779296875  
2  -19295.7890625  
4  -20646.65234375  
2  -19519.390625  
4  -20895.080078125  
2  -19550.3203125  
4  -20965.595703125  
2  -19432.6171875  
4  -20839.025390625  
2  -20148.73046875  
4  -21581.322265625  
2  -19886.109375  
4  -21284.1015625  
2  -19792.453125  
4  -21188.98828125  
2  -19621.10546875  
4  -20981.763671875  
2  -19891.439453125  
4  -21301.505859375  
2  -19844.8671875  
4  -21241.26171875  
2  -20141.58203125  
4  -21556.0546875  
2  -19368.21875  
4  -20760.798828125  
2  -20047.80859375  
4  -21469.353515625  
2  -19506.30078125  
4  -20884.84375  
2  -19742.939453125  
4  -21120.69140625  
2  -20235.859375  
4  -21693.12109375  
2  -20233.263671875  
4  -21686.275390625  
2  -19916.033203125  
4  -21325.83984375  
2  -19223.64453125  
4  -20590.60546875  
2  -19674.8125  
4  -21053.66796875  
2  -19751.89453125  
4  -21167.125  
2  -19482.2421875  
4  -20833.26171875  
2  -19045.109375  
4  -20407.033203125  
2  -20403.43359375  
4  -21844.73046875  
2  -19056.01171875  
4  -20421.2109375  
2  -19939.6796875  
4  -21355.505859375  
2  -19756.40625  
4  -21169.8828125  
2  -20121.255859375  
4  -21566.30078125  
2  -19724.396484375  
4  -21128.064453125  
2  -19835.31640625  
4  -21249.283203125  
2  -19146.13671875  
4  -20490.39453125  
2  -19396.271484375  
4  -20751.78125  
2  -19385.8984375  
4  -20735.283203125  
2  -19447.26171875  
4  -20834.416015625  
2  -19855.248046875  
4  -21245.8359375  
2  -19409.64453125  
4  -20791.154296875  
2  -19767.57421875  
4  -21170.03515625  
2  -19467.3515625  
4  -20881.537109375  
2  -19411.28515625  
4  -20793.81640625  
2  -19857.3125  
4  -21303.3515625  
2  -20116.3046875  
4  -21566.8984375  
2  -19974.701171875  
4  -21403.4375  
2  -19580.43359375  
4  -20996.93359375  
2  -19814.76953125  
4  -21200.94140625  
2  -19593.23046875  
4  -21001.91796875  
2  -20076.626953125  
4  -21481.14453125  
2  -19752.7578125  
4  -21144.79296875  
2  -20187.56640625  
4  -21655.1640625  
2  -19772.7578125  
4  -21186.2421875  
2  -19674.69921875  
4  -21083.484375  
2  -19508.29296875  
4  -20892.109375  
2  -19850.203125  
4  -21279.578125  
2  -20391.40625  
4  -21849.775390625  
2  -20524.71484375  
4  -21980.69921875  
2  -20289.11328125  
4  -21722.8125  
2  -19814.49609375  
4  -21235.822265625  
2  -19303.234375  
4  -20667.51953125  
2  -19383.08984375  
4  -20711.80859375  
2  -19786.658203125  
4  -21151.6015625  
2  -19283.662109375  
4  -20631.392578125  
2  -19695.734375  
4  -21079.36328125  
2  -19686.12109375  
4  -21076.76953125  
2  -19771.4140625  
4  -21143.98828125  
2  -19603.33203125  
4  -21006.3828125  
2  -19620.611328125  
4  -21003.7734375  
2  -19046.43359375  
4  -20387.623046875  
2  -19073.0  
4  -20418.33984375  
2  -19414.158203125  
4  -20778.19140625  
2  -19699.01171875  
4  -21083.744140625  
2  -19185.677734375  
4  -20538.23046875  
2  -18548.37109375  
4  -19841.73046875  
2  -19348.435546875  
4  -20688.052734375  
2  -19405.54296875  
4  -20760.6640625  
2  -19760.341796875  
4  -21173.76171875  
2  -20377.28515625  
4  -21798.328125  
2  -19976.8984375  
4  -21410.4765625  
2  -19408.0703125  
4  -20781.736328125  
2  -19623.07421875  
4  -20985.404296875  
2  -19482.79296875  
4  -20862.41015625  
2  -19602.22265625  
4  -20991.72265625  
2  -18942.41015625  
4  -20251.83984375  
2  -19111.986328125  
4  -20435.490234375  
2  -19295.76171875  
4  -20671.419921875  
2  -18942.703125  
4  -20266.171875  
2  -19559.609375  
4  -20933.2578125  
2  -19358.6796875  
4  -20716.828125  
2  -19849.123046875  
4  -21263.375  
2  -19869.93359375  
4  -21292.865234375  
2  -19321.7890625  
4  -20723.716796875  
2  -19250.45703125  
4  -20573.625  
2  -19566.390625  
4  -20929.638671875  
2  -19469.68359375  
4  -20857.783203125  
2  -19387.673828125  
4  -20738.265625  
2  -19422.841796875  
4  -20753.708984375  
2  -19378.5703125  
4  -20727.88671875  
2  -19893.05859375  
4  -21273.703125  
2  -19936.27734375  
4  -21330.052734375  
2  -19742.703125  
4  -21130.646484375  
2  -18997.48828125  
4  -20346.201171875  
2  -18891.171875  
4  -20222.0859375  
2  -18989.46875  
4  -20313.4296875  
2  -19114.61328125  
4  -20440.3046875  
2  -19326.93359375  
4  -20671.0234375  
2  -19409.94921875  
4  -20755.8828125  
2  -19255.33984375  
4  -20588.6015625  
2  -18943.01953125  
4  -20249.310546875  
2  -19178.4140625  
4  -20534.4375  
2  -19826.97265625  
4  -21238.515625  
2  -19647.85546875  
4  -21025.40234375  
2  -19445.208984375  
4  -20820.794921875  
2  -19619.955078125  
4  -21018.314453125  
2  -19350.203125  
4  -20719.83203125  
2  -19164.3984375  
4  -20544.51953125  
2  -19896.859375  
4  -21320.998046875  
2  -20030.1875  
4  -21463.73828125  
2  -20103.57421875  
4  -21519.96875  
2  -20001.29296875  
4  -21416.7109375  
2  -19911.53125  
4  -21342.77734375  
2  -19796.4140625  
4  -21209.20703125  
2  -19824.453125  
4  -21231.7421875  
2  -19615.75390625  
4  -21027.498046875  
2  -19271.462890625  
4  -20635.607421875  
2  -19600.91796875  
4  -20964.53515625  
2  -19520.29296875  
4  -20865.240234375  
2  -18987.984375  
4  -20296.73828125  
2  -19308.26953125  
4  -20631.46875  
2  -19178.236328125  
4  -20516.94921875  
2  -19617.5703125  
4  -20980.91015625  
2  -19132.255859375  
4  -20455.857421875  
2  -19091.87109375  
4  -20406.578125  
2  -19383.50390625  
4  -20731.5546875  
2  -19113.0390625  
4  -20459.0546875  
2  -19664.015625  
4  -21026.76953125  
2  -19666.810546875  
4  -21054.578125  
2  -19284.66796875  
4  -20646.962890625  
2  -19304.0  
4  -20656.65234375  
2  -19923.82421875  
4  -21343.59375  
2  -19845.5625  
4  -21244.99609375  
2  -19418.130859375  
4  -20801.896484375  
2  -19588.552734375  
4  -20984.060546875  
2  -19797.54296875  
4  -21183.71484375  
2  -19625.47265625  
4  -21008.173828125  
2  -20164.5234375  
4  -21600.888671875  
2  -19904.47265625  
4  -21335.50390625  
2  -19422.076171875  
4  -20777.408203125  
2  -19750.19140625  
4  -21149.59375  
2  -19427.69921875  
4  -20813.8125  
2  -19828.328125  
4  -21226.16015625  
2  -19900.9765625  
4  -21330.224609375  
2  -19788.31640625  
4  -21191.6796875  
2  -19772.375  
4  -21192.48046875  
2  -20126.49609375  
4  -21562.9453125  
2  -20153.630859375  
4  -21579.8125  
2  -19824.41796875  
4  -21238.73046875  
2  -19739.5234375  
4  -21129.94921875  
2  -19831.10546875  
4  -21263.87890625  
2  -19675.109375  
4  -21069.30078125  
2  -19915.724609375  
4  -21339.7109375  
2  -19658.70703125  
4  -21044.703125  
2  -19953.36328125  
4  -21343.107421875  
2  -19857.548828125  
4  -21235.03515625  
2  -19790.39453125  
4  -21199.55859375  
2  -19590.728515625  
4  -20961.76171875  
2  -19401.298828125  
4  -20800.0390625  
2  -19712.3515625  
4  -21095.57421875  
2  -19954.240234375  
4  -21354.251953125  
2  -20033.578125  
4  -21476.3984375  
2  -20251.4140625  
4  -21675.994140625  
2  -19740.794921875  
4  -21156.1796875  
2  -19466.65234375  
4  -20848.66796875  
2  -19708.25390625  
4  -21115.1484375  
2  -19809.0390625  
4  -21214.169921875  
2  -19497.828125  
4  -20877.140625  
2  -20099.296875  
4  -21525.142578125  
2  -19764.431640625  
4  -21181.90234375  
2  -19400.8984375  
4  -20765.109375  
2  -19676.9765625  
4  -21063.828125  
2  -19376.24609375  
4  -20752.748046875  
2  -19414.8515625  
4  -20790.029296875  
2  -19769.806640625  
4  -21187.37109375  
2  -19800.86328125  
4  -21224.033203125  
2  -20272.43359375  
4  -21707.0078125  
2  -19738.40625  
4  -21130.9609375  
2  -19606.333984375  
4  -21006.65234375  
2  -19794.72265625  
4  -21186.984375  
2  -20152.41796875  
4  -21575.064453125  
2  -19726.984375  
4  -21135.916015625  
2  -19576.59375  
4  -20970.1953125  
2  -20084.4453125  
4  -21522.62109375  
2  -20082.69921875  
4  -21516.84375  
2  -19989.298828125  
4  -21415.80859375  
2  -19819.9921875  
4  -21261.19921875  
2  -20246.783203125  
4  -21704.98046875  
2  -20066.7109375  
4  -21502.900390625  
2  -20256.15625  
4  -21688.9296875  
2  -19735.326171875  
4  -21138.904296875  
2  -19635.9609375  
4  -21042.68359375  
2  -19590.0  
4  -20985.7109375  
2  -20054.52734375  
4  -21477.724609375  
2  -19808.033203125  
4  -21206.091796875  
2  -19870.361328125  
4  -21300.24609375  
2  -19931.26171875  
4  -21323.181640625  
2  -20074.55859375  
4  -21531.353515625  
2  -20582.8984375  
4  -22055.861328125  
2  -19913.97265625  
4  -21354.0078125  
2  -19906.375  
4  -21357.244140625  
2  -20282.97265625  
4  -21753.24609375  
2  -20815.4140625  
4  -22321.5703125  
2  -20507.24609375  
4  -21981.046875  
2  -20170.904296875  
4  -21604.951171875  
2  -20715.8203125  
4  -22211.876953125  
2  -20222.8046875  
4  -21694.7578125  
2  -20051.126953125  
4  -21514.3984375  
2  -20053.83203125  
4  -21485.671875  
2  -20085.90234375  
4  -21518.828125  
2  -19810.46875  
4  -21194.6171875  
2  -19640.31640625  
4  -21044.640625  
2  -19596.5390625  
4  -20996.29296875  
2  -20161.6171875  
4  -21589.591796875  
2  -19741.42578125  
4  -21177.466796875  
2  -19818.796875  
4  -21198.88671875  
2  -19739.51953125  
4  -21128.3515625  
2  -19864.3984375  
4  -21267.876953125  
2  -19467.40625  
4  -20849.251953125  
2  -19637.84765625  
4  -21006.982421875  
2  -20055.15234375  
4  -21443.8203125  
2  -19229.376953125  
4  -20607.375  
2  -19672.01171875  
4  -21045.48046875  
2  -19407.00390625  
4  -20771.095703125  
2  -19195.669921875  
4  -20533.025390625  
2  -19195.81640625  
4  -20525.90234375  
2  -19642.4140625  
4  -21014.140625  
2  -18891.009765625  
4  -20249.6171875  
2  -19816.75390625  
4  -21205.9609375  
2  -19595.486328125  
4  -20959.126953125  
2  -20072.47265625  
4  -21474.28125  
2  -20153.28515625  
4  -21579.373046875  
2  -19366.75  
4  -20742.92578125  
2  -20041.91796875  
4  -21477.923828125  
2  -20181.64453125  
4  -21638.390625  
2  -20294.29296875  
4  -21753.720703125  
2  -20531.482421875  
4  -21992.751953125  
2  -20087.078125  
4  -21515.037109375  
2  -19156.21875  
4  -20514.85546875  
2  -19671.65625  
4  -21077.09375  
2  -19672.08203125  
4  -21069.2421875  
2  -19903.80859375  
4  -21332.28125  
2  -19586.4375  
4  -20990.6328125  
2  -19604.291015625  
4  -21022.546875  
2  -20267.78515625  
4  -21743.056640625  
2  -20200.546875  
4  -21660.77734375  
2  -20320.5078125  
4  -21771.716796875  
2  -20352.0859375  
4  -21825.939453125  
2  -20025.232421875  
4  -21452.578125  
2  -20016.18359375  
4  -21431.208984375  
2  -19533.9765625  
4  -20933.65625  
2  -19780.470703125  
4  -21186.466796875  
2  -19782.0234375  
4  -21190.734375  
2  -20212.884765625  
4  -21654.09375  
2  -19276.1015625  
4  -20638.83203125  
2  -19662.0  
4  -21053.3671875  
2  -20069.3125  
4  -21467.34375  
2  -19773.9375  
4  -21177.73046875  
2  -20086.365234375  
4  -21524.015625  
2  -20005.2578125  
4  -21416.93359375  
2  -20089.87890625  
4  -21528.8125  
2  -19919.47265625  
4  -21331.921875  
2  -19637.189453125  
4  -21042.9140625  
2  -20262.4140625  
4  -21689.0078125  
2  -20123.921875  
4  -21580.91796875  
2  -20469.65625  
4  -21946.87890625  
2  -19904.33203125  
4  -21312.751953125  
2  -19587.25390625  
4  -20991.171875  
2  -19894.91796875  
4  -21305.609375  
2  -19161.3515625  
4  -20516.90234375  
2  -19946.158203125  
4  -21363.66015625  
2  -19589.271484375  
4  -20971.314453125  
2  -19566.5078125  
4  -20935.6328125  
2  -19507.8125  
4  -20900.9453125  
2  -19577.1015625  
4  -20965.390625  
2  -20137.71484375  
4  -21579.279296875  
2  -19615.76171875  
4  -21003.203125  
2  -19805.80859375  
4  -21216.232421875  
2  -19818.921875  
4  -21204.90625  
2  -19772.42578125  
4  -21182.31640625  
2  -19555.07421875  
4  -20969.84765625  
2  -19936.173828125  
4  -21339.65625  
2  -19922.11328125  
4  -21319.166015625  
2  -19366.3359375  
4  -20723.59375  
2  -19560.4140625  
4  -20946.0390625  
2  -19727.525390625  
4  -21109.34375  
2  -19961.21484375  
4  -21392.421875  
2  -20621.53125  
4  -22089.4921875  
2  -19898.046875  
4  -21316.19921875  
2  -19954.46875  
4  -21377.517578125  
2  -19919.859375  
4  -21354.33203125  
2  -19871.9453125  
4  -21295.84765625  
2  -19652.154296875  
4  -21050.05078125  
2  -20014.830078125  
4  -21448.87890625  
2  -20152.453125  
4  -21586.10546875  
2  -20132.19921875  
4  -21566.50390625  
2  -19864.87109375  
4  -21244.796875  
2  -19872.337890625  
4  -21291.54296875  
2  -19983.966796875  
4  -21424.125  
2  -19903.021484375  
4  -21351.1328125  
2  -19869.8046875  
4  -21304.49609375  
2  -19590.6484375  
4  -20979.44140625  
2  -19958.455078125  
4  -21334.21875  
2  -19650.21875  
4  -21040.8984375  
2  -19994.01953125  
4  -21424.65234375  
2  -19767.080078125  
4  -21176.1484375  
2  -19050.474609375  
4  -20410.931640625  
2  -19116.85546875  
4  -20467.04296875  
2  -19379.9140625  
4  -20756.58984375  
2  -19783.90234375  
4  -21159.447265625  
2  -19459.60546875  
4  -20844.04296875  
2  -19211.25  
4  -20539.970703125  
2  -19283.03515625  
4  -20618.568359375  
2  -19555.53125  
4  -20933.603515625  
2  -19229.015625  
4  -20612.763671875  
2  -19371.5078125  
4  -20720.6171875  
2  -20525.6953125  
4  -21988.16015625  
2  -19947.05078125  
4  -21367.5703125  
2  -20096.150390625  
4  -21507.7578125  
2  -20280.8828125  
4  -21720.09765625  
2  -19663.3828125  
4  -21078.06640625  
2  -19663.775390625  
4  -21056.76953125  
2  -20124.19921875  
4  -21497.330078125  
2  -19915.72265625  
4  -21336.015625  
2  -19514.4921875  
4  -20882.65234375  
2  -19836.91015625  
4  -21207.94921875  
2  -19940.28515625  
4  -21344.390625  
2  -20049.1640625  
4  -21472.203125  
2  -19663.28515625  
4  -21055.84765625  
2  -19680.1484375  
4  -21080.01171875  
2  -19448.6640625  
4  -20798.6953125  
2  -19185.15234375  
4  -20519.470703125  
2  -18884.83984375  
4  -20211.609375  
2  -19441.49609375  
4  -20823.771484375  
2  -19247.1484375  
4  -20590.66796875  
2  -18872.671875  
4  -20202.40625  
2  -19549.607421875  
4  -20873.38671875  
2  -19783.671875  
4  -21153.0625  
2  -19404.716796875  
4  -20789.41796875  
2  -19355.4453125  
4  -20675.03125  
2  -19336.015625  
4  -20685.421875  
2  -19410.4453125  
4  -20793.734375  
2  -19898.931640625  
4  -21312.54296875  
2  -19745.18359375  
4  -21121.69140625  
2  -19734.66015625  
4  -21127.74609375  
2  -20182.1796875  
4  -21611.1796875  
2  -20018.259765625  
4  -21436.16015625  
2  -19081.447265625  
4  -20400.1796875  
2  -19017.9921875  
4  -20342.37890625  
2  -19431.28125  
4  -20807.396484375  
2  -19549.45703125  
4  -20939.197265625  
2  -19705.58203125  
4  -21092.69921875  
2  -19655.126953125  
4  -21032.74609375  
2  -19852.259765625  
4  -21255.919921875  
2  -19733.078125  
4  -21128.8828125  
2  -19946.32421875  
4  -21376.67578125  
2  -19477.896484375  
4  -20864.171875  
2  -19197.86328125  
4  -20558.4140625  
2  -19238.70703125  
4  -20608.26953125  
2  -19362.0234375  
4  -20717.947265625  
2  -19715.625  
4  -21105.771484375  
2  -19764.4609375  
4  -21141.25  
2  -19615.978515625  
4  -20980.6640625  
2  -19951.34375  
4  -21381.046875  
2  -19884.109375  
4  -21282.8203125  
2  -19782.16015625  
4  -21195.0546875  
2  -20150.234375  
4  -21564.88671875  
2  -19860.51171875  
4  -21289.833984375  
2  -20073.681640625  
4  -21530.34765625  
2  -20233.853515625  
4  -21663.525390625  
2  -19965.01171875  
4  -21362.013671875  
2  -19640.5234375  
4  -21052.14453125  
2  -19670.421875  
4  -21059.9609375  
2  -19529.353515625  
4  -20913.630859375  
2  -19425.087890625  
4  -20793.46484375  
2  -19633.89453125  
4  -21055.4921875  
2  -19310.984375  
4  -20684.130859375  
2  -19466.14453125  
4  -20830.806640625  
2  -20023.419921875  
4  -21465.29296875  
2  -19809.921875  
4  -21210.537109375  
2  -20475.57421875  
4  -21966.85546875  
2  -20169.6328125  
4  -21605.9296875  
2  -19763.87890625  
4  -21152.6796875  
2  -19981.587890625  
4  -21410.0234375  
2  -19809.78125  
4  -21236.80859375  
2  -19614.138671875  
4  -21021.05859375  
2  -19461.45703125  
4  -20827.56640625  
2  -19622.3203125  
4  -21005.72265625  
2  -20095.13671875  
4  -21522.462890625  
2  -19477.400390625  
4  -20850.671875  
2  -19879.529296875  
4  -21276.96875  
2  -19383.482421875  
4  -20751.955078125  
2  -20250.17578125  
4  -21667.265625  
2  -20230.67578125  
4  -21700.93359375  
2  -20138.826171875  
4  -21564.44140625  
2  -19351.4765625  
4  -20716.5078125  
2  -19494.021484375  
4  -20897.826171875  
2  -19926.310546875  
4  -21343.0078125  
2  -19654.1640625  
4  -21075.99609375  
2  -19882.56640625  
4  -21295.8515625  
2  -19998.0234375  
4  -21418.70703125  
2  -19640.787109375  
4  -21039.564453125  
2  -20176.90625  
4  -21617.48828125  
2  -19738.142578125  
4  -21128.421875  
2  -19703.2265625  
4  -21107.21484375  
2  -20150.640625  
4  -21562.97265625  
2  -19830.7890625  
4  -21238.83984375  
2  -19885.94140625  
4  -21304.30078125  
2  -19705.24609375  
4  -21104.6796875  
2  -19414.6953125  
4  -20753.34765625  
2  -20090.65625  
4  -21519.1953125  
2  -19604.39453125  
4  -20999.810546875  
2  -19306.953125  
4  -20667.578125  
2  -19629.98046875  
4  -21029.89453125  
2  -20270.017578125  
4  -21735.421875  
2  -20210.75  
4  -21658.80859375  
2  -19985.34375  
4  -21418.22265625  
2  -19631.482421875  
4  -21063.3828125  
2  -20108.359375  
4  -21543.224609375  
2  -19448.640625  
4  -20821.390625  
2  -19844.12109375  
4  -21255.251953125  
2  -20006.953125  
4  -21404.734375  
2  -19856.087890625  
4  -21264.9609375  
2  -19602.29296875  
4  -21004.447265625  
2  -19856.7734375  
4  -21272.205078125  
2  -20176.80078125  
4  -21606.666015625  
2  -19461.341796875  
4  -20837.5625  
2  -19640.88671875  
4  -21069.21875  
2  -19942.40625  
4  -21379.58203125  
2  -20335.669921875  
4  -21800.12890625  
2  -19999.2109375  
4  -21426.26171875  
2  -20433.27734375  
4  -21912.45703125  
2  -19885.16796875  
4  -21332.0390625  
2  -20215.6875  
4  -21675.341796875  
2  -19535.90625  
4  -20951.03125  
2  -19320.025390625  
4  -20681.21875  
2  -19583.875  
4  -20975.076171875  
2  -19986.89453125  
4  -21407.486328125  
2  -19786.326171875  
4  -21194.3671875  
2  -19768.630859375  
4  -21152.3203125  
2  -19504.5546875  
4  -20884.474609375  
2  -19408.00390625  
4  -20778.138671875  
2  -19759.7578125  
4  -21134.884765625  
2  -19831.72265625  
4  -21192.50390625  
2  -19249.767578125  
4  -20613.98828125  
2  -20094.625  
4  -21525.90234375  
2  -19557.58203125  
4  -20945.388671875  
2  -19956.44921875  
4  -21371.578125  
2  -19510.03515625  
4  -20929.7890625  
2  -19596.0546875  
4  -21020.85546875  
2  -19578.01953125  
4  -20945.17578125  
2  -19843.0625  
4  -21265.6796875  
2  -20069.9453125  
4  -21520.7265625  
2  -19768.21875  
4  -21202.59765625  
2  -20133.33203125  
4  -21600.52734375  
2  -19721.248046875  
4  -21131.5546875  
2  -20087.13671875  
4  -21535.982421875  
2  -19848.28125  
4  -21276.0546875  
2  -19550.236328125  
4  -20941.45703125  
2  -19806.734375  
4  -21207.43359375  
2  -19733.2265625  
4  -21163.337890625  
2  -19993.279296875  
4  -21461.5546875  
2  -19967.0390625  
4  -21378.556640625  
2  -20499.9453125  
4  -21962.498046875  
2  -20009.22265625  
4  -21419.990234375  
2  -19602.279296875  
4  -21019.138671875  
2  -20169.34765625  
4  -21601.5625  
2  -19626.4921875  
4  -21020.19921875  
2  -19606.15234375  
4  -20995.50390625  
2  -19376.9921875  
4  -20746.92578125  
2  -19436.12890625  
4  -20832.806640625  
2  -19823.365234375  
4  -21220.41015625  
2  -20348.33203125  
4  -21776.19921875  
2  -19570.833984375  
4  -20992.7578125  
2  -20262.37109375  
4  -21696.60546875  
2  -20039.26953125  
4  -21473.36328125  
2  -20030.908203125  
4  -21458.73046875  
2  -19761.25390625  
4  -21163.849609375  
2  -19763.482421875  
4  -21169.52734375  
2  -19100.583984375  
4  -20441.94921875  
2  -19376.0546875  
4  -20778.68359375