2  -17782.642578125  
4  -19024.87890625  
2  -17755.10546875  
4  -18987.53125  
2  -17185.5390625  
4  -18368.35546875  
2  -17596.81640625  
4  -18844.943359375  
2  -17756.73046875  
4  -19000.26953125  
2  -17253.109375  
4  -18457.54296875  
2  -18005.93359375  
4  -19255.060546875  
2  -17547.271484375  
4  -18779.18359375  
2  -17007.91796875  
4  -18186.509765625  
2  -17405.435546875  
4  -18637.568359375  
2  -17428.748046875  
4  -18654.755859375  
2  -17750.208984375  
4  -18986.357421875  
2  -17537.72265625  
4  -18773.5703125  
2  -17601.48046875  
4  -18828.787109375  
2  -17539.7109375  
4  -18749.10546875  
2  -17636.8125  
4  -18866.65234375  
2  -17238.875  
4  -18420.728515625  
2  -17528.501953125  
4  -18764.015625  
2  -17469.125  
4  -18683.275390625  
2  -17726.05859375  
4  -18978.05859375  
2  -17674.26171875  
4  -18899.88671875  
2  -17670.806640625  
4  -18897.5546875  
2  -17342.466796875  
4  -18555.044921875  
2  -17080.60546875  
4  -18280.48046875  
2  -17491.40625  
4  -18708.68359375  
2  -17355.3828125  
4  -18574.9609375  
2  -17413.78515625  
4  -18613.1484375  
2  -17405.4609375  
4  -18622.0078125  
2  -17541.31640625  
4  -18751.65625  
2  -17770.814453125  
4  -19010.8125  
2  -17486.7109375  
4  -18690.17578125  
2  -17258.0  
4  -18459.111328125  
2  -17718.189453125  
4  -18950.921875  
2  -17952.09765625  
4  -19175.8125  
2  -17209.697265625  
4  -18395.015625  
2  -17233.30859375  
4  -18445.16796875  
2  -17209.90625  
4  -18415.30859375  
2  -17484.7421875  
4  -18716.43359375  
2  -17385.2890625  
4  -18607.427734375  
2  -17579.1875  
4  -18830.00390625  
2  -17728.2265625  
4  -18969.021484375  
2  -16862.015625  
4  -18059.14453125  
2  -17468.6796875  
4  -18687.44921875  
2  -17619.0  
4  -18837.203125  
2  -17639.140625  
4  -18867.751953125  
2  -17377.001953125  
4  -18602.25390625  
2  -17340.955078125  
4  -18569.375  
2  -17071.65625  
4  -18268.064453125  
2  -17311.919921875  
4  -18525.5234375  
2  -17717.01953125  
4  -18950.21875  
2  -17288.650390625  
4  -18503.515625  
2  -17402.2421875  
4  -18622.833984375  
2  -17026.728515625  
4  -18200.40234375  
2  -17360.990234375  
4  -18564.01171875  
2  -17392.376953125  
4  -18591.11328125  
2  -17389.6875  
4  -18588.654296875  
2  -17582.267578125  
4  -18813.02734375  
2  -17381.7734375  
4  -18591.697265625  
2  -17501.796875  
4  -18697.744140625  
2  -17500.09375  
4  -18714.466796875  
2  -17123.125  
4  -18304.953125  
2  -17229.578125  
4  -18418.884765625  
2  -17218.953125  
4  -18416.609375  
2  -17252.5078125  
4  -18448.466796875  
2  -17611.0078125  
4  -18848.875  
2  -17400.69140625  
4  -18614.5625  
2  -17391.333984375  
4  -18613.599609375  
2  -17589.74609375  
4  -18804.056640625  
2  -17543.86328125  
4  -18768.28125  
2  -17497.921875  
4  -18702.517578125  
2  -17600.28125  
4  -18841.07421875  
2  -16852.09375  
4  -18034.46484375  
2  -17219.11328125  
4  -18453.484375  
2  -18144.623046875  
4  -19418.515625  
2  -17652.0234375  
4  -18863.869140625  
2  -17506.380859375  
4  -18736.06640625  
2  -17552.1796875  
4  -18788.294921875  
2  -17320.103515625  
4  -18520.51953125  
2  -17388.07421875  
4  -18594.576171875  
2  -16840.328125  
4  -18016.626953125  
2  -17269.7109375  
4  -18496.421875  
2  -17391.9921875  
4  -18607.10546875  
2  -17957.81640625  
4  -19209.34375  
2  -17480.80859375  
4  -18700.87109375  
2  -17505.1796875  
4  -18731.9765625  
2  -17369.365234375  
4  -18571.806640625  
2  -17598.33203125  
4  -18820.158203125  
2  -18471.517578125  
4  -19749.083984375  
2  -17673.9765625  
4  -18912.869140625  
2  -17241.2109375  
4  -18448.7578125  
2  -17166.890625  
4  -18376.171875  
2  -17786.916015625  
4  -19047.03515625  
2  -17351.3828125  
4  -18576.328125  
2  -17327.40625  
4  -18508.05078125  
2  -17173.20703125  
4  -18381.220703125  
2  -17776.724609375  
4  -19003.6875  
2  -17373.927734375  
4  -18592.419921875  
2  -17688.92578125  
4  -18922.177734375  
2  -17688.580078125  
4  -18903.69140625  
2  -17370.18359375  
4  -18582.59375  
2  -17011.662109375  
4  -18198.328125  
2  -17718.38671875  
4  -18946.81640625  
2  -17789.875  
4  -19035.74609375  
2  -17755.740234375  
4  -18993.6640625  
2  -17582.66796875  
4  -18824.2421875  
2  -17421.96484375  
4  -18630.79296875  
2  -17194.9296875  
4  -18402.6015625  
2  -17219.43359375  
4  -18435.33984375  
2  -17745.345703125  
4  -18973.80859375  
2  -17864.658203125  
4  -19104.150390625  
2  -17899.662109375  
4  -19138.83203125  
2  -17817.08203125  
4  -19081.380859375  
2  -17281.77734375  
4  -18469.802734375  
2  -17403.21875  
4  -18613.2734375  
2  -16901.587890625  
4  -18088.615234375  
2  -17207.62890625  
4  -18412.1015625  
2  -17219.765625  
4  -18419.94921875  
2  -17559.2421875  
4  -18788.7578125  
2  -17547.236328125  
4  -18772.419921875  
2  -17688.044921875  
4  -18915.8828125  
2  -16966.4453125  
4  -18160.29296875  
2  -17779.041015625  
4  -19037.76171875  
2  -17317.880859375  
4  -18522.482421875  
2  -17925.98828125  
4  -19176.5390625  
2  -17195.787109375  
4  -18382.1484375  
2  -17301.67578125  
4  -18497.3515625  
2  -17468.8515625  
4  -18688.62109375  
2  -17912.4296875  
4  -19161.271484375  
2  -17465.15625  
4  -18676.28515625  
2  -17651.265625  
4  -18897.52734375  
2  -17075.265625  
4  -18263.9921875  
2  -17336.09375  
4  -18565.015625  
2  -17467.78515625  
4  -18692.09765625  
2  -17669.25390625  
4  -18904.35546875  
2  -17376.22265625  
4  -18605.67578125  
2  -18072.119140625  
4  -19339.927734375  
2  -17684.94140625  
4  -18934.23828125  
2  -16972.794921875  
4  -18134.87109375  
2  -17109.9921875  
4  -18287.60546875  
2  -17316.267578125  
4  -18530.173828125  
2  -17200.177734375  
4  -18418.09375  
2  -17073.57421875  
4  -18273.029296875  
2  -17318.25  
4  -18545.0390625  
2  -16969.5  
4  -18127.41015625  
2  -17241.91796875  
4  -18436.203125  
2  -17362.0546875  
4  -18580.923828125  
2  -17016.498046875  
4  -18200.859375  
2  -17531.2890625  
4  -18741.537109375  
2  -17304.666015625  
4  -18507.2578125  
2  -17309.0078125  
4  -18516.2421875  
2  -17311.3203125  
4  -18526.822265625  
2  -17598.720703125  
4  -18820.67578125  
2  -17246.103515625  
4  -18450.759765625  
2  -17580.77734375  
4  -18814.9921875  
2  -17198.42578125  
4  -18410.8046875  
2  -17703.294921875  
4  -18936.88671875  
2  -17547.50390625  
4  -18772.234375  
2  -17097.455078125  
4  -18301.669921875  
2  -17589.158203125  
4  -18800.517578125  
2  -17546.6171875  
4  -18784.30859375  
2  -17121.09375  
4  -18302.380859375  
2  -17535.779296875  
4  -18769.51953125  
2  -17563.333984375  
4  -18812.36328125  
2  -17008.70703125  
4  -18180.931640625  
2  -17576.296875  
4  -18797.76171875  
2  -17296.328125  
4  -18516.91015625  
2  -17369.044921875  
4  -18577.248046875  
2  -17278.25390625  
4  -18460.63671875  
2  -17050.8359375  
4  -18242.15625  
2  -17060.59375  
4  -18255.76953125  
2  -17522.01953125  
4  -18760.15625  
2  -17119.279296875  
4  -18320.5625  
2  -17632.48046875  
4  -18882.78125  
2  -17591.9375  
4  -18815.0546875  
2  -17476.49609375  
4  -18702.90625  
2  -17279.6953125  
4  -18466.732421875  
2  -17238.05078125  
4  -18435.953125  
2  -17533.86328125  
4  -18742.837890625  
2  -17795.1796875  
4  -19041.97265625  
2  -17469.3828125  
4  -18685.283203125  
2  -17238.35546875  
4  -18446.97265625  
2  -17470.654296875  
4  -18670.9609375  
2  -17345.390625  
4  -18544.2578125  
2  -17501.3203125  
4  -18718.734375  
2  -17720.58984375  
4  -18970.634765625  
2  -17801.7421875  
4  -19053.1640625  
2  -17057.77734375  
4  -18237.400390625  
2  -17860.201171875  
4  -19103.34375  
2  -17564.68359375  
4  -18791.568359375  
2  -17706.953125  
4  -18953.212890625  
2  -17380.37890625  
4  -18583.244140625  
2  -17389.7421875  
4  -18608.01953125  
2  -17250.1640625  
4  -18446.74609375  
2  -17325.390625  
4  -18543.62890625  
2  -17442.458984375  
4  -18651.8125  
2  -17053.2578125  
4  -18260.55078125  
2  -17272.4453125  
4  -18508.525390625  
2  -17265.484375  
4  -18479.78515625  
2  -17604.16796875  
4  -18818.75390625  
2  -17705.470703125  
4  -18920.77734375  
2  -17021.49609375  
4  -18191.271484375  
2  -17449.68359375  
4  -18664.8984375  
2  -17085.31640625  
4  -18292.33203125  
2  -17512.12109375  
4  -18743.671875  
2  -17565.091796875  
4  -18788.68359375  
2  -17524.74609375  
4  -18739.55078125  
2  -17542.28125  
4  -18777.099609375  
2  -17604.146484375  
4  -18856.91796875  
2  -17723.587890625  
4  -18964.54296875  
2  -17367.69140625  
4  -18569.69921875  
2  -17709.1015625  
4  -18956.283203125  
2  -17631.462890625  
4  -18857.44140625  
2  -17387.046875  
4  -18586.49609375  
2  -17445.0625  
4  -18665.31640625  
2  -17315.765625  
4  -18529.65625  
2  -17874.515625  
4  -19108.189453125  
2  -17616.9453125  
4  -18846.060546875  
2  -17387.115234375  
4  -18622.45703125  
2  -17920.9609375  
4  -19190.59765625  
2  -17338.849609375  
4  -18568.7890625  
2  -17312.3828125  
4  -18503.765625  
2  -17696.609375  
4  -18924.5703125  
2  -17600.82421875  
4  -18830.5546875  
2  -17561.29296875  
4  -18776.5546875  
2  -17533.439453125  
4  -18753.29296875  
2  -17243.173828125  
4  -18442.357421875  
2  -17278.93359375  
4  -18482.6953125  
2  -16966.5234375  
4  -18123.673828125  
2  -17015.912109375  
4  -18217.4453125  
2  -17389.490234375  
4  -18610.234375  
2  -17567.833984375  
4  -18788.64453125  
2  -17510.97265625  
4  -18751.26953125  
2  -17471.9296875  
4  -18692.708984375  
2  -17405.224609375  
4  -18636.2109375  
2  -17755.33203125  
4  -18973.50390625  
2  -17638.806640625  
4  -18866.4921875  
2  -17911.275390625  
4  -19167.11328125  
2  -17294.275390625  
4  -18472.583984375  
2  -17393.9140625  
4  -18594.30078125  
2  -17644.05859375  
4  -18857.6875  
2  -17554.279296875  
4  -18769.61328125  
2  -17999.75390625  
4  -19259.734375  
2  -17519.26953125  
4  -18728.771484375  
2  -17393.2578125  
4  -18623.685546875  
2  -17410.01953125  
4  -18636.15234375  
2  -17218.0859375  
4  -18435.609375  
2  -17849.5859375  
4  -19103.115234375  
2  -17672.66015625  
4  -18942.625  
2  -17472.298828125  
4  -18703.2109375  
2  -17651.62890625  
4  -18913.58203125  
2  -17820.87890625  
4  -19061.71484375  
2  -17675.875  
4  -18919.47265625  
2  -17715.708984375  
4  -18955.48828125  
2  -17728.826171875  
4  -18971.97265625  
2  -17173.7734375  
4  -18374.3046875  
2  -17609.76171875  
4  -18840.05078125  
2  -17614.46875  
4  -18841.767578125  
2  -17370.9921875  
4  -18568.259765625  
2  -17228.669921875  
4  -18434.51171875  
2  -17745.0546875  
4  -18982.71484375  
2  -17234.8046875  
4  -18429.703125  
2  -17116.765625  
4  -18321.958984375  
2  -17409.7109375  
4  -18628.232421875  
2  -17210.05078125  
4  -18400.78125  
2  -17387.4375  
4  -18586.48046875  
2  -17736.78125  
4  -18969.521484375  
2  -17099.484375  
4  -18292.0078125  
2  -16732.95703125  
4  -17891.90234375  
2  -17165.14453125  
4  -18364.9296875  
2  -17502.90234375  
4  -18706.73828125  
2  -17652.587890625  
4  -18904.6015625  
2  -17083.86328125  
4  -18267.314453125  
2  -17691.1640625  
4  -18948.08203125  
2  -18215.53125  
4  -19508.833984375  
2  -17072.5546875  
4  -18267.59765625  
2  -17763.443359375  
4  -18999.671875  
2  -17617.18359375  
4  -18837.6640625  
2  -17529.66796875  
4  -18757.224609375  
2  -17255.544921875  
4  -18466.53515625  
2  -17249.537109375  
4  -18432.517578125  
2  -17344.642578125  
4  -18581.296875  
2  -17577.046875  
4  -18811.95703125  
2  -17684.265625  
4  -18930.484375  
2  -17753.162109375  
4  -18986.3203125  
2  -17131.419921875  
4  -18355.24609375  
2  -17329.36328125  
4  -18528.3515625  
2  -17348.9140625  
4  -18535.0625  
2  -17429.4140625  
4  -18622.04296875  
2  -17598.65625  
4  -18818.673828125  
2  -17152.359375  
4  -18345.1796875  
2  -17442.93359375  
4  -18658.84375  
2  -16975.7109375  
4  -18159.93359375  
2  -17189.265625  
4  -18388.0859375  
2  -17158.19140625  
4  -18347.29296875  
2  -17340.3515625  
4  -18554.16015625  
2  -17485.9140625  
4  -18725.9453125  
2  -17170.47265625  
4  -18365.439453125  
2  -17524.1171875  
4  -18793.125  
2  -17491.4921875  
4  -18729.4921875  
2  -17497.763671875  
4  -18718.3203125  
2  -17833.310546875  
4  -19077.6328125  
2  -17193.1953125  
4  -18392.30859375  
2  -17585.6171875  
4  -18821.623046875  
2  -17737.37890625  
4  -18972.82421875  
2  -17618.337890625  
4  -18841.59765625  
2  -17475.4140625  
4  -18689.732421875  
2  -17575.615234375  
4  -18809.92578125  
2  -17381.890625  
4  -18595.337890625  
2  -17201.18359375  
4  -18377.2265625  
2  -17680.2421875  
4  -18904.19921875  
2  -17326.05859375  
4  -18529.46484375  
2  -17383.890625  
4  -18593.810546875  
2  -17686.34765625  
4  -18904.875  
2  -17892.814453125  
4  -19156.54296875  
2  -17919.61328125  
4  -19167.16796875  
2  -17143.67578125  
4  -18335.90625  
2  -17752.3828125  
4  -18980.173828125  
2  -17514.98046875  
4  -18749.6796875  
2  -17875.08984375  
4  -19121.685546875  
2  -17322.45703125  
4  -18542.41015625  
2  -17447.3125  
4  -18669.546875  
2  -17585.66015625  
4  -18833.75  
2  -17471.083984375  
4  -18680.263671875  
2  -17430.10546875  
4  -18644.79296875  
2  -17307.58203125  
4  -18526.94921875  
2  -17681.279296875  
4  -18903.50390625  
2  -17421.451171875  
4  -18644.78515625  
2  -17122.208984375  
4  -18304.66015625  
2  -17447.59375  
4  -18659.46484375  
2  -17249.955078125  
4  -18449.35546875  
2  -17174.880859375  
4  -18386.4453125  
2  -17588.23828125  
4  -18825.9765625  
2  -17742.349609375  
4  -18964.4765625  
2  -17498.654296875  
4  -18715.494140625  
2  -17404.38671875  
4  -18631.2109375  
2  -17924.859375  
4  -19163.41015625  
2  -17514.8359375  
4  -18720.81640625  
2  -17273.11328125  
4  -18482.8515625  
2  -17643.396484375  
4  -18897.69140625  
2  -17425.619140625  
4  -18647.4609375  
2  -17685.21484375  
4  -18912.693359375  
2  -17504.48046875  
4  -18712.96484375  
2  -17704.884765625  
4  -18932.369140625  
2  -17513.3203125  
4  -18723.65234375  
2  -17511.8203125  
4  -18718.0390625  
2  -17464.24609375  
4  -18690.388671875  
2  -17962.8125  
4  -19189.03515625  
2  -17717.482421875  
4  -18949.32421875  
2  -18154.2421875  
4  -19427.59375  
2  -17476.734375  
4  -18686.439453125  
2  -17002.69921875  
4  -18179.20703125  
2  -17409.9296875  
4  -18610.875  
2  -17111.69140625  
4  -18295.0703125  
2  -17104.47265625  
4  -18285.294921875  
2  -17589.490234375  
4  -18836.755859375  
2  -17694.158203125  
4  -18935.189453125  
2  -17091.12890625  
4  -18286.6953125  
2  -17422.17578125  
4  -18649.375  
2  -17630.7734375  
4  -18868.43359375  
2  -17771.05078125  
4  -19003.16015625  
2  -17689.2890625  
4  -18939.52734375  
2  -17557.783203125  
4  -18778.34765625  
2  -17248.00390625  
4  -18441.978515625  
2  -17291.560546875  
4  -18491.33203125  
2  -17185.3984375  
4  -18387.017578125  
2  -17527.765625  
4  -18751.578125  
2  -17558.88671875  
4  -18779.43359375  
2  -17563.4375  
4  -18801.892578125  
2  -17599.396484375  
4  -18815.30078125  
2  -17337.458984375  
4  -18552.12890625  
2  -17171.515625  
4  -18382.44921875  
2  -17475.18359375  
4  -18702.21875  
2  -17550.830078125  
4  -18779.63671875  
2  -17759.259765625  
4  -19007.162109375  
2  -17220.408203125  
4  -18440.56640625  
2  -17999.470703125  
4  -19264.04296875  
2  -17004.31640625  
4  -18188.22265625  
2  -17836.404296875  
4  -19073.1875  
2  -17396.71875  
4  -18583.248046875  
2  -17340.564453125  
4  -18547.12109375  
2  -18162.04296875  
4  -19428.5  
2  -17750.8046875  
4  -18982.892578125  
2  -18011.23828125  
4  -19257.8984375  
2  -17780.97265625  
4  -19032.58984375  
2  -17580.30078125  
4  -18833.29296875  
2  -17229.873046875  
4  -18445.4375  
2  -17412.81640625  
4  -18626.251953125  
2  -17388.828125  
4  -18599.19140625  
2  -17531.919921875  
4  -18777.75  
2  -17756.1640625  
4  -18979.03125  
2  -17663.62109375  
4  -18895.421875  
2  -17178.11328125  
4  -18369.01171875  
2  -17475.07421875  
4  -18697.74609375  
2  -17525.71484375  
4  -18776.77734375  
2  -16959.67578125  
4  -18129.56640625  
2  -17971.6953125  
4  -19219.71875  
2  -18021.068359375  
4  -19297.25  
2  -17359.91796875  
4  -18580.11328125  
2  -17777.78515625  
4  -19039.5625  
2  -17487.15625  
4  -18713.875  
2  -17714.697265625  
4  -18965.64453125  
2  -17257.98828125  
4  -18482.705078125  
2  -16759.45703125  
4  -17931.7578125  
2  -17454.2734375  
4  -18683.640625  
2  -17519.6796875  
4  -18757.81640625  
2  -17028.98046875  
4  -18211.626953125  
2  -18048.5625  
4  -19323.04296875  
2  -17638.0625  
4  -18845.966796875  
2  -17701.8046875  
4  -18934.349609375  
2  -17758.50390625  
4  -18999.759765625  
2  -17478.46875  
4  -18724.10546875  
2  -17253.677734375  
4  -18446.30859375  
2  -17482.89453125  
4  -18698.794921875  
2  -17657.896484375  
4  -18906.615234375  
2  -17500.8984375  
4  -18719.490234375  
2  -17682.53515625  
4  -18929.0703125  
2  -17533.97265625  
4  -18762.712890625  
2  -17394.98046875  
4  -18617.830078125  
2  -17087.9921875  
4  -18298.796875  
2  -17311.720703125  
4  -18514.015625  
2  -17242.5625  
4  -18455.40234375  
2  -17336.66796875  
4  -18558.46484375  
2  -16931.6796875  
4  -18123.6484375  
2  -17356.39453125  
4  -18568.93359375  
2  -17358.3203125  
4  -18570.134765625  
2  -17424.404296875  
4  -18641.40625  
2  -17592.900390625  
4  -18811.46484375  
2  -17302.0703125  
4  -18512.5390625  
2  -18007.05078125  
4  -19253.61328125  
2  -17403.61328125  
4  -18622.1328125  
2  -17304.109375  
4  -18503.0859375  
2  -17135.48046875  
4  -18349.265625  
2  -17310.0  
4  -18525.587890625  
2  -17317.529296875  
4  -18500.861328125  
2  -17230.71484375  
4  -18435.921875  
2  -17544.685546875  
4  -18773.681640625  
2  -18211.197265625  
4  -19491.80859375  
2  -17468.12109375  
4  -18683.931640625  
2  -17614.328125  
4  -18859.046875  
2  -17621.806640625  
4  -18842.859375  
2  -17734.8046875  
4  -18987.11328125  
2  -17064.345703125  
4  -18263.234375  
2  -17774.673828125  
4  -18995.521484375  
2  -17798.548828125  
4  -19028.40234375  
2  -17545.28515625  
4  -18786.3515625  
2  -17483.45703125  
4  -18701.826171875  
2  -17633.47265625  
4  -18858.37109375  
2  -17193.84765625  
4  -18366.02734375  
2  -17358.712890625  
4  -18572.984375  
2  -17422.88671875  
4  -18639.01953125  
2  -17462.50390625  
4  -18686.796875  
2  -17770.822265625  
4  -19025.443359375  
2  -17408.107421875  
4  -18626.623046875  
2  -17507.884765625  
4  -18726.197265625  
2  -17358.09765625  
4  -18580.140625  
2  -17835.3046875  
4  -19060.3515625  
2  -17641.36328125  
4  -18895.833984375  
2  -17392.66015625  
4  -18587.453125  
2  -17673.75390625  
4  -18906.31640625  
2  -17249.484375  
4  -18471.10546875  
2  -17386.943359375  
4  -18591.1640625  
2  -18062.583984375  
4  -19293.3359375  
2  -17615.5390625  
4  -18844.90234375  
2  -17476.447265625  
4  -18695.041015625  
2  -17406.67578125  
4  -18643.77734375  
2  -17979.125  
4  -19249.9609375  
2  -17403.16796875  
4  -18619.8671875  
2  -17465.55078125  
4  -18673.634765625  
2  -17618.7734375  
4  -18855.54296875  
2  -17630.013671875  
4  -18852.818359375  
2  -17384.58984375  
4  -18601.8515625  
2  -17477.71484375  
4  -18693.720703125  
2  -17354.626953125  
4  -18553.7109375  
2  -17666.4609375  
4  -18897.544921875  
2  -17595.0  
4  -18806.921875  
2  -17061.515625  
4  -18248.49609375  
2  -17780.025390625  
4  -19019.416015625  
2  -17461.607421875  
4  -18694.90625  
2  -17721.873046875  
4  -18968.90625  
2  -17375.08984375  
4  -18611.5078125  
2  -17599.25  
4  -18829.646484375  
2  -17047.41015625  
4  -18233.876953125  
2  -17694.794921875  
4  -18923.6640625  
2  -17338.2421875  
4  -18516.556640625  
2  -17156.171875  
4  -18364.4609375  
2  -17325.84765625  
4  -18537.86328125  
2  -18028.07421875  
4  -19295.177734375  
2  -17429.6953125  
4  -18636.125  
2  -17843.9921875  
4  -19063.720703125  
2  -17532.08984375  
4  -18765.5859375  
2  -17401.0859375  
4  -18610.91015625  
2  -17809.2890625  
4  -19028.771484375  
2  -17358.18359375  
4  -18555.5859375  
2  -17290.25  
4  -18518.439453125  
2  -17515.876953125  
4  -18738.6484375  
2  -17425.765625  
4  -18626.9140625  
2  -17440.763671875  
4  -18655.66796875  
2  -17095.08984375  
4  -18317.806640625  
2  -17274.748046875  
4  -18476.0078125  
2  -17751.7890625  
4  -19000.427734375  
2  -17234.9140625  
4  -18459.1796875  
2  -17497.796875  
4  -18704.89453125  
2  -17241.64453125  
4  -18450.8515625  
2  -18084.771484375  
4  -19332.98046875  
2  -17817.9140625  
4  -19071.7265625  
2  -17391.62109375  
4  -18592.224609375  
2  -17351.5703125  
4  -18541.2265625  
2  -17691.640625  
4  -18935.1484375  
2  -17593.49609375  
4  -18830.076171875  
2  -16943.095703125  
4  -18143.8125  
2  -17112.55859375  
4  -18305.625  
2  -17451.91015625  
4  -18653.26171875  
2  -17384.626953125  
4  -18615.48046875  
2  -17368.294921875  
4  -18581.388671875  
2  -17280.3046875  
4  -18498.2578125  
2  -17677.3359375  
4  -18888.11328125  
2  -18011.419921875  
4  -19259.3984375  
2  -17353.43359375  
4  -18566.958984375  
2  -17127.314453125  
4  -18308.369140625  
2  -17461.701171875  
4  -18682.421875  
2  -17291.32421875  
4  -18493.349609375  
2  -17832.45703125  
4  -19047.56640625  
2  -17047.037109375  
4  -18254.646484375  
2  -17408.443359375  
4  -18651.23828125  
2  -17302.708984375  
4  -18532.98046875  
2  -17521.662109375  
4  -18771.662109375  
2  -17434.79296875  
4  -18644.478515625  
2  -17122.54296875  
4  -18339.072265625  
2  -17635.59375  
4  -18866.3984375  
2  -17147.37109375  
4  -18346.8828125  
2  -17356.599609375  
4  -18559.1484375  
2  -17391.69921875  
4  -18611.466796875  
2  -17612.9140625  
4  -18841.158203125  
2  -17646.380859375  
4  -18904.73828125  
2  -17996.2578125  
4  -19251.37890625  
2  -17357.71875  
4  -18563.046875  
2  -17345.029296875  
4  -18557.6015625  
2  -17426.70703125  
4  -18633.263671875  
2  -17680.953125  
4  -18908.0078125  
2  -17780.68359375  
4  -19025.705078125  
2  -17312.27734375  
4  -18541.76953125  
2  -17522.294921875  
4  -18750.046875  
2  -17222.53515625  
4  -18402.283203125  
2  -18032.5859375  
4  -19277.62109375  
2  -17345.59375  
4  -18565.5625  
2  -17356.66015625  
4  -18548.80859375  
2  -17401.091796875  
4  -18612.30859375  
2  -17467.2578125  
4  -18681.17578125  
2  -17663.7890625  
4  -18884.185546875  
2  -17407.69140625  
4  -18617.169921875  
2  -17561.189453125  
4  -18793.75  
2  -17136.20703125  
4  -18329.0546875  
2  -17198.5625  
4  -18399.41796875  
2  -17547.248046875  
4  -18771.037109375  
2  -17556.90625  
4  -18764.20703125  
2  -17331.494140625  
4  -18544.140625  
2  -17357.7734375  
4  -18588.4375  
2  -17698.59765625  
4  -18947.27734375  
2  -17880.875  
4  -19156.412109375  
2  -17609.01171875  
4  -18848.1796875  
2  -17122.65625  
4  -18308.109375  
2  -17619.0234375  
4  -18874.17578125  
2  -17334.0546875  
4  -18556.71484375  
2  -17593.24609375  
4  -18812.87109375  
2  -17839.44140625  
4  -19074.537109375  
2  -17665.689453125  
4  -18914.90234375  
2  -17223.890625  
4  -18440.2578125  
2  -17400.2578125  
4  -18604.548828125  
2  -17247.46484375  
4  -18456.0078125  
2  -17385.0546875  
4  -18622.7578125  
2  -17296.619140625  
4  -18502.55859375  
2  -16912.724609375  
4  -18104.1796875  
2  -17663.125  
4  -18892.78515625  
2  -17698.15625  
4  -18950.25  
2  -17804.337890625  
4  -19061.60546875  
2  -17776.52734375  
4  -18997.98046875  
2  -17374.94921875  
4  -18582.50390625  
2  -17222.66015625  
4  -18418.24609375  
2  -17857.556640625  
4  -19089.81640625  
2  -17065.4375  
4  -18274.234375  
2  -17362.0234375  
4  -18592.66796875  
2  -18035.005859375  
4  -19287.79296875  
2  -17655.8515625  
4  -18894.4375  
2  -17415.4609375  
4  -18639.021484375  
2  -17053.3125  
4  -18229.75  
2  -17720.833984375  
4  -18942.46484375  
2  -17614.208984375  
4  -18848.86328125  
2  -17611.3984375  
4  -18855.59765625  
2  -17283.45703125  
4  -18507.791015625  
2  -17508.083984375  
4  -18736.7578125  
2  -17542.35546875  
4  -18756.58203125  
2  -17483.572265625  
4  -18707.67578125  
2  -17395.828125  
4  -18611.30078125  
2  -17095.265625  
4  -18279.24609375  
2  -17577.876953125  
4  -18818.96875  
2  -17413.134765625  
4  -18633.111328125  
2  -17410.625  
4  -18627.27734375  
2  -18207.240234375  
4  -19473.33984375  
2  -17138.7265625  
4  -18320.03515625  
2  -17519.88671875  
4  -18737.17578125  
2  -17424.03125  
4  -18636.869140625  
2  -17317.23828125  
4  -18521.15234375  
2  -17374.42578125  
4  -18569.55859375  
2  -17373.1328125  
4  -18588.3984375  
2  -17370.57421875  
4  -18594.13671875  
2  -17170.63671875  
4  -18378.28125  
2  -17345.59765625  
4  -18554.27734375  
2  -17457.009765625  
4  -18676.4609375  
2  -17874.05859375  
4  -19116.048828125  
2  -17879.357421875  
4  -19120.11328125  
2  -17576.958984375  
4  -18788.791015625  
2  -17326.41015625  
4  -18535.47265625  
2  -17496.27734375  
4  -18727.365234375  
2  -17603.0  
4  -18817.66796875  
2  -17420.6328125  
4  -18630.224609375  
2  -17810.494140625  
4  -19040.05078125  
2  -17349.796875  
4  -18534.91796875  
2  -17606.646484375  
4  -18839.578125  
2  -17101.501953125  
4  -18288.14453125  
2  -17543.05859375  
4  -18783.9609375  
2  -17679.716796875  
4  -18921.576171875  
2  -17345.8359375  
4  -18547.994140625  
2  -17704.494140625  
4  -18938.44140625  
2  -17658.8984375  
4  -18895.353515625  
2  -17813.326171875  
4  -19061.904296875  
2  -17063.6796875  
4  -18275.7421875  
2  -17412.375  
4  -18630.447265625  
2  -17097.15625  
4  -18298.796875  
2  -17432.853515625  
4  -18635.80078125  
2  -17064.81640625  
4  -18257.31640625  
2  -17559.91796875  
4  -18770.7890625  
2  -17492.83203125  
4  -18708.853515625  
2  -17237.34375  
4  -18448.52734375  
2  -17353.34765625  
4  -18571.66015625  
2  -17090.64453125  
4  -18310.69140625  
2  -17537.123046875  
4  -18784.326171875  
2  -17595.97265625  
4  -18826.6171875  
2  -17609.19921875  
4  -18833.1796875  
2  -17476.8828125  
4  -18689.263671875  
2  -17282.279296875  
4  -18481.642578125  
2  -17644.427734375  
4  -18901.01171875  
2  -17238.31640625  
4  -18430.296875  
2  -17579.32421875  
4  -18811.384765625  
2  -17458.052734375  
4  -18689.55859375  
2  -17862.96484375  
4  -19124.453125  
2  -17959.73046875  
4  -19215.015625  
2  -17755.1953125  
4  -19001.4609375  
2  -17407.39453125  
4  -18616.18359375  
2  -17533.984375  
4  -18751.09375  
2  -17195.68359375  
4  -18370.6328125  
2  -17507.896484375  
4  -18716.888671875  
2  -17817.79296875  
4  -19052.984375  
2  -18050.283203125  
4  -19331.76953125  
2  -17699.43359375  
4  -18936.9140625  
2  -17276.845703125  
4  -18475.361328125  
2  -17823.60546875  
4  -19057.71484375  
2  -17714.9921875  
4  -18951.41796875  
2  -17619.57421875  
4  -18837.423828125  
2  -17466.296875  
4  -18694.748046875  
2  -17099.828125  
4  -18293.55078125  
2  -17338.90234375  
4  -18544.634765625  
2  -17483.515625  
4  -18702.4140625  
2  -17604.03515625  
4  -18863.1796875  
2  -17656.69921875  
4  -18891.578125  
2  -17567.505859375  
4  -18776.42578125  
2  -17252.734375  
4  -18476.4296875  
2  -17460.23046875  
4  -18672.931640625  
2  -17070.25  
4  -18246.203125  
2  -17496.2421875  
4  -18729.33984375  
2  -16973.912109375  
4  -18144.8125  
2  -17329.375  
4  -18532.44921875  
2  -17387.25390625  
4  -18613.06640625  
2  -17028.03125  
4  -18224.19921875  
2  -17585.4765625  
4  -18821.609375  
2  -17098.10546875  
4  -18316.2890625  
2  -17460.984375  
4  -18674.27734375  
2  -17316.109375  
4  -18516.64453125  
2  -17617.212890625  
4  -18858.62890625  
2  -17465.81640625  
4  -18674.603515625  
2  -16979.47265625  
4  -18164.931640625  
2  -17452.0078125  
4  -18661.62109375  
2  -17447.65234375  
4  -18665.5078125  
2  -17308.08203125  
4  -18514.658203125  
2  -17363.318359375  
4  -18577.748046875  
2  -17267.13671875  
4  -18471.59375  
2  -17171.56640625  
4  -18358.63671875  
2  -17020.37890625  
4  -18197.837890625  
2  -17662.541015625  
4  -18914.087890625  
2  -17453.388671875  
4  -18673.24609375  
2  -17806.642578125  
4  -19033.205078125  
2  -17413.056640625  
4  -18642.65625  
2  -17721.05078125  
4  -18959.537109375  
2  -17261.76171875  
4  -18469.7265625  
2  -17035.990234375  
4  -18235.482421875  
2  -17466.4921875  
4  -18683.80078125  
2  -17079.25  
4  -18273.673828125  
2  -17499.3984375  
4  -18718.111328125  
2  -17449.423828125  
4  -18661.3125  
2  -17453.109375  
4  -18660.26953125  
2  -17794.43359375  
4  -19050.83203125  
2  -17852.375  
4  -19087.873046875  
2  -17214.26953125  
4  -18417.09375  
2  -17431.873046875  
4  -18645.05078125  
2  -17135.4375  
4  -18322.119140625  
2  -17622.66015625  
4  -18870.951171875  
2  -17235.125  
4  -18450.720703125  
2  -17389.1875  
4  -18608.43359375  
2  -16836.375  
4  -18001.82421875  
2  -17667.94140625  
4  -18890.16015625  
2  -17691.73046875  
4  -18932.3203125  
2  -17353.447265625  
4  -18566.7421875  
2  -17415.421875  
4  -18637.375  
2  -17319.375  
4  -18550.115234375  
2  -17368.14453125  
4  -18589.546875  
2  -17963.171875  
4  -19205.0625  
2  -17674.623046875  
4  -18906.671875  
2  -17165.13671875  
4  -18366.580078125  
2  -17419.5703125  
4  -18633.49609375  
2  -17775.1640625  
4  -19026.3984375  
2  -17579.9375  
4  -18800.33203125  
2  -17888.830078125  
4  -19135.3125  
2  -16823.28125  
4  -17984.40234375  
2  -17064.5  
4  -18248.29296875  
2  -17363.296875  
4  -18583.052734375  
2  -17352.775390625  
4  -18566.51953125  
2  -17546.662109375  
4  -18791.53125  
2  -17405.650390625  
4  -18630.19921875  
2  -17462.03515625  
4  -18698.546875  
2  -17306.91796875  
4  -18500.982421875  
2  -17325.521484375  
4  -18513.85546875  
2  -17189.21484375  
4  -18370.7109375  
2  -16955.875  
4  -18138.22265625  
2  -17511.8828125  
4  -18733.46484375  
2  -17560.87890625  
4  -18799.0234375  
2  -17344.333984375  
4  -18560.431640625  
2  -17593.2421875  
4  -18813.20703125  
2  -17735.85546875  
4  -18966.921875  
2  -16845.3515625  
4  -18017.18359375  
2  -18011.22265625  
4  -19267.18359375  
2  -17315.54296875  
4  -18535.703125  
2  -17340.61328125  
4  -18548.66796875  
2  -17577.802734375  
4  -18827.119140625  
2  -17357.45703125  
4  -18558.60546875  
2  -16977.265625  
4  -18145.978515625  
2  -17330.3359375  
4  -18524.4375  
2  -17789.44921875  
4  -19029.3359375  
2  -17642.65234375  
4  -18881.037109375  
2  -17863.857421875  
4  -19117.74609375  
2  -17611.94921875  
4  -18848.515625  
2  -17213.26953125  
4  -18415.21484375  
2  -17306.435546875  
4  -18497.6640625  
2  -17353.296875  
4  -18557.62890625  
2  -17631.171875  
4  -18858.62109375  
2  -17379.748046875  
4  -18613.3671875  
2  -17934.71875  
4  -19184.12890625  
2  -17434.546875  
4  -18667.984375  
2  -17176.51171875  
4  -18388.03125  
2  -17498.591796875  
4  -18696.3125  
2  -17577.373046875  
4  -18800.224609375  
2  -17243.67578125  
4  -18456.6015625  
2  -17979.671875  
4  -19227.173828125  
2  -17131.15625  
4  -18294.51171875  
2  -16714.3671875  
4  -17888.486328125  
2  -17564.10546875  
4  -18818.74609375  
2  -17447.2890625  
4  -18645.4921875  
2  -17072.984375  
4  -18273.30859375  
2  -17521.87109375  
4  -18749.59375  
2  -17229.927734375  
4  -18434.6171875  
2  -17499.2421875  
4  -18722.24609375  
2  -17357.49609375  
4  -18569.296875  
2  -17577.7734375  
4  -18802.4765625  
2  -17499.80078125  
4  -18726.673828125  
2  -17351.71875  
4  -18576.53125  
2  -17242.14453125  
4  -18452.00390625  
2  -17002.83203125  
4  -18205.62890625  
2  -17373.232421875  
4  -18586.58203125  
2  -17231.068359375  
4  -18424.052734375  
2  -17564.7734375  
4  -18802.703125  
2  -17073.05859375  
4  -18254.818359375  
2  -17332.91015625  
4  -18529.36328125  
2  -17531.177734375  
4  -18775.91015625  
2  -17556.32421875  
4  -18775.091796875  
2  -17293.533203125  
4  -18517.744140625  
2  -17503.55078125  
4  -18722.83203125  
2  -17663.48046875  
4  -18882.734375  
2  -17264.630859375  
4  -18464.578125  
2  -17397.203125  
4  -18608.17578125  
2  -17277.921875  
4  -18469.498046875  
2  -17114.0390625  
4  -18319.05859375  
2  -17103.53125  
4  -18291.3046875  
2  -17321.654296875  
4  -18533.8359375  
2  -17448.259765625  
4  -18659.08984375  
2  -18023.6015625  
4  -19288.880859375  
2  -17745.54296875  
4  -18980.22265625  
2  -17121.060546875  
4  -18337.30859375  
2  -17502.69921875  
4  -18724.57421875  
2  -17730.1640625  
4  -18956.90625  
2  -17161.861328125  
4  -18363.458984375  
2  -17814.689453125  
4  -19061.001953125  
2  -17454.5703125  
4  -18673.876953125  
2  -16857.064453125  
4  -18026.9765625  
2  -16879.08984375  
4  -18030.515625  
2  -18021.35546875  
4  -19270.6640625  
2  -17248.06640625  
4  -18470.89453125  
2  -17743.048828125  
4  -18977.115234375  
2  -17155.32421875  
4  -18344.771484375  
2  -17439.5546875  
4  -18675.5  
2  -17447.59375  
4  -18674.716796875  
2  -17694.1953125  
4  -18935.45703125  
2  -17615.95703125  
4  -18851.701171875  
2  -17594.44921875  
4  -18813.740234375  
2  -17748.81640625  
4  -18999.48828125  
2  -17220.08203125  
4  -18427.625  
2  -17472.6796875  
4  -18696.076171875  
2  -17065.099609375  
4  -18272.431640625  
2  -17646.6796875  
4  -18887.90234375  
2  -17874.09375  
4  -19119.76171875  
2  -16979.630859375  
4  -18170.802734375  
2  -17219.6328125  
4  -18406.33203125  
2  -17009.158203125  
4  -18171.3984375  
2  -18039.986328125  
4  -19299.64453125  
2  -17126.494140625  
4  -18334.859375  
2  -17146.556640625  
4  -18370.814453125  
2  -17624.150390625  
4  -18835.23046875  
2  -17368.7421875  
4  -18590.828125  
2  -17647.953125  
4  -18877.88671875  
2  -17376.109375  
4  -18586.384765625  
2  -17408.564453125  
4  -18642.62109375  
2  -17843.27734375  
4  -19094.6171875  
2  -17255.50390625  
4  -18465.353515625  
2  -17352.65234375  
4  -18536.40625  
2  -17501.458984375  
4  -18723.306640625  
2  -17428.890625  
4  -18673.341796875  
2  -17485.7578125  
4  -18714.17578125  
2  -17563.390625  
4  -18779.275390625  
2  -17517.09765625  
4  -18741.1796875  
2  -17376.208984375  
4  -18580.921875  
2  -16929.39453125  
4  -18097.462890625  
2  -17292.8125  
4  -18484.30859375  
2  -17590.951171875  
4  -18819.6875  
2  -17567.57421875  
4  -18803.93359375  
2  -17393.359375  
4  -18610.2734375  
2  -17512.125  
4  -18738.515625  
2  -17607.86328125  
4  -18836.916015625  
2  -17286.09375  
4  -18501.94140625  
2  -17331.158203125  
4  -18538.28515625  
2  -16968.875  
4  -18173.369140625  
2  -18256.8046875  
4  -19536.33203125  
2  -17528.1796875  
4  -18737.330078125  
2  -17392.921875  
4  -18594.65625  
2  -17570.5859375  
4  -18789.55859375  
2  -17160.23046875  
4  -18359.966796875  
2  -17951.63671875  
4  -19198.7578125  
2  -17606.466796875  
4  -18836.6640625  
2  -17290.49609375  
4  -18506.48828125  
2  -17714.447265625  
4  -18936.5859375  
2  -17318.56640625  
4  -18547.46484375  
2  -17221.59765625  
4  -18398.00390625  
2  -17136.517578125  
4  -18317.06640625  
2  -17361.515625  
4  -18584.51171875  
2  -17677.3671875  
4  -18909.75390625  
2  -17416.1953125  
4  -18638.76171875  
2  -17724.546875  
4  -18950.234375  
2  -17841.20703125  
4  -19095.39453125  
2  -18323.626953125  
4  -19595.76171875  
2  -17794.228515625  
4  -19030.32421875  
2  -16894.23046875  
4  -18073.208984375  
2  -17157.265625  
4  -18344.15234375  
2  -17674.87109375  
4  -18897.46875  
2  -17359.599609375  
4  -18574.328125  
2  -17574.52734375  
4  -18790.28125  
2  -17440.109375  
4  -18667.212890625  
2  -17353.341796875  
4  -18585.357421875  
2  -17727.5703125  
4  -18973.251953125  
2  -17392.365234375  
4  -18606.34375  
2  -17738.353515625  
4  -18975.302734375  
2  -17175.765625  
4  -18369.02734375  
2  -17466.9765625  
4  -18701.32421875  
2  -17318.328125  
4  -18530.95703125  
2  -17512.36328125  
4  -18715.546875  
2  -17779.515625  
4  -19007.25  
2  -17447.55078125  
4  -18662.8515625  
2  -17742.9609375  
4  -18988.44140625  
2  -17096.6171875  
4  -18259.91015625  
2  -16962.9453125  
4  -18177.9765625  
2  -17533.203125  
4  -18780.4375  
2  -17549.693359375  
4  -18776.205078125  
2  -17543.79296875  
4  -18765.09765625  
2  -17553.35546875  
4  -18778.0234375  
2  -17360.05078125  
4  -18565.962890625  
2  -17714.326171875  
4  -18942.203125  
2  -17322.546875  
4  -18521.9609375  
2  -17621.912109375  
4  -18857.4609375  
2  -17083.412109375  
4  -18293.05078125  
2  -17876.09765625  
4  -19135.01171875  
2  -17321.7734375  
4  -18525.98046875  
2  -17583.17578125  
4  -18814.193359375  
2  -17792.89453125  
4  -19022.54296875  
2  -17610.79296875  
4  -18816.203125  
2  -17831.91796875  
4  -19084.068359375  
2  -17440.48828125  
4  -18660.845703125  
2  -17397.63671875  
4  -18609.162109375  
2  -17450.2578125  
4  -18675.802734375  
2  -17412.25390625  
4  -18619.4453125  
2  -17580.001953125  
4  -18818.916015625  
2  -17168.44140625  
4  -18370.43359375  
2  -17410.470703125  
4  -18634.005859375  
2  -17355.5859375  
4  -18583.845703125  
2  -17201.234375  
4  -18409.48046875  
2  -17662.66796875  
4  -18899.7265625  
2  -17130.84765625  
4  -18322.609375  
2  -17464.41015625  
4  -18680.57421875  
2  -17627.916015625  
4  -18839.0546875  
2  -17538.9296875  
4  -18760.048828125  
2  -17845.16015625  
4  -19104.630859375  
2  -18004.794921875  
4  -19252.26171875  
2  -17342.853515625  
4  -18546.609375  
2  -17598.62890625  
4  -18840.109375  
2  -17952.244140625  
4  -19197.849609375  
2  -17305.123046875  
4  -18524.634765625  
2  -17632.705078125  
4  -18871.67578125  
2  -17658.4921875  
4  -18886.447265625  
2  -17644.79296875  
4  -18870.3359375  
2  -17405.693359375  
4  -18610.96484375  
2  -18046.486328125  
4  -19303.03515625  
2  -17011.310546875  
4  -18190.6953125  
2  -17328.361328125  
4  -18524.0078125  
2  -17319.666015625  
4  -18514.724609375  
2  -17624.8359375  
4  -18850.3515625  
2  -17507.197265625  
4  -18719.171875  
2  -17486.265625  
4  -18682.080078125  
2  -17219.37890625  
4  -18410.4375  
2  -17258.26171875  
4  -18446.45703125  
2  -17798.2265625  
4  -19038.779296875  
2  -17355.93359375  
4  -18562.578125  
2  -17370.017578125  
4  -18577.1640625  
2  -17219.234375  
4  -18379.9921875  
2  -17437.41796875  
4  -18637.9765625  
2  -17507.216796875  
4  -18747.73046875  
2  -17200.400390625  
4  -18403.91015625  
2  -17233.48828125  
4  -18430.64453125  
2  -17807.76953125  
4  -19022.2265625  
2  -17140.466796875  
4  -18317.994140625  
2  -17510.310546875  
4  -18728.515625  
2  -17623.65625  
4  -18854.35546875  
2  -17596.48046875  
4  -18839.1796875  
2  -17375.86328125  
4  -18591.517578125  
2  -17609.56640625  
4  -18833.796875  
2  -17748.734375  
4  -18969.50390625  
2  -17141.28125  
4  -18354.56640625  
2  -17659.55859375  
4  -18887.83984375  
2  -17984.728515625  
4  -19230.47265625  
2  -17459.16796875  
4  -18677.28125  
2  -17180.80078125  
4  -18355.54296875  
2  -17245.69140625  
4  -18462.955078125  
2  -17397.1484375  
4  -18573.83203125  
2  -16789.2265625  
4  -17955.14453125  
2  -17047.5703125  
4  -18217.44140625  
2  -17069.2890625  
4  -18241.361328125  
2  -17575.4609375  
4  -18809.55078125  
2  -17184.43359375  
4  -18362.8984375  
2  -17255.294921875  
4  -18452.03125  
2  -17142.3515625  
4  -18340.109375  
2  -17163.4375  
4  -18352.49609375  
2  -17928.609375  
4  -19178.921875  
2  -17542.630859375  
4  -18760.958984375  
2  -17423.583984375  
4  -18649.783203125  
2  -17121.111328125  
4  -18311.951171875  
2  -17650.6328125  
4  -18860.240234375  
2  -17298.474609375  
4  -18506.734375  
2  -16661.76953125  
4  -17815.169921875  
2  -17011.453125  
4  -18202.72265625  
2  -17650.359375  
4  -18858.59765625  
2  -17195.50390625  
4  -18389.4453125  
2  -17595.18359375  
4  -18827.109375  
2  -17424.28515625  
4  -18651.50390625  
2  -17300.296875  
4  -18516.078125  
2  -17374.931640625  
4  -18578.998046875  
2  -17725.87109375  
4  -18936.69140625  
2  -17816.15625  
4  -19043.98828125  
2  -17577.8671875  
4  -18807.45703125  
2  -17741.63671875  
4  -18983.68359375  
2  -17365.0234375  
4  -18571.7734375  
2  -17344.416015625  
4  -18564.55859375  
2  -17316.306640625  
4  -18519.60546875  
2  -17629.6015625  
4  -18851.35546875  
2  -17474.33984375  
4  -18702.123046875  
2  -17202.064453125  
4  -18394.009765625  
2  -17707.96875  
4  -18951.841796875  
2  -17661.203125  
4  -18902.9453125  
2  -17605.4765625  
4  -18855.07421875  
2  -16930.41015625  
4  -18116.4375  
2  -16844.892578125  
4  -18027.7890625  
2  -17511.97265625  
4  -18730.490234375  
2  -17194.263671875  
4  -18383.63671875  
2  -17060.85546875  
4  -18265.51953125  
2  -17801.326171875  
4  -19054.40625  
2  -17250.40234375  
4  -18468.296875  
2  -17640.873046875  
4  -18876.41796875  
2  -17500.23828125  
4  -18727.083984375  
2  -17689.009765625  
4  -18900.380859375  
2  -17483.154296875  
4  -18697.77734375  
2  -17788.02734375  
4  -19034.9140625  
2  -17191.826171875  
4  -18399.6328125  
2  -17414.38671875  
4  -18634.482421875  
2  -17119.462890625  
4  -18320.73046875  
2  -17474.8828125  
4  -18704.78515625  
2  -17511.18359375  
4  -18720.45703125  
2  -17381.2109375  
4  -18566.603515625  
2  -18067.4609375  
4  -19317.33203125  
2  -17547.0234375  
4  -18770.458984375  
2  -17392.42578125  
4  -18619.0625  
2  -17585.92578125  
4  -18819.99609375  
2  -17909.318359375  
4  -19176.7109375  
2  -17260.037109375  
4  -18451.3125  
2  -17528.47265625  
4  -18752.5078125  
2  -17013.74609375  
4  -18218.68359375  
2  -17117.271484375  
4  -18325.8125  
2  -17372.53515625  
4  -18590.259765625  
2  -17260.30078125  
4  -18445.81640625  
2  -17353.98828125  
4  -18562.529296875  
2  -17272.0  
4  -18466.4375  
2  -17669.18359375  
4  -18912.73046875  
2  -16928.8125  
4  -18124.46875  
2  -17980.05859375  
4  -19251.7578125  
2  -17345.294921875  
4  -18557.48828125  
2  -17427.810546875  
4  -18657.408203125  
2  -17464.5625  
4  -18684.169921875  
2  -17302.927734375  
4  -18512.80859375  
2  -17392.14453125  
4  -18613.67578125  
2  -17343.626953125  
4  -18554.91796875  
2  -17336.71484375  
4  -18538.05078125  
2  -17495.6484375  
4  -18740.447265625  
2  -17502.505859375  
4  -18714.013671875  
2  -17263.38671875  
4  -18483.552734375  
2  -17667.4140625  
4  -18897.130859375  
2  -17764.47265625  
4  -19001.693359375  
2  -17198.3125  
4  -18414.154296875  
2  -17596.02734375  
4  -18799.078125  
2  -16857.0546875  
4  -18033.06640625  
2  -17357.9375  
4  -18570.341796875  
2  -17122.953125  
4  -18322.240234375  
2  -17691.0078125  
4  -18918.138671875  
2  -17565.6015625  
4  -18797.166015625  
2  -17253.9765625  
4  -18476.54296875  
2  -17144.1796875  
4  -18311.20703125  
2  -17407.65234375  
4  -18607.8359375  
2  -17623.796875  
4  -18835.33984375  
2  -17380.123046875  
4  -18602.583984375  
2  -17495.79296875  
4  -18721.77734375  
2  -17277.287109375  
4  -18485.16796875  
2  -17866.353515625  
4  -19122.7265625  
2  -17919.7734375  
4  -19173.578125  
2  -17738.771484375  
4  -18980.728515625  
2  -17284.568359375  
4  -18482.25390625  
2  -17412.03125  
4  -18643.43359375  
2  -17847.5234375  
4  -19099.52734375  
2  -17479.12890625  
4  -18700.1171875  
2  -18216.57421875  
4  -19503.35546875  
2  -17170.28125  
4  -18374.671875  
2  -17705.6953125  
4  -18927.5625  
2  -16963.962890625  
4  -18181.947265625  
2  -17349.65234375  
4  -18558.95703125  
2  -17239.193359375  
4  -18430.9296875  
2  -17355.814453125  
4  -18562.3515625  
2  -17607.171875  
4  -18828.66796875  
2  -17727.283203125  
4  -18952.1328125  
2  -17409.546875  
4  -18623.62109375  
2  -17176.3984375  
4  -18374.671875  
2  -17327.0625  
4  -18542.609375  
2  -17326.994140625  
4  -18560.7578125  
2  -17376.197265625  
4  -18596.2265625  
2  -17597.33203125  
4  -18824.9375  
2  -17647.990234375  
4  -18879.115234375  
2  -17175.56640625  
4  -18364.140625  
2  -17048.1015625  
4  -18252.890625  
2  -17241.04296875  
4  -18428.236328125  
2  -17119.7734375  
4  -18323.37890625  
2  -17151.439453125  
4  -18331.33203125  
2  -17507.583984375  
4  -18736.349609375  
2  -17675.041015625  
4  -18918.080078125  
2  -17602.974609375  
4  -18839.705078125  
2  -17659.2265625  
4  -18897.470703125  
2  -17131.357421875  
4  -18335.392578125  
2  -17547.75  
4  -18773.890625  
2  -17636.890625  
4  -18861.58984375  
2  -17855.3515625  
4  -19094.6640625  
2  -17791.51171875  
4  -19047.90625  
2  -17833.484375  
4  -19111.59375  
2  -17009.11328125  
4  -18222.98046875  
2  -17860.498046875  
4  -19107.17578125  
2  -17905.90234375  
4  -19144.841796875  
2  -17787.21484375  
4  -19032.40234375  
2  -17659.146484375  
4  -18910.9453125  
2  -17457.25390625  
4  -18694.109375  
2  -17488.521484375  
4  -18691.6953125  
2  -17298.11328125  
4  -18487.57421875  
2  -17728.33203125  
4  -18973.18359375  
2  -17350.83984375  
4  -18573.4765625  
2  -17278.80859375  
4  -18495.828125  
2  -17725.431640625  
4  -18956.2578125  
2  -17856.73828125  
4  -19104.193359375  
2  -17584.02734375  
4  -18806.087890625  
2  -17204.572265625  
4  -18417.15234375  
2  -17444.62890625  
4  -18676.2734375  
2  -17522.02734375  
4  -18743.34765625  
2  -17339.783203125  
4  -18548.814453125  
2  -17415.3515625  
4  -18621.994140625  
2  -16962.34375  
4  -18161.390625  
2  -17081.87109375  
4  -18271.06640625  
2  -17244.64453125  
4  -18460.80859375  
2  -17479.7890625  
4  -18678.875  
2  -17150.986328125  
4  -18348.326171875  
2  -17612.900390625  
4  -18839.75390625  
2  -17322.619140625  
4  -18545.703125  
2  -17052.830078125  
4  -18256.49609375  
2  -17293.81640625  
4  -18503.041015625  
2  -17616.572265625  
4  -18846.953125  
2  -17449.0625  
4  -18656.15625  
2  -17640.29296875  
4  -18867.990234375  
2  -17514.7421875  
4  -18748.228515625  
2  -17055.77734375  
4  -18263.81640625  
2  -17483.228515625  
4  -18697.666015625  
2  -17578.3359375  
4  -18806.533203125  
2  -17487.404296875  
4  -18700.123046875  
2  -17319.658203125  
4  -18531.251953125  
2  -17478.58203125  
4  -18692.76171875  
2  -17416.994140625  
4  -18629.05859375  
2  -17420.65625  
4  -18649.025390625  
2  -17775.67578125  
4  -19019.91015625  
2  -17747.205078125  
4  -18988.201171875  
2  -17379.2890625  
4  -18599.724609375  
2  -17115.380859375  
4  -18322.34765625  
2  -17019.23828125  
4  -18229.150390625  
2  -17451.9296875  
4  -18676.19921875  
2  -17182.5859375  
4  -18369.1640625  
2  -17413.4609375  
4  -18642.380859375  
2  -17679.341796875  
4  -18891.173828125  
2  -17579.32421875  
4  -18800.5859375  
2  -16845.4296875  
4  -18010.5859375  
2  -17872.30078125  
4  -19117.248046875  
2  -17147.3671875  
4  -18339.595703125  
2  -17573.927734375  
4  -18800.828125  
2  -17089.27734375  
4  -18285.3515625  
2  -17574.04296875  
4  -18802.66796875  
2  -17468.646484375  
4  -18689.1640625  
2  -17160.26953125  
4  -18349.28515625  
2  -17513.65234375  
4  -18716.1796875  
2  -17634.96484375  
4  -18880.638671875  
2  -17309.80078125  
4  -18518.8828125  
2  -17051.2109375  
4  -18235.107421875  
2  -17868.19921875  
4  -19117.1796875  
2  -17781.4296875  
4  -19014.13671875  
2  -17570.52734375  
4  -18796.55078125  
2  -17283.81640625  
4  -18512.958984375  
2  -17806.677734375  
4  -19052.369140625  
2  -17593.79296875  
4  -18832.15625  
2  -17967.41015625  
4  -19235.951171875  
2  -17210.255859375  
4  -18422.23828125  
2  -17229.908203125  
4  -18433.37109375  
2  -17919.923828125  
4  -19174.654296875  
2  -17666.14453125  
4  -18912.294921875  
2  -17226.92578125  
4  -18431.6953125  
2  -17531.064453125  
4  -18746.59375  
2  -17389.22265625  
4  -18598.8984375  
2  -17703.630859375  
4  -18920.203125  
2  -17774.91796875  
4  -19026.119140625  
2  -17476.53125  
4  -18700.134765625  
2  -17717.166015625  
4  -18942.71484375  
2  -17333.974609375  
4  -18533.53515625  
2  -17924.06640625  
4  -19179.830078125  
2  -17824.9140625  
4  -19077.83984375  
2  -17279.41796875  
4  -18501.083984375  
2  -17364.52734375  
4  -18576.9609375  
2  -17649.02734375  
4  -18898.267578125  
2  -17545.30078125  
4  -18769.939453125  
