2  -19446.458984375  
4  -20778.87109375  
2  -19540.18359375  
4  -20891.59765625  
2  -19594.17578125  
4  -20925.81640625  
2  -19815.189453125  
4  -21192.08203125  
2  -19138.158203125  
4  -20460.296875  
2  -19372.1015625  
4  -20714.5546875  
2  -19908.875  
4  -21267.673828125  
2  -19642.52734375  
4  -20967.7734375  
2  -19258.912109375  
4  -20578.14453125  
2  -19846.87890625  
4  -21218.1875  
2  -19442.62890625  
4  -20801.986328125  
2  -19671.181640625  
4  -21029.32421875  
2  -18976.73046875  
4  -20272.705078125  
2  -19793.896484375  
4  -21152.94921875  
2  -19435.017578125  
4  -20766.55859375  
2  -19411.9765625  
4  -20746.109375  
2  -19126.3125  
4  -20452.53515625  
2  -19834.982421875  
4  -21171.5234375  
2  -19407.0703125  
4  -20742.890625  
2  -19879.4296875  
4  -21248.240234375  
2  -19613.748046875  
4  -20965.61328125  
2  -19585.3515625  
4  -20918.71484375  
2  -18991.2109375  
4  -20285.166015625  
2  -19460.58984375  
4  -20799.662109375  
2  -19371.390625  
4  -20716.109375  
2  -19995.81640625  
4  -21398.62890625  
2  -19446.7265625  
4  -20778.1953125  
2  -19048.328125  
4  -20362.40234375  
2  -19190.212890625  
4  -20511.765625  
2  -19409.373046875  
4  -20761.37109375  
2  -19662.337890625  
4  -21040.2578125  
2  -19862.47265625  
4  -21236.4375  
2  -19147.21875  
4  -20471.1640625  
2  -19424.185546875  
4  -20764.19140625  
2  -19424.728515625  
4  -20761.8125  
2  -19201.83984375  
4  -20539.12890625  
2  -19456.740234375  
4  -20794.9609375  
2  -19211.95703125  
4  -20550.859375  
2  -19577.7109375  
4  -20912.29296875  
2  -19733.1796875  
4  -21075.662109375  
2  -19897.935546875  
4  -21253.1484375  
2  -19371.03515625  
4  -20707.234375  
2  -19476.8203125  
4  -20819.607421875  
2  -19447.564453125  
4  -20776.9921875  
2  -19420.72265625  
4  -20777.5390625  
2  -19607.6953125  
4  -20954.677734375  
2  -18977.576171875  
4  -20299.7578125  
2  -19494.24609375  
4  -20834.07421875  
2  -19488.474609375  
4  -20831.73828125  
2  -19270.20703125  
4  -20622.06640625  
2  -19436.265625  
4  -20764.55078125  
2  -19278.748046875  
4  -20591.26171875  
2  -19036.173828125  
4  -20347.99609375  
2  -19181.208984375  
4  -20501.86328125  
2  -18910.05078125  
4  -20211.037109375  
2  -19432.064453125  
4  -20747.41796875  
2  -19349.45703125  
4  -20665.83984375  
2  -19761.681640625  
4  -21132.892578125  
2  -19683.685546875  
4  -21004.369140625  
2  -19936.033203125  
4  -21312.849609375  
2  -19593.5859375  
4  -20945.171875  
2  -19373.3671875  
4  -20705.501953125  
2  -19509.455078125  
4  -20841.6328125  
2  -19625.51171875  
4  -20955.6328125  
2  -19243.763671875  
4  -20575.330078125  
2  -19360.83984375  
4  -20711.328125  
2  -19469.83203125  
4  -20811.8046875  
2  -19751.794921875  
4  -21104.58203125  
2  -19402.17578125  
4  -20710.265625  
2  -19127.943359375  
4  -20439.951171875  
2  -19749.09765625  
4  -21104.6015625  
2  -19435.353515625  
4  -20765.8671875  
2  -18984.177734375  
4  -20286.89453125  
2  -19227.11328125  
4  -20561.67578125  
2  -19261.25  
4  -20575.8828125  
2  -19202.552734375  
4  -20506.04296875  
2  -19387.484375  
4  -20714.3984375  
2  -18917.916015625  
4  -20214.76953125  
2  -19737.7421875  
4  -21094.7109375  
2  -19343.53125  
4  -20685.2890625  
2  -19737.578125  
4  -21098.98828125  
2  -19583.201171875  
4  -20931.623046875  
2  -19099.142578125  
4  -20404.509765625  
2  -19540.48046875  
4  -20863.41015625  
2  -19851.75  
4  -21212.2265625  
2  -19518.375  
4  -20856.24609375  
2  -19471.306640625  
4  -20801.06640625  
2  -19322.9296875  
4  -20645.376953125  
2  -19572.8984375  
4  -20923.251953125  
2  -19387.6328125  
4  -20737.19921875  
2  -19726.6171875  
4  -21061.712890625  
2  -20063.765625  
4  -21434.0859375  
2  -19354.93359375  
4  -20679.734375  
2  -19746.4609375  
4  -21104.86328125  
2  -19739.447265625  
4  -21107.1875  
2  -19329.103515625  
4  -20668.865234375  
2  -19584.875  
4  -20929.87109375  
2  -19719.05078125  
4  -21073.2109375  
2  -19813.439453125  
4  -21179.296875  
2  -19520.78515625  
4  -20878.87890625  
2  -19355.8828125  
4  -20684.3984375  
2  -19513.314453125  
4  -20862.9765625  
2  -19843.71484375  
4  -21216.25390625  
2  -20175.15234375  
4  -21573.68359375  
2  -19389.396484375  
4  -20730.78515625  
2  -19249.21484375  
4  -20579.41015625  
2  -19526.15234375  
4  -20885.1953125  
2  -19667.62890625  
4  -21040.7578125  
2  -19522.46875  
4  -20844.046875  
2  -19569.83203125  
4  -20907.818359375  
2  -19335.44140625  
4  -20672.4921875  
2  -19256.970703125  
4  -20584.91015625  
2  -19106.66015625  
4  -20427.70703125  
2  -19653.759765625  
4  -21011.962890625  
2  -19714.759765625  
4  -21075.8515625  
2  -18944.990234375  
4  -20260.439453125  
2  -19377.08984375  
4  -20719.412109375  
2  -18771.2578125  
4  -20060.81640625  
2  -19477.919921875  
4  -20801.615234375  
2  -19823.8046875  
4  -21186.025390625  
2  -19026.693359375  
4  -20347.869140625  
2  -19809.359375  
4  -21165.74609375  
2  -19058.48046875  
4  -20338.28515625  
2  -19231.44921875  
4  -20543.84765625  
2  -19333.53515625  
4  -20642.453125  
2  -19130.36328125  
4  -20427.193359375  
2  -19278.0078125  
4  -20600.296875  
2  -19617.322265625  
4  -20980.12109375  
2  -19596.0  
4  -20941.45703125  
2  -19189.240234375  
4  -20503.021484375  
2  -19237.6640625  
4  -20553.68359375  
2  -19089.41015625  
4  -20411.4375  
2  -19654.03125  
4  -21004.41796875  
2  -19507.67578125  
4  -20833.662109375  
2  -19068.65625  
4  -20403.640625  
2  -19758.8359375  
4  -21126.703125  
2  -19399.5625  
4  -20736.1484375  
2  -19289.046875  
4  -20609.712890625  
2  -19269.25  
4  -20571.330078125  
2  -19756.693359375  
4  -21083.09765625  
2  -19539.65234375  
4  -20898.86328125  
2  -19431.6953125  
4  -20757.880859375  
2  -19754.55078125  
4  -21122.283203125  
2  -19781.046875  
4  -21129.099609375  
2  -19711.36328125  
4  -21072.7421875  
2  -18962.408203125  
4  -20262.4140625  
2  -18883.2421875  
4  -20183.98046875  
2  -19123.51953125  
4  -20439.99609375  
2  -19476.66015625  
4  -20823.51171875  
2  -19316.759765625  
4  -20617.640625  
2  -19349.197265625  
4  -20697.798828125  
2  -19462.47265625  
4  -20801.43359375  
2  -19706.95703125  
4  -21070.544921875  
2  -19646.62109375  
4  -20986.955078125  
2  -19518.5234375  
4  -20859.2734375  
2  -19304.279296875  
4  -20614.779296875  
2  -19450.91796875  
4  -20802.017578125  
2  -19696.66796875  
4  -21048.82421875  
2  -19527.47265625  
4  -20878.37890625  
2  -19453.20703125  
4  -20777.34765625  
2  -19298.53515625  
4  -20632.8046875  
2  -19730.578125  
4  -21094.421875  
2  -19950.298828125  
4  -21312.61328125  
2  -19504.43359375  
4  -20842.109375  
2  -19120.052734375  
4  -20434.17578125  
2  -19003.71875  
4  -20320.546875  
2  -19377.697265625  
4  -20686.0  
2  -19486.55078125  
4  -20833.57421875  
2  -19419.126953125  
4  -20755.166015625  
2  -19045.1484375  
4  -20363.68359375  
2  -19841.75390625  
4  -21189.91015625  
2  -19400.9296875  
4  -20744.630859375  
2  -19566.08203125  
4  -20936.8984375  
2  -19560.46875  
4  -20911.330078125  
2  -19328.111328125  
4  -20656.0  
2  -19448.96875  
4  -20774.36328125  
2  -20200.93359375  
4  -21590.69140625  
2  -19543.328125  
4  -20910.71484375  
2  -19801.046875  
4  -21182.921875  
2  -18847.8046875  
4  -20121.921875  
2  -19744.671875  
4  -21114.22265625  
2  -19945.88671875  
4  -21315.486328125  
2  -19721.33984375  
4  -21064.984375  
2  -19299.1328125  
4  -20611.4296875  
2  -19472.83984375  
4  -20830.568359375  
2  -19761.23046875  
4  -21127.35546875  
2  -19381.28515625  
4  -20703.796875  
2  -19560.533203125  
4  -20910.80078125  
2  -20027.94921875  
4  -21416.03125  
2  -19225.080078125  
4  -20550.966796875  
2  -19608.21484375  
4  -20955.21484375  
2  -19621.736328125  
4  -20973.181640625  
2  -19208.95703125  
4  -20517.41796875  
2  -19163.62890625  
4  -20487.943359375  
2  -19246.2734375  
4  -20563.0078125  
2  -19072.94921875  
4  -20374.3359375  
2  -19392.890625  
4  -20716.54296875  
2  -19560.107421875  
4  -20898.6796875  
2  -19396.2265625  
4  -20723.486328125  
2  -19488.3203125  
4  -20845.66796875  
2  -19234.537109375  
4  -20549.38671875  
2  -19283.05078125  
4  -20614.5390625  
2  -19244.73046875  
4  -20579.916015625  
2  -19188.76953125  
4  -20500.390625  
2  -18916.986328125  
4  -20214.13671875  
2  -19089.431640625  
4  -20384.37109375  
2  -18884.07421875  
4  -20159.626953125  
2  -18903.6953125  
4  -20194.046875  
2  -19578.41796875  
4  -20910.193359375  
2  -19618.228515625  
4  -20946.34375  
2  -19502.412109375  
4  -20834.640625  
2  -19381.234375  
4  -20727.095703125  
2  -19914.6171875  
4  -21282.826171875  
2  -19207.15234375  
4  -20544.84765625  
2  -18984.83984375  
4  -20281.1015625  
2  -19290.904296875  
4  -20644.482421875  
2  -19522.619140625  
4  -20873.41796875  
2  -19308.91796875  
4  -20634.140625  
2  -18931.916015625  
4  -20263.23828125  
2  -19262.271484375  
4  -20573.8984375  
2  -19459.06640625  
4  -20808.29296875  
2  -19513.509765625  
4  -20858.71875  
2  -19793.74609375  
4  -21144.21875  
2  -19856.1640625  
4  -21197.798828125  
2  -19073.880859375  
4  -20365.228515625  
2  -19851.45703125  
4  -21193.0859375  
2  -19390.58984375  
4  -20732.67578125  
2  -19320.470703125  
4  -20646.33203125  
2  -19311.38671875  
4  -20639.822265625  
2  -19479.140625  
4  -20822.4296875  
2  -19994.802734375  
4  -21348.42578125  
2  -19674.4921875  
4  -21026.591796875  
2  -19457.12890625  
4  -20787.45703125  
2  -19131.6640625  
4  -20470.546875  
2  -19492.65234375  
4  -20846.671875  
2  -19671.9375  
4  -21014.328125  
2  -19148.01953125  
4  -20480.71484375  
2  -19425.5859375  
4  -20751.39453125  
2  -19501.58984375  
4  -20836.78125  
2  -19613.841796875  
4  -20974.30078125  
2  -19460.55859375  
4  -20803.76171875  
2  -20069.4765625  
4  -21466.35546875  
2  -19758.962890625  
4  -21107.93359375  
2  -19596.7421875  
4  -20942.19921875  
2  -19506.546875  
4  -20840.4921875  
2  -19845.3203125  
4  -21204.72265625  
2  -19725.359375  
4  -21072.07421875  
2  -19175.767578125  
4  -20477.09375  
2  -19094.564453125  
4  -20436.107421875  
2  -19505.03125  
4  -20833.60546875  
2  -19501.08984375  
4  -20846.265625  
2  -19441.48828125  
4  -20779.9296875  
2  -19017.3671875  
4  -20325.861328125  
2  -19142.765625  
4  -20475.1640625  
2  -19143.224609375  
4  -20461.525390625  
2  -19352.80078125  
4  -20676.263671875  
2  -19163.48828125  
4  -20482.181640625  
2  -20104.84765625  
4  -21482.142578125  
2  -19192.931640625  
4  -20506.3046875  
2  -19155.21484375  
4  -20478.021484375  
2  -19269.3828125  
4  -20576.4609375  
2  -19648.322265625  
4  -20998.298828125  
2  -19102.32421875  
4  -20436.869140625  
2  -19396.591796875  
4  -20733.544921875  
2  -19565.763671875  
4  -20908.16796875  
2  -19908.671875  
4  -21260.88671875  
2  -19819.8671875  
4  -21167.75  
2  -19595.078125  
4  -20920.123046875  
2  -19430.0234375  
4  -20755.814453125  
2  -19625.13671875  
4  -20984.1015625  
2  -19158.63671875  
4  -20467.140625  
2  -19498.318359375  
4  -20858.44921875  
2  -19759.125  
4  -21124.83984375  
2  -19806.0234375  
4  -21165.466796875  
2  -19444.4921875  
4  -20794.96875  
2  -19436.69921875  
4  -20769.091796875  
2  -19297.3671875  
4  -20634.08984375  
2  -19746.015625  
4  -21102.396484375  
2  -19310.384765625  
4  -20642.9296875  
2  -19670.03515625  
4  -21028.99609375  
2  -19750.984375  
4  -21108.400390625  
2  -19359.216796875  
4  -20690.759765625  
2  -19578.6015625  
4  -20930.71875  
2  -19177.73046875  
4  -20493.7890625  
2  -19457.384765625  
4  -20798.939453125  
2  -19073.22265625  
4  -20396.330078125  
2  -19587.99609375  
4  -20949.68359375  
2  -19157.22265625  
4  -20477.59765625  
2  -19500.734375  
4  -20840.45703125  
2  -19175.7265625  
4  -20501.482421875  
2  -19480.0  
4  -20819.962890625  
2  -19555.1875  
4  -20898.2265625  
2  -19677.5625  
4  -21029.56640625  
2  -19682.833984375  
4  -21039.36328125  
2  -19588.259765625  
4  -20928.54296875  
2  -19651.59375  
4  -21007.3671875  
2  -18970.703125  
4  -20294.4296875  
2  -19418.265625  
4  -20752.5859375  
2  -19267.087890625  
4  -20586.5390625  
2  -19686.486328125  
4  -21041.98828125  
2  -19845.93359375  
4  -21202.46875  
2  -19125.0078125  
4  -20435.060546875  
2  -19656.869140625  
4  -21017.48828125  
2  -19162.71484375  
4  -20493.2734375  
2  -19741.70703125  
4  -21100.22265625  
2  -19493.25390625  
4  -20818.9375  
2  -19019.46875  
4  -20328.4296875  
2  -19624.337890625  
4  -20955.625  
2  -19588.107421875  
4  -20944.076171875  
2  -19657.533203125  
4  -21008.84375  
2  -19926.11328125  
4  -21301.017578125  
2  -19739.37890625  
4  -21100.091796875  
2  -19534.60546875  
4  -20884.53125  
2  -19775.1875  
4  -21141.85546875  
2  -19377.9609375  
4  -20710.609375  
2  -19520.234375  
4  -20857.435546875  
2  -19778.759765625  
4  -21132.353515625  
2  -19771.7265625  
4  -21116.716796875  
2  -19613.4453125  
4  -20962.7734375  
2  -19465.71875  
4  -20807.39453125  
2  -19707.23828125  
4  -21061.54296875  
2  -19921.0  
4  -21310.89453125  
2  -19588.609375  
4  -20934.5078125  
2  -19787.84765625  
4  -21139.1171875  
2  -19527.3125  
4  -20854.66015625  
2  -19406.80078125  
4  -20758.4765625  
2  -19489.177734375  
4  -20840.36328125  
2  -19543.349609375  
4  -20895.361328125  
2  -19232.84375  
4  -20558.11328125  
2  -19867.6328125  
4  -21261.85546875  
2  -19488.078125  
4  -20811.451171875  
2  -18660.896484375  
4  -19938.49609375  
2  -18805.93359375  
4  -20113.083984375  
2  -19469.734375  
4  -20812.79296875  
2  -19174.857421875  
4  -20505.099609375  
2  -18976.462890625  
4  -20274.50390625  
2  -19456.83984375  
4  -20786.8125  
2  -19506.94140625  
4  -20853.1875  
2  -19785.23828125  
4  -21160.208984375  
2  -19663.26953125  
4  -21016.609375  
2  -19709.740234375  
4  -21071.41796875  
2  -19383.82421875  
4  -20729.08203125  
2  -19392.111328125  
4  -20733.23046875  
2  -18808.41796875  
4  -20111.078125  
2  -19256.85546875  
4  -20593.53515625  
2  -19282.939453125  
4  -20603.640625  
2  -19648.125  
4  -20988.0  
2  -19994.970703125  
4  -21368.376953125  
2  -19256.4609375  
4  -20577.79296875  
2  -18883.578125  
4  -20194.400390625  
2  -19484.1640625  
4  -20826.02734375  
2  -19467.345703125  
4  -20798.87109375  
2  -19548.8984375  
4  -20873.830078125  
2  -19217.2421875  
4  -20561.287109375  
2  -19165.97265625  
4  -20494.244140625  
2  -19863.69921875  
4  -21219.76171875  
2  -19312.44140625  
4  -20625.07421875  
2  -19284.0859375  
4  -20620.74609375  
2  -19382.37109375  
4  -20712.515625  
2  -19929.794921875  
4  -21285.25  
2  -19626.0078125  
4  -20982.447265625  
2  -19453.951171875  
4  -20790.6953125  
2  -19316.48046875  
4  -20628.509765625  
2  -19760.54296875  
4  -21103.66015625  
2  -19095.45703125  
4  -20404.68359375  
2  -18996.5546875  
4  -20296.33984375  
2  -20012.98828125  
4  -21395.93359375  
2  -19204.01171875  
4  -20534.92578125  
2  -19463.0390625  
4  -20800.51171875  
2  -19492.029296875  
4  -20827.984375  
2  -19019.6875  
4  -20339.73046875  
2  -20022.76953125  
4  -21398.75  
2  -19407.138671875  
4  -20741.37109375  
2  -19765.625  
4  -21113.166015625  
2  -19496.298828125  
4  -20840.70703125  
2  -19361.462890625  
4  -20691.75390625  
2  -19446.55859375  
4  -20763.751953125  
2  -19562.873046875  
4  -20896.767578125  
2  -19394.65625  
4  -20729.205078125  
2  -19507.7734375  
4  -20847.822265625  
2  -19392.74609375  
4  -20734.3515625  
2  -19747.654296875  
4  -21101.56640625  
2  -19717.896484375  
4  -21066.068359375  
2  -19298.64453125  
4  -20594.34765625  
2  -19282.64453125  
4  -20596.69140625  
2  -19310.95703125  
4  -20621.25390625  
2  -19607.53515625  
4  -20968.60546875  
2  -19799.546875  
4  -21154.4609375  
2  -19027.521484375  
4  -20325.26953125  
2  -19085.421875  
4  -20395.42578125  
2  -19374.5546875  
4  -20701.935546875  
2  -19593.25390625  
4  -20924.65234375  
2  -19138.53125  
4  -20438.26953125  
2  -18978.916015625  
4  -20283.921875  
2  -19438.314453125  
4  -20762.33984375  
2  -19402.58984375  
4  -20713.369140625  
2  -19768.30078125  
4  -21124.0234375  
2  -19593.29296875  
4  -20925.58203125  
2  -19476.859375  
4  -20812.41015625  
2  -19206.88671875  
4  -20535.912109375  
2  -19416.615234375  
4  -20746.77734375  
2  -19712.349609375  
4  -21085.896484375  
2  -19806.98828125  
4  -21178.71484375  
2  -19070.109375  
4  -20374.00390625  
2  -19319.546875  
4  -20653.205078125  
2  -18937.625  
4  -20231.328125  
2  -19572.962890625  
4  -20939.21484375  
2  -19612.73828125  
4  -20961.859375  
2  -19372.568359375  
4  -20714.673828125  
2  -19261.408203125  
4  -20585.56640625  
2  -19471.0234375  
4  -20824.26953125  
2  -19787.5078125  
4  -21144.220703125  
2  -19053.71875  
4  -20349.263671875  
2  -19647.830078125  
4  -21023.26171875  
2  -19262.609375  
4  -20585.01171875  
2  -20057.8359375  
4  -21452.21875  
2  -19631.154296875  
4  -20979.15625  
2  -19086.24609375  
4  -20400.4921875  
2  -19644.29296875  
4  -20999.703125  
2  -19556.95703125  
4  -20881.4453125  
2  -19864.333984375  
4  -21244.3046875  
2  -19850.66015625  
4  -21190.99609375  
2  -19274.23828125  
4  -20605.47265625  
2  -19387.837890625  
4  -20728.6015625  
2  -19435.234375  
4  -20784.40234375  
2  -19512.08203125  
4  -20867.94140625  
2  -19195.16796875  
4  -20503.109375  
2  -18722.2890625  
4  -20019.3203125  
2  -19564.986328125  
4  -20922.68359375  
2  -19491.6171875  
4  -20821.97265625  
2  -19365.337890625  
4  -20690.578125  
2  -19709.419921875  
4  -21052.78515625  
2  -19764.8046875  
4  -21106.51171875  
2  -19634.890625  
4  -20982.51171875  
2  -19635.27734375  
4  -21008.017578125  
2  -19330.97265625  
4  -20653.021484375  
2  -19583.328125  
4  -20935.537109375  
2  -18942.625  
4  -20267.330078125  
2  -19382.7734375  
4  -20722.88671875  
2  -19330.765625  
4  -20642.673828125  
2  -19592.53515625  
4  -20943.00390625  
2  -19602.6796875  
4  -20965.4296875  
2  -19474.787109375  
4  -20806.94921875  
2  -19161.18359375  
4  -20480.08203125  
2  -19132.13671875  
4  -20447.634765625  
2  -19533.234375  
4  -20877.8828125  
2  -19382.396484375  
4  -20722.37890625  
2  -18877.1015625  
4  -20175.009765625  
2  -19448.775390625  
4  -20798.396484375  
2  -19187.84375  
4  -20495.986328125  
2  -19370.62109375  
4  -20702.66796875  
2  -19252.09765625  
4  -20591.6171875  
2  -19190.333984375  
4  -20485.63671875  
2  -19055.71484375  
4  -20373.71484375  
2  -19554.02734375  
4  -20897.423828125  
2  -19211.923828125  
4  -20533.9921875  
2  -19863.67578125  
4  -21217.71875  
2  -19286.03125  
4  -20622.11328125  
2  -19161.48828125  
4  -20495.173828125  
2  -19699.84765625  
4  -21043.34765625  
2  -19497.1953125  
4  -20860.81640625  
2  -19746.234375  
4  -21092.884765625  
2  -19751.06640625  
4  -21115.48046875  
2  -19243.8359375  
4  -20557.01171875  
2  -19385.72265625  
4  -20713.876953125  
2  -19264.443359375  
4  -20592.9375  
2  -18886.00390625  
4  -20178.1953125  
2  -19654.921875  
4  -21005.6484375  
2  -18891.447265625  
4  -20174.3671875  
2  -19233.7578125  
4  -20568.150390625  
2  -19921.578125  
4  -21286.283203125  
2  -19149.904296875  
4  -20460.98828125  
2  -19563.228515625  
4  -20915.28515625  
2  -19190.74609375  
4  -20511.28515625  
2  -19655.353515625  
4  -20985.744140625  
2  -19469.75390625  
4  -20801.59765625  
2  -19529.640625  
4  -20864.89453125  
2  -19666.654296875  
4  -21017.955078125  
2  -19520.611328125  
4  -20862.658203125  
2  -18928.5859375  
4  -20231.0078125  
2  -19338.6484375  
4  -20665.923828125  
2  -19416.763671875  
4  -20740.328125  
2  -18556.80859375  
4  -19832.595703125  
2  -19535.498046875  
4  -20876.75390625  
2  -19768.5234375  
4  -21129.02734375  
2  -19597.265625  
4  -20956.212890625  
2  -19522.26953125  
4  -20873.98046875  
2  -19525.298828125  
4  -20866.796875  
2  -19810.912109375  
4  -21175.52734375  
2  -19318.173828125  
4  -20615.12890625  
2  -19501.564453125  
4  -20843.6953125  
2  -19746.970703125  
4  -21102.5078125  
2  -19006.009765625  
4  -20338.88671875  
2  -19614.4609375  
4  -20965.1171875  
2  -19780.84765625  
4  -21136.37109375  
2  -19178.88671875  
4  -20504.7890625  
2  -19672.701171875  
4  -21021.921875  
2  -19630.412109375  
4  -20980.146484375  
2  -19575.478515625  
4  -20921.779296875  
2  -18993.06640625  
4  -20293.01171875  
2  -19678.416015625  
4  -21008.44921875  
2  -18996.21875  
4  -20301.2421875  
2  -19066.125  
4  -20379.59375  
2  -19698.86328125  
4  -21030.92578125  
2  -19464.69140625  
4  -20802.142578125  
2  -19059.27734375  
4  -20352.19140625  
2  -18919.3359375  
4  -20219.5703125  
2  -19146.357421875  
4  -20463.55859375  
2  -19395.126953125  
4  -20727.396484375  
2  -18919.404296875  
4  -20217.97265625  
2  -19004.28125  
4  -20316.529296875  
2  -19427.255859375  
4  -20767.447265625  
2  -19827.779296875  
4  -21187.16796875  
2  -18883.95703125  
4  -20194.33984375  
2  -19582.66796875  
4  -20925.357421875  
2  -19651.126953125  
4  -21005.10546875  
2  -19287.58984375  
4  -20631.03515625  
2  -19876.13671875  
4  -21224.68359375  
2  -19251.392578125  
4  -20555.298828125  
2  -19550.408203125  
4  -20869.5625  
2  -19367.818359375  
4  -20689.296875  
2  -19657.03125  
4  -21013.419921875  
2  -19429.109375  
4  -20789.6015625  
2  -19436.234375  
4  -20781.3203125  
2  -19324.5  
4  -20657.12109375  
2  -19191.26171875  
4  -20497.76171875  
2  -19362.90234375  
4  -20700.44921875  
2  -19204.20703125  
4  -20537.66015625  
2  -19572.486328125  
4  -20912.2265625  
2  -19419.3671875  
4  -20745.8359375  
2  -19434.595703125  
4  -20766.212890625  
2  -19407.48046875  
4  -20747.86328125  
2  -19325.765625  
4  -20656.7421875  
2  -19351.962890625  
4  -20661.6953125  
2  -19461.45703125  
4  -20793.53125  
2  -19780.935546875  
4  -21130.87109375  
2  -19469.453125  
4  -20821.53125  
2  -19664.130859375  
4  -21003.89453125  
2  -19495.263671875  
4  -20841.169921875  
2  -19845.849609375  
4  -21230.029296875  
2  -19316.0390625  
4  -20643.23828125  
2  -19684.91015625  
4  -21022.6015625  
2  -19147.18359375  
4  -20468.87109375  
2  -19758.76171875  
4  -21126.46484375  
2  -19132.189453125  
4  -20441.55078125  
2  -19582.37890625  
4  -20944.828125  
2  -19115.07421875  
4  -20427.578125  
2  -19831.19140625  
4  -21187.39453125  
2  -19368.578125  
4  -20698.359375  
2  -19353.1171875  
4  -20674.896484375  
2  -19244.3515625  
4  -20567.375  
2  -19205.453125  
4  -20537.765625  
2  -19777.03125  
4  -21133.509765625  
2  -19396.296875  
4  -20728.4921875  
2  -19573.8125  
4  -20912.17578125  
2  -19437.658203125  
4  -20784.59765625  
2  -19163.109375  
4  -20491.818359375  
2  -19461.6640625  
4  -20808.99609375  
2  -19329.44921875  
4  -20644.71484375  
2  -19810.09375  
4  -21164.92578125  
2  -19665.109375  
4  -21012.197265625  
2  -19268.189453125  
4  -20582.71875  
2  -19117.869140625  
4  -20426.28125  
2  -19269.71875  
4  -20592.39453125  
2  -19237.5234375  
4  -20574.693359375  
2  -19092.951171875  
4  -20429.29296875  
2  -19502.00390625  
4  -20842.05859375  
2  -19401.21484375  
4  -20733.0625  
2  -19584.171875  
4  -20918.27734375  
2  -19900.69921875  
4  -21268.146484375  
2  -19499.72265625  
4  -20857.15625  
2  -19457.21484375  
4  -20783.4375  
2  -19421.21484375  
4  -20765.3046875  
2  -19335.978515625  
4  -20677.400390625  
2  -19532.73046875  
4  -20878.05859375  
2  -19221.68359375  
4  -20543.80859375  
2  -19574.603515625  
4  -20942.396484375  
2  -19441.0  
4  -20803.015625  
2  -19417.482421875  
4  -20756.86328125  
2  -19972.984375  
4  -21360.78125  
2  -19464.787109375  
4  -20796.65234375  
2  -19685.7734375  
4  -21031.83203125  
2  -19679.37109375  
4  -21036.52734375  
2  -19143.681640625  
4  -20468.220703125  
2  -19435.025390625  
4  -20760.509765625  
2  -19233.83203125  
4  -20555.923828125  
2  -19493.83203125  
4  -20845.79296875  
2  -19749.55859375  
4  -21116.017578125  
2  -19387.73046875  
4  -20716.84375  
2  -19691.8203125  
4  -21050.3203125  
2  -19428.83984375  
4  -20765.8984375  
2  -19398.4375  
4  -20757.86328125  
2  -19706.05078125  
4  -21055.5703125  
2  -19958.33984375  
4  -21326.876953125  
2  -19319.3125  
4  -20645.576171875  
2  -19460.35546875  
4  -20792.169921875  
2  -19893.271484375  
4  -21260.2578125  
2  -19503.625  
4  -20837.84765625  
2  -19403.39453125  
4  -20755.31640625  
2  -20158.154296875  
4  -21539.88671875  
2  -19856.24609375  
4  -21220.859375  
2  -19776.736328125  
4  -21134.82421875  
2  -19727.453125  
4  -21088.806640625  
2  -19289.515625  
4  -20619.171875  
2  -19278.5078125  
4  -20596.888671875  
2  -19347.3828125  
4  -20664.25  
2  -19107.037109375  
4  -20429.98046875  
2  -19078.078125  
4  -20402.19140625  
2  -19478.08984375  
4  -20813.4296875  
2  -19660.625  
4  -21025.01171875  
2  -19471.37109375  
4  -20802.90625  
2  -19462.45703125  
4  -20796.265625  
2  -19457.0703125  
4  -20791.701171875  
2  -19395.94140625  
4  -20752.65625  
2  -19786.544921875  
4  -21148.25  
2  -19320.125  
4  -20646.28515625  
2  -19909.431640625  
4  -21264.2421875  
2  -19649.173828125  
4  -20994.91796875  
2  -19321.15625  
4  -20659.9453125  
2  -19593.59765625  
4  -20909.1328125  
2  -19869.4140625  
4  -21235.814453125  
2  -19043.26953125  
4  -20356.796875  
2  -19288.24609375  
4  -20615.671875  
2  -19371.33984375  
4  -20699.0234375  
2  -19248.984375  
4  -20577.634765625  
2  -19716.62109375  
4  -21073.029296875  
2  -19409.30078125  
4  -20739.28125  
2  -19850.12890625  
4  -21217.771484375  
2  -19320.5234375  
4  -20644.82421875  
2  -19686.025390625  
4  -21031.33203125  
2  -19668.888671875  
4  -21041.591796875  
2  -19391.82421875  
4  -20726.43359375  
2  -19301.6640625  
4  -20635.84375  
2  -19874.91015625  
4  -21239.880859375  
2  -19278.408203125  
4  -20614.91796875  
2  -19332.171875  
4  -20656.00390625  
2  -19536.08984375  
4  -20878.02734375  
2  -18780.484375  
4  -20088.74609375  
2  -19400.421875  
4  -20767.775390625  
2  -19309.798828125  
4  -20639.71875  
2  -19287.939453125  
4  -20620.58984375  
2  -19837.11328125  
4  -21200.232421875  
2  -19376.728515625  
4  -20722.515625  
2  -19126.984375  
4  -20444.71484375  
2  -19963.078125  
4  -21325.021484375  
2  -19295.97265625  
4  -20627.900390625  
2  -19442.6328125  
4  -20787.73046875  
2  -20028.32421875  
4  -21384.521484375  
2  -19383.42578125  
4  -20723.47265625  
2  -19223.34765625  
4  -20542.478515625  
2  -19478.041015625  
4  -20805.646484375  
2  -19379.328125  
4  -20706.19921875  
2  -19553.96484375  
4  -20899.58984375  
2  -19424.796875  
4  -20758.93359375  
2  -19588.630859375  
4  -20950.890625  
2  -19225.4765625  
4  -20542.837890625  
2  -19304.37109375  
4  -20607.5859375  
2  -19597.84765625  
4  -20934.65625  
2  -19622.009765625  
4  -20963.76953125  
2  -18643.0859375  
4  -19933.42578125  
2  -19583.306640625  
4  -20927.41015625  
2  -19199.537109375  
4  -20509.12890625  
2  -19201.28125  
4  -20549.513671875  
2  -19321.88671875  
4  -20636.515625  
2  -19140.076171875  
4  -20443.5546875  
2  -19443.0546875  
4  -20775.30078125  
2  -19396.203125  
4  -20718.15625  
2  -19088.55859375  
4  -20384.71484375  
2  -19383.189453125  
4  -20702.19140625  
2  -19239.623046875  
4  -20562.40234375  
2  -19034.912109375  
4  -20342.65625  
2  -19133.046875  
4  -20437.16015625  
2  -19014.712890625  
4  -20305.13671875  
2  -19674.59375  
4  -21025.625  
2  -19398.24609375  
4  -20716.96875  
2  -19471.29296875  
4  -20810.1171875  
2  -19641.74609375  
4  -20974.328125  
2  -19605.4140625  
4  -20956.5546875  
2  -18993.1171875  
4  -20290.65234375  
2  -19807.28515625  
4  -21169.671875  
2  -19845.9375  
4  -21210.26953125  
2  -19554.85546875  
4  -20893.8046875  
2  -19781.681640625  
4  -21146.453125  
2  -19105.150390625  
4  -20430.671875  
2  -19516.96875  
4  -20878.5859375  
2  -19235.46875  
4  -20563.2421875  
2  -19476.97265625  
4  -20799.056640625  
2  -19135.484375  
4  -20463.677734375  
2  -19530.693359375  
4  -20874.71484375  
2  -19495.451171875  
4  -20827.955078125  
2  -19388.943359375  
4  -20725.4296875  
2  -19441.208984375  
4  -20771.8359375  
2  -18913.0546875  
4  -20215.01953125  
2  -19187.30859375  
4  -20500.177734375  
2  -19758.02734375  
4  -21109.712890625  
2  -19503.091796875  
4  -20835.998046875  
2  -19519.873046875  
4  -20836.23046875  
2  -19248.13671875  
4  -20563.58203125  
2  -19981.4375  
4  -21339.5078125  
2  -19707.09765625  
4  -21054.4453125  
2  -19715.28125  
4  -21068.046875  
2  -19705.38671875  
4  -21058.02734375  
2  -19526.51171875  
4  -20873.7578125  
2  -19535.5234375  
4  -20878.0234375  
2  -19312.67578125  
4  -20662.28515625  
2  -19335.16015625  
4  -20670.8828125  
2  -19732.6328125  
4  -21080.08984375  
2  -19240.8359375  
4  -20554.236328125  
2  -19249.580078125  
4  -20572.1484375  
2  -19680.134765625  
4  -21027.419921875  
2  -19174.875  
4  -20508.580078125  
2  -19216.1015625  
4  -20521.822265625  
2  -19516.71484375  
4  -20872.09375  
2  -19188.97265625  
4  -20512.998046875  
2  -19895.841796875  
4  -21250.9921875  
2  -19475.60546875  
4  -20824.58984375  
2  -19677.6953125  
4  -21027.5078125  
2  -19764.091796875  
4  -21121.486328125  
2  -19813.90234375  
4  -21187.279296875  
2  -19344.69921875  
4  -20683.60546875  
2  -19574.87890625  
4  -20914.86328125  
2  -19658.62109375  
4  -21016.52734375  
2  -20031.828125  
4  -21413.26171875  
2  -19551.05859375  
4  -20902.01171875  
2  -19724.603515625  
4  -21082.18359375  
2  -19007.1953125  
4  -20305.01171875  
2  -19243.33984375  
4  -20581.79296875  
2  -19362.109375  
4  -20717.49609375  
2  -19610.4609375  
4  -20974.84375  
2  -19444.390625  
4  -20789.94140625  
2  -19779.857421875  
4  -21128.765625  
2  -19953.4921875  
4  -21311.45703125  
2  -19359.212890625  
4  -20699.244140625  
2  -19290.48828125  
4  -20604.36328125  
2  -19479.26953125  
4  -20842.69921875  
2  -18872.16015625  
4  -20191.44921875  
2  -19752.0  
4  -21099.84375  
2  -19568.494140625  
4  -20906.0703125  
2  -19270.92578125  
4  -20604.814453125  
2  -19312.63671875  
4  -20615.919921875  
2  -19167.08984375  
4  -20476.626953125  
2  -19454.78515625  
4  -20788.255859375  
2  -19113.41796875  
4  -20411.302734375  
2  -20291.513671875  
4  -21684.4921875  
2  -19729.505859375  
4  -21076.416015625  
2  -19383.8203125  
4  -20724.6875  
2  -19333.0078125  
4  -20648.3515625  
2  -19550.056640625  
4  -20902.4296875  
2  -19176.13671875  
4  -20503.26171875  
2  -19435.34765625  
4  -20780.1640625  
2  -19129.19921875  
4  -20464.4453125  
2  -19507.5859375  
4  -20854.78515625  
2  -19484.26171875  
4  -20808.36328125  
2  -19197.53125  
4  -20514.740234375  
2  -19408.6796875  
4  -20751.3359375  
2  -19624.125  
4  -20957.3359375  
2  -19129.015625  
4  -20420.927734375  
2  -19265.0625  
4  -20583.484375  
2  -19422.123046875  
4  -20764.7734375  
2  -19734.646484375  
4  -21093.69921875  
2  -19779.32421875  
4  -21135.05859375  
2  -19790.376953125  
4  -21159.21484375  
2  -19734.220703125  
4  -21093.359375  
2  -19439.982421875  
4  -20781.00390625  
2  -19410.3828125  
4  -20743.0390625  
2  -18668.6875  
4  -19961.716796875  
2  -19091.73046875  
4  -20414.21484375  
2  -18926.119140625  
4  -20220.5  
2  -19471.39453125  
4  -20812.890625  
2  -19518.671875  
4  -20861.06640625  
2  -19373.85546875  
4  -20697.287109375  
2  -19757.037109375  
4  -21115.02734375  
2  -19586.640625  
4  -20950.08203125  
2  -19892.3359375  
4  -21268.44921875  
2  -19361.796875  
4  -20696.2421875  
2  -19677.73046875  
4  -21010.240234375  
2  -19504.017578125  
4  -20835.3984375  
2  -19612.30078125  
4  -20948.3515625  
2  -19119.40234375  
4  -20457.294921875  
2  -19315.244140625  
4  -20636.189453125  
2  -19273.080078125  
4  -20609.51953125  
2  -19522.189453125  
4  -20863.53125  
2  -19765.4296875  
4  -21111.26953125  
2  -20133.73046875  
4  -21511.099609375  
2  -19492.916015625  
4  -20846.90625  
